Input data A: Input data B: 
A = 23
	|-> Sign_A = 0
	|-> Exp_A = 131 (bias=127, exp=4)
	|-> Mant_A = 01110000000000000000000

B = 32
	|-> Sign_B = 0
	|-> Exp_B = 132 (bias=127, exp=5)
	|-> Mant_B = 00000000000000000000000

+ = 55
	|-> Sign_+ = 0
	|-> Exp_+ = 132 (bias=127, exp=5)
	|-> Mant_+ = 10111000000000000000000

- = -9
	|-> Sign_- = 1
	|-> Exp_- = 130 (bias=127, exp=3)
	|-> Mant_- = 00100000000000000000000

* = 736
	|-> Sign_* = 0
	|-> Exp_* = 136 (bias=127, exp=9)
	|-> Mant_* = 01110000000000000000000

/ = 0.71875
	|-> Sign_/ = 0
	|-> Exp_/ = 126 (bias=127, exp=-1)
	|-> Mant_/ = 01110000000000000000000
