Analysis & Synthesis report for FPU_unit
Sat Oct 18 20:38:49 2025
Quartus Prime Version 24.1std.0 Build 1077 03/04/2025 SC Lite Edition


---------------------
; Table of Contents ;
---------------------
  1. Legal Notice
  2. Analysis & Synthesis Summary
  3. Analysis & Synthesis Settings
  4. Parallel Compilation
  5. Analysis & Synthesis Source Files Read
  6. Analysis & Synthesis Resource Usage Summary
  7. Analysis & Synthesis Resource Utilization by Entity
  8. Registers Removed During Synthesis
  9. General Register Statistics
 10. Multiplexer Restructuring Statistics (Restructuring Performed)
 11. Parameter Settings for User Entity Instance: Top-level Entity: |FPU_unit
 12. Parameter Settings for User Entity Instance: FPU_32bit:FPUT_UNIT
 13. Parameter Settings for User Entity Instance: FPU_32bit:FPUT_UNIT|EXP_unit:EXP_UNIT
 14. Parameter Settings for User Entity Instance: FPU_32bit:FPUT_UNIT|EXP_unit:EXP_UNIT|EXP_diff_exponent:EXP_DIFF_EXPONENT_UNIT
 15. Parameter Settings for User Entity Instance: FPU_32bit:FPUT_UNIT|EXP_unit:EXP_UNIT|EXP_diff_exponent:EXP_DIFF_EXPONENT_UNIT|EXP_swap:EX_SWAP_UNIT
 16. Parameter Settings for User Entity Instance: FPU_32bit:FPUT_UNIT|EXP_unit:EXP_UNIT|EXP_diff_exponent:EXP_DIFF_EXPONENT_UNIT|EXP_sub:EXP_SUB_UNIT
 17. Parameter Settings for User Entity Instance: FPU_32bit:FPUT_UNIT|EXP_unit:EXP_UNIT|EXP_adjust:EXP_ADJUST_UNIT
 18. Parameter Settings for User Entity Instance: FPU_32bit:FPUT_UNIT|MANTISSA_unit:MANTISSA_UNTI
 19. Parameter Settings for User Entity Instance: FPU_32bit:FPUT_UNIT|MANTISSA_unit:MANTISSA_UNTI|MANTISSA_shf_right:MANTISSA_UNIT
 20. Parameter Settings for User Entity Instance: FPU_32bit:FPUT_UNIT|MANTISSA_unit:MANTISSA_UNTI|MANTISSA_shf_right:MANTISSA_UNIT|SHF_unit:SHF_shift_right_unit
 21. Parameter Settings for User Entity Instance: FPU_32bit:FPUT_UNIT|MANTISSA_unit:MANTISSA_UNTI|MANTISSA_shf_right:MANTISSA_UNIT|SHF_unit:SHF_shift_right_unit|SHF_shift_right:GEN_SHIFT_RIGHT.SHF_SHIFT_RIGHT
 22. Parameter Settings for User Entity Instance: FPU_32bit:FPUT_UNIT|MANTISSA_unit:MANTISSA_UNTI|MANTISSA_swap:MANTISSA_swap_UNIT
 23. Parameter Settings for User Entity Instance: FPU_32bit:FPUT_UNIT|MANTISSA_unit:MANTISSA_UNTI|ALU_unit:ALU_UNIT
 24. Parameter Settings for User Entity Instance: FPU_32bit:FPUT_UNIT|MANTISSA_unit:MANTISSA_UNTI|ALU_unit:ALU_UNIT|SUM_unit:ALU_COMM_UNIT
 25. Parameter Settings for User Entity Instance: FPU_32bit:FPUT_UNIT|FPU_normalization:FPU_NOR_UNIT
 26. Parameter Settings for User Entity Instance: FPU_32bit:FPUT_UNIT|FPU_normalization:FPU_NOR_UNIT|SHF_shift_right:SHF_UNIT
 27. Parameter Settings for User Entity Instance: FPU_32bit:FPUT_UNIT|FPU_rounding_hardware:FPU_ROUDING_UNIT
 28. Port Connectivity Checks: "FPU_32bit:FPUT_UNIT|FPU_rounding_hardware:FPU_ROUDING_UNIT"
 29. Port Connectivity Checks: "FPU_32bit:FPUT_UNIT|FPU_normalization:FPU_NOR_UNIT|SHF_shift_right:SHF_UNIT"
 30. Port Connectivity Checks: "FPU_32bit:FPUT_UNIT|FPU_normalization:FPU_NOR_UNIT|LOPD_32bit:LOPD_unit|LOPD_16bit:LOPD_16bit_unit_1"
 31. Port Connectivity Checks: "FPU_32bit:FPUT_UNIT|FPU_normalization:FPU_NOR_UNIT|LOPD_32bit:LOPD_unit|LOPD_16bit:LOPD_16bit_unit_0"
 32. Port Connectivity Checks: "FPU_32bit:FPUT_UNIT|FPU_normalization:FPU_NOR_UNIT|LOPD_32bit:LOPD_unit"
 33. Port Connectivity Checks: "FPU_32bit:FPUT_UNIT|MANTISSA_unit:MANTISSA_UNTI|MANTISSA_shf_right:MANTISSA_UNIT"
 34. Port Connectivity Checks: "FPU_32bit:FPUT_UNIT|MANTISSA_unit:MANTISSA_UNTI"
 35. Port Connectivity Checks: "FPU_32bit:FPUT_UNIT|EXP_unit:EXP_UNIT|EXP_adjust:EXP_ADJUST_UNIT|CLA_8bit:CLA_8BIT_UNIT"
 36. Port Connectivity Checks: "FPU_32bit:FPUT_UNIT|EXP_unit:EXP_UNIT|EXP_diff_exponent:EXP_DIFF_EXPONENT_UNIT|EXP_sub:EXP_SUB_UNIT|CLA_8bit:CLA_8BIT_UNIT"
 37. Port Connectivity Checks: "FPU_32bit:FPUT_UNIT|EXP_unit:EXP_UNIT"
 38. Post-Synthesis Netlist Statistics for Top Partition
 39. Elapsed Time Per Partition
 40. Analysis & Synthesis Messages



----------------
; Legal Notice ;
----------------
Copyright (C) 2025  Altera Corporation. All rights reserved.
Your use of Altera Corporation's design tools, logic functions 
and other software and tools, and any partner logic 
functions, and any output files from any of the foregoing 
(including device programming or simulation files), and any 
associated documentation or information are expressly subject 
to the terms and conditions of the Altera Program License 
Subscription Agreement, the Altera Quartus Prime License Agreement,
the Altera IP License Agreement, or other applicable license
agreement, including, without limitation, that your use is for
the sole purpose of programming logic devices manufactured by
Altera and sold by Altera or its authorized distributors.  Please
refer to the Altera Software License Subscription Agreements 
on the Quartus Prime software download page.



+-----------------------------------------------------------------------------------+
; Analysis & Synthesis Summary                                                      ;
+---------------------------------+-------------------------------------------------+
; Analysis & Synthesis Status     ; Successful - Sat Oct 18 20:38:49 2025           ;
; Quartus Prime Version           ; 24.1std.0 Build 1077 03/04/2025 SC Lite Edition ;
; Revision Name                   ; FPU_unit                                        ;
; Top-level Entity Name           ; FPU_unit                                        ;
; Family                          ; Cyclone V                                       ;
; Logic utilization (in ALMs)     ; N/A                                             ;
; Total registers                 ; 24                                              ;
; Total pins                      ; 99                                              ;
; Total virtual pins              ; 0                                               ;
; Total block memory bits         ; 0                                               ;
; Total DSP Blocks                ; 0                                               ;
; Total HSSI RX PCSs              ; 0                                               ;
; Total HSSI PMA RX Deserializers ; 0                                               ;
; Total HSSI TX PCSs              ; 0                                               ;
; Total HSSI PMA TX Serializers   ; 0                                               ;
; Total PLLs                      ; 0                                               ;
; Total DLLs                      ; 0                                               ;
+---------------------------------+-------------------------------------------------+


+---------------------------------------------------------------------------------------------------------------------------+
; Analysis & Synthesis Settings                                                                                             ;
+---------------------------------------------------------------------------------+--------------------+--------------------+
; Option                                                                          ; Setting            ; Default Value      ;
+---------------------------------------------------------------------------------+--------------------+--------------------+
; Device                                                                          ; 5CSXFC6D6F31C6     ;                    ;
; Top-level entity name                                                           ; FPU_unit           ; FPU_unit           ;
; Family name                                                                     ; Cyclone V          ; Cyclone V          ;
; Use smart compilation                                                           ; Off                ; Off                ;
; Enable parallel Assembler and Timing Analyzer during compilation                ; On                 ; On                 ;
; Enable compact report table                                                     ; Off                ; Off                ;
; Restructure Multiplexers                                                        ; Auto               ; Auto               ;
; MLAB Add Timing Constraints For Mixed-Port Feed-Through Mode Setting Don't Care ; Off                ; Off                ;
; Create Debugging Nodes for IP Cores                                             ; Off                ; Off                ;
; Preserve fewer node names                                                       ; On                 ; On                 ;
; Intel FPGA IP Evaluation Mode                                                   ; Enable             ; Enable             ;
; Verilog Version                                                                 ; Verilog_2001       ; Verilog_2001       ;
; VHDL Version                                                                    ; VHDL_1993          ; VHDL_1993          ;
; State Machine Processing                                                        ; Auto               ; Auto               ;
; Safe State Machine                                                              ; Off                ; Off                ;
; Extract Verilog State Machines                                                  ; On                 ; On                 ;
; Extract VHDL State Machines                                                     ; On                 ; On                 ;
; Ignore Verilog initial constructs                                               ; Off                ; Off                ;
; Iteration limit for constant Verilog loops                                      ; 5000               ; 5000               ;
; Iteration limit for non-constant Verilog loops                                  ; 250                ; 250                ;
; Add Pass-Through Logic to Inferred RAMs                                         ; On                 ; On                 ;
; Infer RAMs from Raw Logic                                                       ; On                 ; On                 ;
; Parallel Synthesis                                                              ; On                 ; On                 ;
; DSP Block Balancing                                                             ; Auto               ; Auto               ;
; NOT Gate Push-Back                                                              ; On                 ; On                 ;
; Power-Up Don't Care                                                             ; On                 ; On                 ;
; Remove Redundant Logic Cells                                                    ; Off                ; Off                ;
; Remove Duplicate Registers                                                      ; On                 ; On                 ;
; Ignore CARRY Buffers                                                            ; Off                ; Off                ;
; Ignore CASCADE Buffers                                                          ; Off                ; Off                ;
; Ignore GLOBAL Buffers                                                           ; Off                ; Off                ;
; Ignore ROW GLOBAL Buffers                                                       ; Off                ; Off                ;
; Ignore LCELL Buffers                                                            ; Off                ; Off                ;
; Ignore SOFT Buffers                                                             ; On                 ; On                 ;
; Limit AHDL Integers to 32 Bits                                                  ; Off                ; Off                ;
; Optimization Technique                                                          ; Balanced           ; Balanced           ;
; Carry Chain Length                                                              ; 70                 ; 70                 ;
; Auto Carry Chains                                                               ; On                 ; On                 ;
; Auto Open-Drain Pins                                                            ; On                 ; On                 ;
; Perform WYSIWYG Primitive Resynthesis                                           ; Off                ; Off                ;
; Auto ROM Replacement                                                            ; On                 ; On                 ;
; Auto RAM Replacement                                                            ; On                 ; On                 ;
; Auto DSP Block Replacement                                                      ; On                 ; On                 ;
; Auto Shift Register Replacement                                                 ; Auto               ; Auto               ;
; Allow Shift Register Merging across Hierarchies                                 ; Auto               ; Auto               ;
; Auto Clock Enable Replacement                                                   ; On                 ; On                 ;
; Strict RAM Replacement                                                          ; Off                ; Off                ;
; Allow Synchronous Control Signals                                               ; On                 ; On                 ;
; Force Use of Synchronous Clear Signals                                          ; Off                ; Off                ;
; Auto Resource Sharing                                                           ; Off                ; Off                ;
; Allow Any RAM Size For Recognition                                              ; Off                ; Off                ;
; Allow Any ROM Size For Recognition                                              ; Off                ; Off                ;
; Allow Any Shift Register Size For Recognition                                   ; Off                ; Off                ;
; Use LogicLock Constraints during Resource Balancing                             ; On                 ; On                 ;
; Ignore translate_off and synthesis_off directives                               ; Off                ; Off                ;
; Timing-Driven Synthesis                                                         ; On                 ; On                 ;
; Report Parameter Settings                                                       ; On                 ; On                 ;
; Report Source Assignments                                                       ; On                 ; On                 ;
; Report Connectivity Checks                                                      ; On                 ; On                 ;
; Ignore Maximum Fan-Out Assignments                                              ; Off                ; Off                ;
; Synchronization Register Chain Length                                           ; 3                  ; 3                  ;
; Power Optimization During Synthesis                                             ; Normal compilation ; Normal compilation ;
; HDL message level                                                               ; Level2             ; Level2             ;
; Suppress Register Optimization Related Messages                                 ; Off                ; Off                ;
; Number of Removed Registers Reported in Synthesis Report                        ; 5000               ; 5000               ;
; Number of Swept Nodes Reported in Synthesis Report                              ; 5000               ; 5000               ;
; Number of Inverted Registers Reported in Synthesis Report                       ; 100                ; 100                ;
; Clock MUX Protection                                                            ; On                 ; On                 ;
; Auto Gated Clock Conversion                                                     ; Off                ; Off                ;
; Block Design Naming                                                             ; Auto               ; Auto               ;
; SDC constraint protection                                                       ; Off                ; Off                ;
; Synthesis Effort                                                                ; Auto               ; Auto               ;
; Shift Register Replacement - Allow Asynchronous Clear Signal                    ; On                 ; On                 ;
; Pre-Mapping Resynthesis Optimization                                            ; Off                ; Off                ;
; Analysis & Synthesis Message Level                                              ; Medium             ; Medium             ;
; Disable Register Merging Across Hierarchies                                     ; Auto               ; Auto               ;
; Resource Aware Inference For Block RAM                                          ; On                 ; On                 ;
; Automatic Parallel Synthesis                                                    ; On                 ; On                 ;
; Partial Reconfiguration Bitstream ID                                            ; Off                ; Off                ;
+---------------------------------------------------------------------------------+--------------------+--------------------+


+------------------------------------------+
; Parallel Compilation                     ;
+----------------------------+-------------+
; Processors                 ; Number      ;
+----------------------------+-------------+
; Number detected on machine ; 8           ;
; Maximum allowed            ; 4           ;
;                            ;             ;
; Average used               ; 1.00        ;
; Maximum used               ; 4           ;
;                            ;             ;
; Usage by Processor         ; % Time Used ;
;     Processor 1            ; 100.0%      ;
;     Processor 2            ;   0.0%      ;
;     Processors 3-4         ;   0.0%      ;
+----------------------------+-------------+


+---------------------------------------------------------------------------------------------------------------------------------------------------------------------------------------------------+
; Analysis & Synthesis Source Files Read                                                                                                                                                            ;
+---------------------------------------------+-----------------+------------------------------+------------------------------------------------------------------------------------------+---------+
; File Name with User-Entered Path            ; Used in Netlist ; File Type                    ; File Name with Absolute Path                                                             ; Library ;
+---------------------------------------------+-----------------+------------------------------+------------------------------------------------------------------------------------------+---------+
; ../../02_rtl/ALU/SUM_unit.sv                ; yes             ; User SystemVerilog HDL File  ; /home/noname/Documents/project_tiny/Floating_point/02_rtl/ALU/SUM_unit.sv                ;         ;
; ../../02_rtl/ALU/CLA/CLA_8bit.sv            ; yes             ; User SystemVerilog HDL File  ; /home/noname/Documents/project_tiny/Floating_point/02_rtl/ALU/CLA/CLA_8bit.sv            ;         ;
; ../../02_rtl/ALU/CLA/CLA_4bit.sv            ; yes             ; User SystemVerilog HDL File  ; /home/noname/Documents/project_tiny/Floating_point/02_rtl/ALU/CLA/CLA_4bit.sv            ;         ;
; ../../02_rtl/ALU/CLA/CLA_28bit.sv           ; yes             ; User SystemVerilog HDL File  ; /home/noname/Documents/project_tiny/Floating_point/02_rtl/ALU/CLA/CLA_28bit.sv           ;         ;
; ../../02_rtl/EXP/EXP_swap.sv                ; yes             ; User SystemVerilog HDL File  ; /home/noname/Documents/project_tiny/Floating_point/02_rtl/EXP/EXP_swap.sv                ;         ;
; ../../02_rtl/EXP/EXP_sub.sv                 ; yes             ; User SystemVerilog HDL File  ; /home/noname/Documents/project_tiny/Floating_point/02_rtl/EXP/EXP_sub.sv                 ;         ;
; ../../02_rtl/EXP/EXP_diff_exponent.sv       ; yes             ; User SystemVerilog HDL File  ; /home/noname/Documents/project_tiny/Floating_point/02_rtl/EXP/EXP_diff_exponent.sv       ;         ;
; ../../02_rtl/EXP/EXP_adjust.sv              ; yes             ; User SystemVerilog HDL File  ; /home/noname/Documents/project_tiny/Floating_point/02_rtl/EXP/EXP_adjust.sv              ;         ;
; ../../02_rtl/LOPD/LOPD_8bit.sv              ; yes             ; User SystemVerilog HDL File  ; /home/noname/Documents/project_tiny/Floating_point/02_rtl/LOPD/LOPD_8bit.sv              ;         ;
; ../../02_rtl/LOPD/LOPD_4bit.sv              ; yes             ; User SystemVerilog HDL File  ; /home/noname/Documents/project_tiny/Floating_point/02_rtl/LOPD/LOPD_4bit.sv              ;         ;
; ../../02_rtl/LOPD/LOPD_32bit.sv             ; yes             ; User SystemVerilog HDL File  ; /home/noname/Documents/project_tiny/Floating_point/02_rtl/LOPD/LOPD_32bit.sv             ;         ;
; ../../02_rtl/LOPD/LOPD_16bit.sv             ; yes             ; User SystemVerilog HDL File  ; /home/noname/Documents/project_tiny/Floating_point/02_rtl/LOPD/LOPD_16bit.sv             ;         ;
; ../../02_rtl/MANTISSA/MANTISSA_swap.sv      ; yes             ; User SystemVerilog HDL File  ; /home/noname/Documents/project_tiny/Floating_point/02_rtl/MANTISSA/MANTISSA_swap.sv      ;         ;
; ../../02_rtl/MANTISSA/MANTISSA_shf_right.sv ; yes             ; User SystemVerilog HDL File  ; /home/noname/Documents/project_tiny/Floating_point/02_rtl/MANTISSA/MANTISSA_shf_right.sv ;         ;
; ../../02_rtl/MANTISSA/ALU_unit.sv           ; yes             ; User SystemVerilog HDL File  ; /home/noname/Documents/project_tiny/Floating_point/02_rtl/MANTISSA/ALU_unit.sv           ;         ;
; ../../02_rtl/SHF/SHF_shift_right.sv         ; yes             ; User SystemVerilog HDL File  ; /home/noname/Documents/project_tiny/Floating_point/02_rtl/SHF/SHF_shift_right.sv         ;         ;
; ../../02_rtl/SHF_unit.sv                    ; yes             ; User SystemVerilog HDL File  ; /home/noname/Documents/project_tiny/Floating_point/02_rtl/SHF_unit.sv                    ;         ;
; ../../02_rtl/MANTISSA_unit.sv               ; yes             ; User SystemVerilog HDL File  ; /home/noname/Documents/project_tiny/Floating_point/02_rtl/MANTISSA_unit.sv               ;         ;
; ../../02_rtl/FPU_rounding.sv                ; yes             ; User SystemVerilog HDL File  ; /home/noname/Documents/project_tiny/Floating_point/02_rtl/FPU_rounding.sv                ;         ;
; ../../02_rtl/FPU_normalization.sv           ; yes             ; User SystemVerilog HDL File  ; /home/noname/Documents/project_tiny/Floating_point/02_rtl/FPU_normalization.sv           ;         ;
; ../../02_rtl/FPU_32bit.sv                   ; yes             ; User SystemVerilog HDL File  ; /home/noname/Documents/project_tiny/Floating_point/02_rtl/FPU_32bit.sv                   ;         ;
; ../../02_rtl/EXP_unit.sv                    ; yes             ; User SystemVerilog HDL File  ; /home/noname/Documents/project_tiny/Floating_point/02_rtl/EXP_unit.sv                    ;         ;
; FPU_unit.sv                                 ; yes             ; User SystemVerilog HDL File  ; /home/noname/Documents/project_tiny/Floating_point/04_impl/FPU_unit/FPU_unit.sv          ;         ;
+---------------------------------------------+-----------------+------------------------------+------------------------------------------------------------------------------------------+---------+


+-----------------------------------------------------------+
; Analysis & Synthesis Resource Usage Summary               ;
+---------------------------------------------+-------------+
; Resource                                    ; Usage       ;
+---------------------------------------------+-------------+
; Estimate of Logic utilization (ALMs needed) ; 15          ;
;                                             ;             ;
; Combinational ALUT usage for logic          ; 10          ;
;     -- 7 input functions                    ; 0           ;
;     -- 6 input functions                    ; 2           ;
;     -- 5 input functions                    ; 4           ;
;     -- 4 input functions                    ; 3           ;
;     -- <=3 input functions                  ; 1           ;
;                                             ;             ;
; Dedicated logic registers                   ; 24          ;
;                                             ;             ;
; I/O pins                                    ; 99          ;
;                                             ;             ;
; Total DSP Blocks                            ; 0           ;
;                                             ;             ;
; Maximum fan-out node                        ; i_clk~input ;
; Maximum fan-out                             ; 24          ;
; Total fan-out                               ; 221         ;
; Average fan-out                             ; 0.95        ;
+---------------------------------------------+-------------+


+------------------------------------------------------------------------------------------------------------------------------------------------------------------------------------------------------------------------------------------------------------------------------------------------------------------+
; Analysis & Synthesis Resource Utilization by Entity                                                                                                                                                                                                                                                              ;
+-----------------------------------------------------+---------------------+---------------------------+-------------------+------------+------+--------------+----------------------------------------------------------------------------------------------------------------+-------------------+--------------+
; Compilation Hierarchy Node                          ; Combinational ALUTs ; Dedicated Logic Registers ; Block Memory Bits ; DSP Blocks ; Pins ; Virtual Pins ; Full Hierarchy Name                                                                                            ; Entity Name       ; Library Name ;
+-----------------------------------------------------+---------------------+---------------------------+-------------------+------------+------+--------------+----------------------------------------------------------------------------------------------------------------+-------------------+--------------+
; |FPU_unit                                           ; 10 (0)              ; 24 (24)                   ; 0                 ; 0          ; 99   ; 0            ; |FPU_unit                                                                                                      ; FPU_unit          ; work         ;
;    |FPU_32bit:FPUT_UNIT|                            ; 10 (0)              ; 0 (0)                     ; 0                 ; 0          ; 0    ; 0            ; |FPU_unit|FPU_32bit:FPUT_UNIT                                                                                  ; FPU_32bit         ; work         ;
;       |EXP_unit:EXP_UNIT|                           ; 8 (0)               ; 0 (0)                     ; 0                 ; 0          ; 0    ; 0            ; |FPU_unit|FPU_32bit:FPUT_UNIT|EXP_unit:EXP_UNIT                                                                ; EXP_unit          ; work         ;
;          |EXP_diff_exponent:EXP_DIFF_EXPONENT_UNIT| ; 8 (0)               ; 0 (0)                     ; 0                 ; 0          ; 0    ; 0            ; |FPU_unit|FPU_32bit:FPUT_UNIT|EXP_unit:EXP_UNIT|EXP_diff_exponent:EXP_DIFF_EXPONENT_UNIT                       ; EXP_diff_exponent ; work         ;
;             |EXP_swap:EX_SWAP_UNIT|                 ; 8 (8)               ; 0 (0)                     ; 0                 ; 0          ; 0    ; 0            ; |FPU_unit|FPU_32bit:FPUT_UNIT|EXP_unit:EXP_UNIT|EXP_diff_exponent:EXP_DIFF_EXPONENT_UNIT|EXP_swap:EX_SWAP_UNIT ; EXP_swap          ; work         ;
;       |FPU_normalization:FPU_NOR_UNIT|              ; 1 (1)               ; 0 (0)                     ; 0                 ; 0          ; 0    ; 0            ; |FPU_unit|FPU_32bit:FPUT_UNIT|FPU_normalization:FPU_NOR_UNIT                                                   ; FPU_normalization ; work         ;
;       |MANTISSA_unit:MANTISSA_UNTI|                 ; 1 (1)               ; 0 (0)                     ; 0                 ; 0          ; 0    ; 0            ; |FPU_unit|FPU_32bit:FPUT_UNIT|MANTISSA_unit:MANTISSA_UNTI                                                      ; MANTISSA_unit     ; work         ;
+-----------------------------------------------------+---------------------+---------------------------+-------------------+------------+------+--------------+----------------------------------------------------------------------------------------------------------------+-------------------+--------------+
Note: For table entries with two numbers listed, the numbers in parentheses indicate the number of resources of the given type used by the specific entity alone. The numbers listed outside of parentheses indicate the total resources of the given type used by the specific entity and all of its sub-entities in the hierarchy.


+---------------------------------------------------------------------------------+
; Registers Removed During Synthesis                                              ;
+----------------------------------------+----------------------------------------+
; Register name                          ; Reason for Removal                     ;
+----------------------------------------+----------------------------------------+
; o_result[31]~reg0                      ; Stuck at GND due to stuck port data_in ;
; o_result[30]~reg0                      ; Stuck at GND due to stuck port data_in ;
; o_result[29]~reg0                      ; Stuck at GND due to stuck port data_in ;
; o_result[28]~reg0                      ; Stuck at GND due to stuck port data_in ;
; o_result[27]~reg0                      ; Stuck at GND due to stuck port data_in ;
; o_result[26]~reg0                      ; Stuck at GND due to stuck port data_in ;
; o_result[25]~reg0                      ; Stuck at GND due to stuck port data_in ;
; o_result[24]~reg0                      ; Stuck at GND due to stuck port data_in ;
; o_result[23]~reg0                      ; Stuck at GND due to stuck port data_in ;
; o_result[22]~reg0                      ; Stuck at GND due to stuck port data_in ;
; o_result[21]~reg0                      ; Stuck at GND due to stuck port data_in ;
; o_result[20]~reg0                      ; Stuck at GND due to stuck port data_in ;
; o_result[19]~reg0                      ; Stuck at GND due to stuck port data_in ;
; o_result[18]~reg0                      ; Stuck at GND due to stuck port data_in ;
; o_result[17]~reg0                      ; Stuck at GND due to stuck port data_in ;
; o_result[16]~reg0                      ; Stuck at GND due to stuck port data_in ;
; o_result[15]~reg0                      ; Stuck at GND due to stuck port data_in ;
; o_result[14]~reg0                      ; Stuck at GND due to stuck port data_in ;
; o_result[13]~reg0                      ; Stuck at GND due to stuck port data_in ;
; o_result[12]~reg0                      ; Stuck at GND due to stuck port data_in ;
; o_result[11]~reg0                      ; Stuck at GND due to stuck port data_in ;
; o_result[10]~reg0                      ; Stuck at GND due to stuck port data_in ;
; o_result[9]~reg0                       ; Stuck at GND due to stuck port data_in ;
; o_result[8]~reg0                       ; Stuck at GND due to stuck port data_in ;
; o_result[7]~reg0                       ; Stuck at GND due to stuck port data_in ;
; o_result[6]~reg0                       ; Stuck at GND due to stuck port data_in ;
; o_result[5]~reg0                       ; Stuck at GND due to stuck port data_in ;
; o_result[4]~reg0                       ; Stuck at GND due to stuck port data_in ;
; o_result[3]~reg0                       ; Stuck at GND due to stuck port data_in ;
; w_i_data_b[0]                          ; Lost fanout                            ;
; w_i_data_a[0]                          ; Lost fanout                            ;
; w_i_data_b[1]                          ; Lost fanout                            ;
; w_i_data_a[1]                          ; Lost fanout                            ;
; w_i_data_b[2]                          ; Lost fanout                            ;
; w_i_data_a[2]                          ; Lost fanout                            ;
; w_i_data_b[3]                          ; Lost fanout                            ;
; w_i_data_a[3]                          ; Lost fanout                            ;
; w_i_data_b[16]                         ; Lost fanout                            ;
; w_i_data_a[16]                         ; Lost fanout                            ;
; w_i_data_b[17]                         ; Lost fanout                            ;
; w_i_data_a[17]                         ; Lost fanout                            ;
; w_i_data_b[19]                         ; Lost fanout                            ;
; w_i_data_a[19]                         ; Lost fanout                            ;
; w_i_data_b[18]                         ; Lost fanout                            ;
; w_i_data_a[18]                         ; Lost fanout                            ;
; w_i_data_b[12]                         ; Lost fanout                            ;
; w_i_data_a[12]                         ; Lost fanout                            ;
; w_i_data_b[13]                         ; Lost fanout                            ;
; w_i_data_a[13]                         ; Lost fanout                            ;
; w_i_data_b[15]                         ; Lost fanout                            ;
; w_i_data_a[15]                         ; Lost fanout                            ;
; w_i_data_b[14]                         ; Lost fanout                            ;
; w_i_data_a[14]                         ; Lost fanout                            ;
; w_i_data_b[6]                          ; Lost fanout                            ;
; w_i_data_a[6]                          ; Lost fanout                            ;
; w_i_data_b[7]                          ; Lost fanout                            ;
; w_i_data_a[7]                          ; Lost fanout                            ;
; w_i_data_b[4]                          ; Lost fanout                            ;
; w_i_data_a[4]                          ; Lost fanout                            ;
; w_i_data_b[8]                          ; Lost fanout                            ;
; w_i_data_a[8]                          ; Lost fanout                            ;
; w_i_data_b[9]                          ; Lost fanout                            ;
; w_i_data_a[9]                          ; Lost fanout                            ;
; w_i_data_b[11]                         ; Lost fanout                            ;
; w_i_data_a[11]                         ; Lost fanout                            ;
; w_i_data_b[10]                         ; Lost fanout                            ;
; w_i_data_a[10]                         ; Lost fanout                            ;
; w_i_data_b[20]                         ; Lost fanout                            ;
; w_i_data_a[20]                         ; Lost fanout                            ;
; w_i_data_b[21]                         ; Lost fanout                            ;
; w_i_data_a[21]                         ; Lost fanout                            ;
; w_i_data_b[22]                         ; Lost fanout                            ;
; w_i_data_a[22]                         ; Lost fanout                            ;
; Total Number of Removed Registers = 73 ;                                        ;
+----------------------------------------+----------------------------------------+


+------------------------------------------------------+
; General Register Statistics                          ;
+----------------------------------------------+-------+
; Statistic                                    ; Value ;
+----------------------------------------------+-------+
; Total registers                              ; 24    ;
; Number of registers using Synchronous Clear  ; 0     ;
; Number of registers using Synchronous Load   ; 0     ;
; Number of registers using Asynchronous Clear ; 24    ;
; Number of registers using Asynchronous Load  ; 0     ;
; Number of registers using Clock Enable       ; 0     ;
; Number of registers using Preset             ; 0     ;
+----------------------------------------------+-------+


+--------------------------------------------------------------------------------------------------------------------------------------------------------------------------------------------------------------+
; Multiplexer Restructuring Statistics (Restructuring Performed)                                                                                                                                               ;
+--------------------+-----------+---------------+----------------------+------------------------+------------+------------------------------------------------------------------------------------------------+
; Multiplexer Inputs ; Bus Width ; Baseline Area ; Area if Restructured ; Saving if Restructured ; Registered ; Example Multiplexer Output                                                                     ;
+--------------------+-----------+---------------+----------------------+------------------------+------------+------------------------------------------------------------------------------------------------+
; 7:1                ; 2 bits    ; 8 LEs         ; 8 LEs                ; 0 LEs                  ; No         ; |FPU_unit|FPU_32bit:FPUT_UNIT|FPU_normalization:FPU_NOR_UNIT|LOPD_32bit:LOPD_unit|o_pos_one[0] ;
+--------------------+-----------+---------------+----------------------+------------------------+------------+------------------------------------------------------------------------------------------------+


+--------------------------------------------------------------------------+
; Parameter Settings for User Entity Instance: Top-level Entity: |FPU_unit ;
+----------------+-------+-------------------------------------------------+
; Parameter Name ; Value ; Type                                            ;
+----------------+-------+-------------------------------------------------+
; NUM_OP         ; 1     ; Signed Integer                                  ;
+----------------+-------+-------------------------------------------------+
Note: In order to hide this table in the UI and the text report file, please set the "Show Parameter Settings in Synthesis Report" option in "Analysis and Synthesis Settings -> More Settings" to "Off".


+------------------------------------------------------------------+
; Parameter Settings for User Entity Instance: FPU_32bit:FPUT_UNIT ;
+----------------+-------+-----------------------------------------+
; Parameter Name ; Value ; Type                                    ;
+----------------+-------+-----------------------------------------+
; NUM_OP         ; 1     ; Signed Integer                          ;
+----------------+-------+-----------------------------------------+
Note: In order to hide this table in the UI and the text report file, please set the "Show Parameter Settings in Synthesis Report" option in "Analysis and Synthesis Settings -> More Settings" to "Off".


+------------------------------------------------------------------------------------+
; Parameter Settings for User Entity Instance: FPU_32bit:FPUT_UNIT|EXP_unit:EXP_UNIT ;
+----------------+-------+-----------------------------------------------------------+
; Parameter Name ; Value ; Type                                                      ;
+----------------+-------+-----------------------------------------------------------+
; SIZE_EXP       ; 8     ; Signed Integer                                            ;
; SIZE_LOPD      ; 8     ; Signed Integer                                            ;
+----------------+-------+-----------------------------------------------------------+
Note: In order to hide this table in the UI and the text report file, please set the "Show Parameter Settings in Synthesis Report" option in "Analysis and Synthesis Settings -> More Settings" to "Off".


+-----------------------------------------------------------------------------------------------------------------------------+
; Parameter Settings for User Entity Instance: FPU_32bit:FPUT_UNIT|EXP_unit:EXP_UNIT|EXP_diff_exponent:EXP_DIFF_EXPONENT_UNIT ;
+----------------+-------+----------------------------------------------------------------------------------------------------+
; Parameter Name ; Value ; Type                                                                                               ;
+----------------+-------+----------------------------------------------------------------------------------------------------+
; SIZE_EXP       ; 8     ; Signed Integer                                                                                     ;
+----------------+-------+----------------------------------------------------------------------------------------------------+
Note: In order to hide this table in the UI and the text report file, please set the "Show Parameter Settings in Synthesis Report" option in "Analysis and Synthesis Settings -> More Settings" to "Off".


+---------------------------------------------------------------------------------------------------------------------------------------------------+
; Parameter Settings for User Entity Instance: FPU_32bit:FPUT_UNIT|EXP_unit:EXP_UNIT|EXP_diff_exponent:EXP_DIFF_EXPONENT_UNIT|EXP_swap:EX_SWAP_UNIT ;
+----------------+-------+--------------------------------------------------------------------------------------------------------------------------+
; Parameter Name ; Value ; Type                                                                                                                     ;
+----------------+-------+--------------------------------------------------------------------------------------------------------------------------+
; SIZE_DATA      ; 8     ; Signed Integer                                                                                                           ;
+----------------+-------+--------------------------------------------------------------------------------------------------------------------------+
Note: In order to hide this table in the UI and the text report file, please set the "Show Parameter Settings in Synthesis Report" option in "Analysis and Synthesis Settings -> More Settings" to "Off".


+--------------------------------------------------------------------------------------------------------------------------------------------------+
; Parameter Settings for User Entity Instance: FPU_32bit:FPUT_UNIT|EXP_unit:EXP_UNIT|EXP_diff_exponent:EXP_DIFF_EXPONENT_UNIT|EXP_sub:EXP_SUB_UNIT ;
+----------------+-------+-------------------------------------------------------------------------------------------------------------------------+
; Parameter Name ; Value ; Type                                                                                                                    ;
+----------------+-------+-------------------------------------------------------------------------------------------------------------------------+
; SIZE_EXP_SUB   ; 8     ; Signed Integer                                                                                                          ;
+----------------+-------+-------------------------------------------------------------------------------------------------------------------------+
Note: In order to hide this table in the UI and the text report file, please set the "Show Parameter Settings in Synthesis Report" option in "Analysis and Synthesis Settings -> More Settings" to "Off".


+---------------------------------------------------------------------------------------------------------------+
; Parameter Settings for User Entity Instance: FPU_32bit:FPUT_UNIT|EXP_unit:EXP_UNIT|EXP_adjust:EXP_ADJUST_UNIT ;
+----------------+-------+--------------------------------------------------------------------------------------+
; Parameter Name ; Value ; Type                                                                                 ;
+----------------+-------+--------------------------------------------------------------------------------------+
; SIZE_EXP       ; 8     ; Signed Integer                                                                       ;
; SIZE_LOPD      ; 8     ; Signed Integer                                                                       ;
+----------------+-------+--------------------------------------------------------------------------------------+
Note: In order to hide this table in the UI and the text report file, please set the "Show Parameter Settings in Synthesis Report" option in "Analysis and Synthesis Settings -> More Settings" to "Off".


+----------------------------------------------------------------------------------------------+
; Parameter Settings for User Entity Instance: FPU_32bit:FPUT_UNIT|MANTISSA_unit:MANTISSA_UNTI ;
+----------------+-------+---------------------------------------------------------------------+
; Parameter Name ; Value ; Type                                                                ;
+----------------+-------+---------------------------------------------------------------------+
; NUM_OP         ; 1     ; Signed Integer                                                      ;
; SIZE_SHIFT     ; 8     ; Signed Integer                                                      ;
; SIZE_MANTISSA  ; 28    ; Signed Integer                                                      ;
+----------------+-------+---------------------------------------------------------------------+
Note: In order to hide this table in the UI and the text report file, please set the "Show Parameter Settings in Synthesis Report" option in "Analysis and Synthesis Settings -> More Settings" to "Off".


+-------------------------------------------------------------------------------------------------------------------------------+
; Parameter Settings for User Entity Instance: FPU_32bit:FPUT_UNIT|MANTISSA_unit:MANTISSA_UNTI|MANTISSA_shf_right:MANTISSA_UNIT ;
+----------------+-------+------------------------------------------------------------------------------------------------------+
; Parameter Name ; Value ; Type                                                                                                 ;
+----------------+-------+------------------------------------------------------------------------------------------------------+
; SIZE_SHIFT     ; 5     ; Signed Integer                                                                                       ;
; SIZE_MANTISSA  ; 28    ; Signed Integer                                                                                       ;
+----------------+-------+------------------------------------------------------------------------------------------------------+
Note: In order to hide this table in the UI and the text report file, please set the "Show Parameter Settings in Synthesis Report" option in "Analysis and Synthesis Settings -> More Settings" to "Off".


+-------------------------------------------------------------------------------------------------------------------------------------------------------------+
; Parameter Settings for User Entity Instance: FPU_32bit:FPUT_UNIT|MANTISSA_unit:MANTISSA_UNTI|MANTISSA_shf_right:MANTISSA_UNIT|SHF_unit:SHF_shift_right_unit ;
+----------------+-------+------------------------------------------------------------------------------------------------------------------------------------+
; Parameter Name ; Value ; Type                                                                                                                               ;
+----------------+-------+------------------------------------------------------------------------------------------------------------------------------------+
; LEFT_RIGHT     ; 1     ; Signed Integer                                                                                                                     ;
; SIZE_DATA      ; 28    ; Signed Integer                                                                                                                     ;
; SIZE_SHIFT     ; 5     ; Signed Integer                                                                                                                     ;
+----------------+-------+------------------------------------------------------------------------------------------------------------------------------------+
Note: In order to hide this table in the UI and the text report file, please set the "Show Parameter Settings in Synthesis Report" option in "Analysis and Synthesis Settings -> More Settings" to "Off".


+-------------------------------------------------------------------------------------------------------------------------------------------------------------------------------------------------------------+
; Parameter Settings for User Entity Instance: FPU_32bit:FPUT_UNIT|MANTISSA_unit:MANTISSA_UNTI|MANTISSA_shf_right:MANTISSA_UNIT|SHF_unit:SHF_shift_right_unit|SHF_shift_right:GEN_SHIFT_RIGHT.SHF_SHIFT_RIGHT ;
+----------------+-------+------------------------------------------------------------------------------------------------------------------------------------------------------------------------------------+
; Parameter Name ; Value ; Type                                                                                                                                                                               ;
+----------------+-------+------------------------------------------------------------------------------------------------------------------------------------------------------------------------------------+
; SIZE_DATA      ; 28    ; Signed Integer                                                                                                                                                                     ;
; SIZE_SHIFT     ; 5     ; Signed Integer                                                                                                                                                                     ;
+----------------+-------+------------------------------------------------------------------------------------------------------------------------------------------------------------------------------------+
Note: In order to hide this table in the UI and the text report file, please set the "Show Parameter Settings in Synthesis Report" option in "Analysis and Synthesis Settings -> More Settings" to "Off".


+-------------------------------------------------------------------------------------------------------------------------------+
; Parameter Settings for User Entity Instance: FPU_32bit:FPUT_UNIT|MANTISSA_unit:MANTISSA_UNTI|MANTISSA_swap:MANTISSA_swap_UNIT ;
+----------------+-------+------------------------------------------------------------------------------------------------------+
; Parameter Name ; Value ; Type                                                                                                 ;
+----------------+-------+------------------------------------------------------------------------------------------------------+
; SIZE_MANTISSA  ; 28    ; Signed Integer                                                                                       ;
+----------------+-------+------------------------------------------------------------------------------------------------------+
Note: In order to hide this table in the UI and the text report file, please set the "Show Parameter Settings in Synthesis Report" option in "Analysis and Synthesis Settings -> More Settings" to "Off".


+----------------------------------------------------------------------------------------------------------------+
; Parameter Settings for User Entity Instance: FPU_32bit:FPUT_UNIT|MANTISSA_unit:MANTISSA_UNTI|ALU_unit:ALU_UNIT ;
+----------------+-------+---------------------------------------------------------------------------------------+
; Parameter Name ; Value ; Type                                                                                  ;
+----------------+-------+---------------------------------------------------------------------------------------+
; NUM_OP         ; 1     ; Signed Integer                                                                        ;
; SIZE_MANTISSA  ; 28    ; Signed Integer                                                                        ;
+----------------+-------+---------------------------------------------------------------------------------------+
Note: In order to hide this table in the UI and the text report file, please set the "Show Parameter Settings in Synthesis Report" option in "Analysis and Synthesis Settings -> More Settings" to "Off".


+---------------------------------------------------------------------------------------------------------------------------------------+
; Parameter Settings for User Entity Instance: FPU_32bit:FPUT_UNIT|MANTISSA_unit:MANTISSA_UNTI|ALU_unit:ALU_UNIT|SUM_unit:ALU_COMM_UNIT ;
+----------------+-------+--------------------------------------------------------------------------------------------------------------+
; Parameter Name ; Value ; Type                                                                                                         ;
+----------------+-------+--------------------------------------------------------------------------------------------------------------+
; SIZE_SUM       ; 28    ; Signed Integer                                                                                               ;
+----------------+-------+--------------------------------------------------------------------------------------------------------------+
Note: In order to hide this table in the UI and the text report file, please set the "Show Parameter Settings in Synthesis Report" option in "Analysis and Synthesis Settings -> More Settings" to "Off".


+-------------------------------------------------------------------------------------------------+
; Parameter Settings for User Entity Instance: FPU_32bit:FPUT_UNIT|FPU_normalization:FPU_NOR_UNIT ;
+----------------+-------+------------------------------------------------------------------------+
; Parameter Name ; Value ; Type                                                                   ;
+----------------+-------+------------------------------------------------------------------------+
; SIZE_LOPD      ; 5     ; Signed Integer                                                         ;
; SIZE_DATA      ; 28    ; Signed Integer                                                         ;
+----------------+-------+------------------------------------------------------------------------+
Note: In order to hide this table in the UI and the text report file, please set the "Show Parameter Settings in Synthesis Report" option in "Analysis and Synthesis Settings -> More Settings" to "Off".


+--------------------------------------------------------------------------------------------------------------------------+
; Parameter Settings for User Entity Instance: FPU_32bit:FPUT_UNIT|FPU_normalization:FPU_NOR_UNIT|SHF_shift_right:SHF_UNIT ;
+----------------+-------+-------------------------------------------------------------------------------------------------+
; Parameter Name ; Value ; Type                                                                                            ;
+----------------+-------+-------------------------------------------------------------------------------------------------+
; SIZE_DATA      ; 32    ; Signed Integer                                                                                  ;
; SIZE_SHIFT     ; 5     ; Signed Integer                                                                                  ;
+----------------+-------+-------------------------------------------------------------------------------------------------+
Note: In order to hide this table in the UI and the text report file, please set the "Show Parameter Settings in Synthesis Report" option in "Analysis and Synthesis Settings -> More Settings" to "Off".


+---------------------------------------------------------------------------------------------------------+
; Parameter Settings for User Entity Instance: FPU_32bit:FPUT_UNIT|FPU_rounding_hardware:FPU_ROUDING_UNIT ;
+----------------+-------+--------------------------------------------------------------------------------+
; Parameter Name ; Value ; Type                                                                           ;
+----------------+-------+--------------------------------------------------------------------------------+
; SIZE_MANTISSA  ; 28    ; Signed Integer                                                                 ;
+----------------+-------+--------------------------------------------------------------------------------+
Note: In order to hide this table in the UI and the text report file, please set the "Show Parameter Settings in Synthesis Report" option in "Analysis and Synthesis Settings -> More Settings" to "Off".


+--------------------------------------------------------------------------------------------------------------------------------------------------------------------------------+
; Port Connectivity Checks: "FPU_32bit:FPUT_UNIT|FPU_rounding_hardware:FPU_ROUDING_UNIT"                                                                                         ;
+-------------------+--------+----------+----------------------------------------------------------------------------------------------------------------------------------------+
; Port              ; Type   ; Severity ; Details                                                                                                                                ;
+-------------------+--------+----------+----------------------------------------------------------------------------------------------------------------------------------------+
; o_mantissa_result ; Output ; Warning  ; Output or bidir port (23 bits) is wider than the port expression (1 bits) it drives; bit(s) "o_mantissa_result[22..1]" have no fanouts ;
+-------------------+--------+----------+----------------------------------------------------------------------------------------------------------------------------------------+


+--------------------------------------------------------------------------------------------------------------------------+
; Port Connectivity Checks: "FPU_32bit:FPUT_UNIT|FPU_normalization:FPU_NOR_UNIT|SHF_shift_right:SHF_UNIT"                  ;
+----------------+--------+----------+-------------------------------------------------------------------------------------+
; Port           ; Type   ; Severity ; Details                                                                             ;
+----------------+--------+----------+-------------------------------------------------------------------------------------+
; i_data[31..28] ; Input  ; Info     ; Stuck at GND                                                                        ;
; o_data[31..29] ; Output ; Info     ; Connected to dangling logic. Logic that only feeds a dangling port will be removed. ;
+----------------+--------+----------+-------------------------------------------------------------------------------------+


+--------------------------------------------------------------------------------------------------------------------------------------------------------------------------------+
; Port Connectivity Checks: "FPU_32bit:FPUT_UNIT|FPU_normalization:FPU_NOR_UNIT|LOPD_32bit:LOPD_unit|LOPD_16bit:LOPD_16bit_unit_1"                                               ;
+--------+-------+----------+----------------------------------------------------------------------------------------------------------------------------------------------------+
; Port   ; Type  ; Severity ; Details                                                                                                                                            ;
+--------+-------+----------+----------------------------------------------------------------------------------------------------------------------------------------------------+
; i_data ; Input ; Warning  ; Input port expression (16 bits) is smaller than the input port (17 bits) it drives.  Extra input bit(s) "i_data[16..16]" will be connected to GND. ;
+--------+-------+----------+----------------------------------------------------------------------------------------------------------------------------------------------------+


+--------------------------------------------------------------------------------------------------------------------------------------------------------------------------------+
; Port Connectivity Checks: "FPU_32bit:FPUT_UNIT|FPU_normalization:FPU_NOR_UNIT|LOPD_32bit:LOPD_unit|LOPD_16bit:LOPD_16bit_unit_0"                                               ;
+--------+-------+----------+----------------------------------------------------------------------------------------------------------------------------------------------------+
; Port   ; Type  ; Severity ; Details                                                                                                                                            ;
+--------+-------+----------+----------------------------------------------------------------------------------------------------------------------------------------------------+
; i_data ; Input ; Warning  ; Input port expression (16 bits) is smaller than the input port (17 bits) it drives.  Extra input bit(s) "i_data[16..16]" will be connected to GND. ;
+--------+-------+----------+----------------------------------------------------------------------------------------------------------------------------------------------------+


+-----------------------------------------------------------------------------------------------------+
; Port Connectivity Checks: "FPU_32bit:FPUT_UNIT|FPU_normalization:FPU_NOR_UNIT|LOPD_32bit:LOPD_unit" ;
+----------------+-------+----------+-----------------------------------------------------------------+
; Port           ; Type  ; Severity ; Details                                                         ;
+----------------+-------+----------+-----------------------------------------------------------------+
; i_data[31..28] ; Input ; Info     ; Stuck at GND                                                    ;
+----------------+-------+----------+-----------------------------------------------------------------+


+------------------------------------------------------------------------------------------------------------------------------------------------------------------------------------------------------------------------------+
; Port Connectivity Checks: "FPU_32bit:FPUT_UNIT|MANTISSA_unit:MANTISSA_UNTI|MANTISSA_shf_right:MANTISSA_UNIT"                                                                                                                 ;
+---------------------+--------+----------+------------------------------------------------------------------------------------------------------------------------------------------------------------------------------------+
; Port                ; Type   ; Severity ; Details                                                                                                                                                                            ;
+---------------------+--------+----------+------------------------------------------------------------------------------------------------------------------------------------------------------------------------------------+
; i_data_shift        ; Input  ; Warning  ; Input port expression (32 bits) is wider than the input port (28 bits) it drives.  The 4 most-significant bit(s) in the expression will be dangling if they have no other fanouts. ;
; o_data_shift        ; Output ; Warning  ; Output or bidir port (28 bits) is smaller than the port expression (32 bits) it drives.  The 4 most-significant bit(s) in the port expression will be connected to GND.            ;
; o_data_shift[27..0] ; Output ; Info     ; Connected to dangling logic. Logic that only feeds a dangling port will be removed.                                                                                                ;
+---------------------+--------+----------+------------------------------------------------------------------------------------------------------------------------------------------------------------------------------------+


+------------------------------------------------------------------------------------------------------------------------------------------------------------------------------------------------+
; Port Connectivity Checks: "FPU_32bit:FPUT_UNIT|MANTISSA_unit:MANTISSA_UNTI"                                                                                                                    ;
+------------------+-------+----------+----------------------------------------------------------------------------------------------------------------------------------------------------------+
; Port             ; Type  ; Severity ; Details                                                                                                                                                  ;
+------------------+-------+----------+----------------------------------------------------------------------------------------------------------------------------------------------------------+
; i_mantissa_A     ; Input ; Warning  ; Input port expression (25 bits) is smaller than the input port (28 bits) it drives.  Extra input bit(s) "i_mantissa_A[27..25]" will be connected to GND. ;
; i_mantissa_A[27] ; Input ; Info     ; Stuck at GND                                                                                                                                             ;
; i_mantissa_A[26] ; Input ; Info     ; Stuck at VCC                                                                                                                                             ;
; i_mantissa_B     ; Input ; Warning  ; Input port expression (25 bits) is smaller than the input port (28 bits) it drives.  Extra input bit(s) "i_mantissa_B[27..25]" will be connected to GND. ;
; i_mantissa_B[27] ; Input ; Info     ; Stuck at GND                                                                                                                                             ;
; i_mantissa_B[26] ; Input ; Info     ; Stuck at VCC                                                                                                                                             ;
+------------------+-------+----------+----------------------------------------------------------------------------------------------------------------------------------------------------------+


+---------------------------------------------------------------------------------------------------------------------+
; Port Connectivity Checks: "FPU_32bit:FPUT_UNIT|EXP_unit:EXP_UNIT|EXP_adjust:EXP_ADJUST_UNIT|CLA_8bit:CLA_8BIT_UNIT" ;
+---------+--------+----------+---------------------------------------------------------------------------------------+
; Port    ; Type   ; Severity ; Details                                                                               ;
+---------+--------+----------+---------------------------------------------------------------------------------------+
; o_carry ; Output ; Info     ; Explicitly unconnected                                                                ;
+---------+--------+----------+---------------------------------------------------------------------------------------+


+--------------------------------------------------------------------------------------------------------------------------------------------------------+
; Port Connectivity Checks: "FPU_32bit:FPUT_UNIT|EXP_unit:EXP_UNIT|EXP_diff_exponent:EXP_DIFF_EXPONENT_UNIT|EXP_sub:EXP_SUB_UNIT|CLA_8bit:CLA_8BIT_UNIT" ;
+---------+--------+----------+--------------------------------------------------------------------------------------------------------------------------+
; Port    ; Type   ; Severity ; Details                                                                                                                  ;
+---------+--------+----------+--------------------------------------------------------------------------------------------------------------------------+
; i_carry ; Input  ; Info     ; Stuck at VCC                                                                                                             ;
; o_carry ; Output ; Info     ; Explicitly unconnected                                                                                                   ;
+---------+--------+----------+--------------------------------------------------------------------------------------------------------------------------+


+--------------------------------------------------------------------------------------------------------------------------------------------------------------------------+
; Port Connectivity Checks: "FPU_32bit:FPUT_UNIT|EXP_unit:EXP_UNIT"                                                                                                        ;
+--------------------+--------+----------+---------------------------------------------------------------------------------------------------------------------------------+
; Port               ; Type   ; Severity ; Details                                                                                                                         ;
+--------------------+--------+----------+---------------------------------------------------------------------------------------------------------------------------------+
; i_lopd_value[7..5] ; Input  ; Info     ; Stuck at GND                                                                                                                    ;
; o_exp_result       ; Output ; Warning  ; Output or bidir port (8 bits) is wider than the port expression (1 bits) it drives; bit(s) "o_exp_result[7..1]" have no fanouts ;
+--------------------+--------+----------+---------------------------------------------------------------------------------------------------------------------------------+


+-----------------------------------------------------+
; Post-Synthesis Netlist Statistics for Top Partition ;
+-----------------------+-----------------------------+
; Type                  ; Count                       ;
+-----------------------+-----------------------------+
; arriav_ff             ; 24                          ;
;     CLR               ; 24                          ;
; arriav_lcell_comb     ; 11                          ;
;     normal            ; 11                          ;
;         0 data inputs ; 1                           ;
;         3 data inputs ; 1                           ;
;         4 data inputs ; 3                           ;
;         5 data inputs ; 4                           ;
;         6 data inputs ; 2                           ;
; boundary_port         ; 99                          ;
;                       ;                             ;
; Max LUT depth         ; 4.00                        ;
; Average LUT depth     ; 1.71                        ;
+-----------------------+-----------------------------+


+-------------------------------+
; Elapsed Time Per Partition    ;
+----------------+--------------+
; Partition Name ; Elapsed Time ;
+----------------+--------------+
; Top            ; 00:00:00     ;
+----------------+--------------+


+-------------------------------+
; Analysis & Synthesis Messages ;
+-------------------------------+
Info: *******************************************************************
Info: Running Quartus Prime Analysis & Synthesis
    Info: Version 24.1std.0 Build 1077 03/04/2025 SC Lite Edition
    Info: Processing started: Sat Oct 18 20:38:42 2025
Info: Command: quartus_map --read_settings_files=on --write_settings_files=off FPU_unit -c FPU_unit
Warning (18236): Number of processors has not been specified which may cause overloading on shared machines.  Set the global assignment NUM_PARALLEL_PROCESSORS in your QSF to an appropriate value for best performance.
Info (20030): Parallel compilation is enabled and will use 4 of the 4 processors detected
Info (12021): Found 1 design units, including 1 entities, in source file /home/noname/Documents/project_tiny/Floating_point/02_rtl/ALU/SUM_unit.sv
    Info (12023): Found entity 1: SUM_unit File: /home/noname/Documents/project_tiny/Floating_point/02_rtl/ALU/SUM_unit.sv Line: 1
Info (12021): Found 1 design units, including 1 entities, in source file /home/noname/Documents/project_tiny/Floating_point/02_rtl/ALU/CLA/CLA_8bit.sv
    Info (12023): Found entity 1: CLA_8bit File: /home/noname/Documents/project_tiny/Floating_point/02_rtl/ALU/CLA/CLA_8bit.sv Line: 45
Info (12021): Found 1 design units, including 1 entities, in source file /home/noname/Documents/project_tiny/Floating_point/02_rtl/ALU/CLA/CLA_4bit.sv
    Info (12023): Found entity 1: CLA_4bit File: /home/noname/Documents/project_tiny/Floating_point/02_rtl/ALU/CLA/CLA_4bit.sv Line: 1
Info (12021): Found 1 design units, including 1 entities, in source file /home/noname/Documents/project_tiny/Floating_point/02_rtl/ALU/CLA/CLA_28bit.sv
    Info (12023): Found entity 1: CLA_28bit File: /home/noname/Documents/project_tiny/Floating_point/02_rtl/ALU/CLA/CLA_28bit.sv Line: 1
Info (12021): Found 1 design units, including 1 entities, in source file /home/noname/Documents/project_tiny/Floating_point/02_rtl/EXP/EXP_swap.sv
    Info (12023): Found entity 1: EXP_swap File: /home/noname/Documents/project_tiny/Floating_point/02_rtl/EXP/EXP_swap.sv Line: 1
Info (12021): Found 1 design units, including 1 entities, in source file /home/noname/Documents/project_tiny/Floating_point/02_rtl/EXP/EXP_sub.sv
    Info (12023): Found entity 1: EXP_sub File: /home/noname/Documents/project_tiny/Floating_point/02_rtl/EXP/EXP_sub.sv Line: 1
Info (12021): Found 1 design units, including 1 entities, in source file /home/noname/Documents/project_tiny/Floating_point/02_rtl/EXP/EXP_diff_exponent.sv
    Info (12023): Found entity 1: EXP_diff_exponent File: /home/noname/Documents/project_tiny/Floating_point/02_rtl/EXP/EXP_diff_exponent.sv Line: 1
Info (12021): Found 1 design units, including 1 entities, in source file /home/noname/Documents/project_tiny/Floating_point/02_rtl/EXP/EXP_adjust.sv
    Info (12023): Found entity 1: EXP_adjust File: /home/noname/Documents/project_tiny/Floating_point/02_rtl/EXP/EXP_adjust.sv Line: 1
Info (12021): Found 1 design units, including 1 entities, in source file /home/noname/Documents/project_tiny/Floating_point/02_rtl/LOPD/LOPD_8bit.sv
    Info (12023): Found entity 1: LOPD_8bit File: /home/noname/Documents/project_tiny/Floating_point/02_rtl/LOPD/LOPD_8bit.sv Line: 1
Info (12021): Found 1 design units, including 1 entities, in source file /home/noname/Documents/project_tiny/Floating_point/02_rtl/LOPD/LOPD_4bit.sv
    Info (12023): Found entity 1: LOPD_4bit File: /home/noname/Documents/project_tiny/Floating_point/02_rtl/LOPD/LOPD_4bit.sv Line: 1
Info (12021): Found 1 design units, including 1 entities, in source file /home/noname/Documents/project_tiny/Floating_point/02_rtl/LOPD/LOPD_32bit.sv
    Info (12023): Found entity 1: LOPD_32bit File: /home/noname/Documents/project_tiny/Floating_point/02_rtl/LOPD/LOPD_32bit.sv Line: 1
Info (12021): Found 1 design units, including 1 entities, in source file /home/noname/Documents/project_tiny/Floating_point/02_rtl/LOPD/LOPD_16bit.sv
    Info (12023): Found entity 1: LOPD_16bit File: /home/noname/Documents/project_tiny/Floating_point/02_rtl/LOPD/LOPD_16bit.sv Line: 1
Info (12021): Found 1 design units, including 1 entities, in source file /home/noname/Documents/project_tiny/Floating_point/02_rtl/MANTISSA/MANTISSA_swap.sv
    Info (12023): Found entity 1: MANTISSA_swap File: /home/noname/Documents/project_tiny/Floating_point/02_rtl/MANTISSA/MANTISSA_swap.sv Line: 1
Info (12021): Found 1 design units, including 1 entities, in source file /home/noname/Documents/project_tiny/Floating_point/02_rtl/MANTISSA/MANTISSA_shf_right.sv
    Info (12023): Found entity 1: MANTISSA_shf_right File: /home/noname/Documents/project_tiny/Floating_point/02_rtl/MANTISSA/MANTISSA_shf_right.sv Line: 1
Info (12021): Found 1 design units, including 1 entities, in source file /home/noname/Documents/project_tiny/Floating_point/02_rtl/MANTISSA/ALU_unit.sv
    Info (12023): Found entity 1: ALU_unit File: /home/noname/Documents/project_tiny/Floating_point/02_rtl/MANTISSA/ALU_unit.sv Line: 1
Info (12021): Found 1 design units, including 1 entities, in source file /home/noname/Documents/project_tiny/Floating_point/02_rtl/SHF/SHF_shift_right.sv
    Info (12023): Found entity 1: SHF_shift_right File: /home/noname/Documents/project_tiny/Floating_point/02_rtl/SHF/SHF_shift_right.sv Line: 1
Info (12021): Found 1 design units, including 1 entities, in source file /home/noname/Documents/project_tiny/Floating_point/02_rtl/SHF/SHF_shift_left.sv
    Info (12023): Found entity 1: SHF_shift_left File: /home/noname/Documents/project_tiny/Floating_point/02_rtl/SHF/SHF_shift_left.sv Line: 1
Info (12021): Found 1 design units, including 1 entities, in source file /home/noname/Documents/project_tiny/Floating_point/02_rtl/SHF_unit.sv
    Info (12023): Found entity 1: SHF_unit File: /home/noname/Documents/project_tiny/Floating_point/02_rtl/SHF_unit.sv Line: 1
Info (12021): Found 1 design units, including 1 entities, in source file /home/noname/Documents/project_tiny/Floating_point/02_rtl/MANTISSA_unit.sv
    Info (12023): Found entity 1: MANTISSA_unit File: /home/noname/Documents/project_tiny/Floating_point/02_rtl/MANTISSA_unit.sv Line: 1
Info (12021): Found 1 design units, including 1 entities, in source file /home/noname/Documents/project_tiny/Floating_point/02_rtl/FPU_rounding.sv
    Info (12023): Found entity 1: FPU_rounding_hardware File: /home/noname/Documents/project_tiny/Floating_point/02_rtl/FPU_rounding.sv Line: 39
Info (12021): Found 1 design units, including 1 entities, in source file /home/noname/Documents/project_tiny/Floating_point/02_rtl/FPU_normalization.sv
    Info (12023): Found entity 1: FPU_normalization File: /home/noname/Documents/project_tiny/Floating_point/02_rtl/FPU_normalization.sv Line: 1
Info (12021): Found 1 design units, including 1 entities, in source file /home/noname/Documents/project_tiny/Floating_point/02_rtl/FPU_32bit.sv
    Info (12023): Found entity 1: FPU_32bit File: /home/noname/Documents/project_tiny/Floating_point/02_rtl/FPU_32bit.sv Line: 1
Info (12021): Found 1 design units, including 1 entities, in source file /home/noname/Documents/project_tiny/Floating_point/02_rtl/EXP_unit.sv
    Info (12023): Found entity 1: EXP_unit File: /home/noname/Documents/project_tiny/Floating_point/02_rtl/EXP_unit.sv Line: 1
Info (12021): Found 1 design units, including 1 entities, in source file FPU_unit.sv
    Info (12023): Found entity 1: FPU_unit File: /home/noname/Documents/project_tiny/Floating_point/04_impl/FPU_unit/FPU_unit.sv Line: 1
Info (12127): Elaborating entity "FPU_unit" for the top level hierarchy
Info (12128): Elaborating entity "FPU_32bit" for hierarchy "FPU_32bit:FPUT_UNIT" File: /home/noname/Documents/project_tiny/Floating_point/04_impl/FPU_unit/FPU_unit.sv Line: 38
Info (12128): Elaborating entity "EXP_unit" for hierarchy "FPU_32bit:FPUT_UNIT|EXP_unit:EXP_UNIT" File: /home/noname/Documents/project_tiny/Floating_point/02_rtl/FPU_32bit.sv Line: 62
Info (12128): Elaborating entity "EXP_diff_exponent" for hierarchy "FPU_32bit:FPUT_UNIT|EXP_unit:EXP_UNIT|EXP_diff_exponent:EXP_DIFF_EXPONENT_UNIT" File: /home/noname/Documents/project_tiny/Floating_point/02_rtl/EXP_unit.sv Line: 27
Info (12128): Elaborating entity "EXP_swap" for hierarchy "FPU_32bit:FPUT_UNIT|EXP_unit:EXP_UNIT|EXP_diff_exponent:EXP_DIFF_EXPONENT_UNIT|EXP_swap:EX_SWAP_UNIT" File: /home/noname/Documents/project_tiny/Floating_point/02_rtl/EXP/EXP_diff_exponent.sv Line: 21
Info (12128): Elaborating entity "EXP_sub" for hierarchy "FPU_32bit:FPUT_UNIT|EXP_unit:EXP_UNIT|EXP_diff_exponent:EXP_DIFF_EXPONENT_UNIT|EXP_sub:EXP_SUB_UNIT" File: /home/noname/Documents/project_tiny/Floating_point/02_rtl/EXP/EXP_diff_exponent.sv Line: 32
Info (12128): Elaborating entity "CLA_8bit" for hierarchy "FPU_32bit:FPUT_UNIT|EXP_unit:EXP_UNIT|EXP_diff_exponent:EXP_DIFF_EXPONENT_UNIT|EXP_sub:EXP_SUB_UNIT|CLA_8bit:CLA_8BIT_UNIT" File: /home/noname/Documents/project_tiny/Floating_point/02_rtl/EXP/EXP_sub.sv Line: 18
Info (12128): Elaborating entity "CLA_4bit" for hierarchy "FPU_32bit:FPUT_UNIT|EXP_unit:EXP_UNIT|EXP_diff_exponent:EXP_DIFF_EXPONENT_UNIT|EXP_sub:EXP_SUB_UNIT|CLA_8bit:CLA_8BIT_UNIT|CLA_4bit:CLA_4BIT_UNIT_0" File: /home/noname/Documents/project_tiny/Floating_point/02_rtl/ALU/CLA/CLA_8bit.sv Line: 64
Info (12128): Elaborating entity "EXP_adjust" for hierarchy "FPU_32bit:FPUT_UNIT|EXP_unit:EXP_UNIT|EXP_adjust:EXP_ADJUST_UNIT" File: /home/noname/Documents/project_tiny/Floating_point/02_rtl/EXP_unit.sv Line: 39
Info (12128): Elaborating entity "MANTISSA_unit" for hierarchy "FPU_32bit:FPUT_UNIT|MANTISSA_unit:MANTISSA_UNTI" File: /home/noname/Documents/project_tiny/Floating_point/02_rtl/FPU_32bit.sv Line: 79
Info (12128): Elaborating entity "MANTISSA_shf_right" for hierarchy "FPU_32bit:FPUT_UNIT|MANTISSA_unit:MANTISSA_UNTI|MANTISSA_shf_right:MANTISSA_UNIT" File: /home/noname/Documents/project_tiny/Floating_point/02_rtl/MANTISSA_unit.sv Line: 35
Info (12128): Elaborating entity "SHF_unit" for hierarchy "FPU_32bit:FPUT_UNIT|MANTISSA_unit:MANTISSA_UNTI|MANTISSA_shf_right:MANTISSA_UNIT|SHF_unit:SHF_shift_right_unit" File: /home/noname/Documents/project_tiny/Floating_point/02_rtl/MANTISSA/MANTISSA_shf_right.sv Line: 18
Info (12128): Elaborating entity "SHF_shift_right" for hierarchy "FPU_32bit:FPUT_UNIT|MANTISSA_unit:MANTISSA_UNTI|MANTISSA_shf_right:MANTISSA_UNIT|SHF_unit:SHF_shift_right_unit|SHF_shift_right:GEN_SHIFT_RIGHT.SHF_SHIFT_RIGHT" File: /home/noname/Documents/project_tiny/Floating_point/02_rtl/SHF_unit.sv Line: 29
Info (12128): Elaborating entity "MANTISSA_swap" for hierarchy "FPU_32bit:FPUT_UNIT|MANTISSA_unit:MANTISSA_UNTI|MANTISSA_swap:MANTISSA_swap_UNIT" File: /home/noname/Documents/project_tiny/Floating_point/02_rtl/MANTISSA_unit.sv Line: 51
Info (12128): Elaborating entity "ALU_unit" for hierarchy "FPU_32bit:FPUT_UNIT|MANTISSA_unit:MANTISSA_UNTI|ALU_unit:ALU_UNIT" File: /home/noname/Documents/project_tiny/Floating_point/02_rtl/MANTISSA_unit.sv Line: 66
Info (12128): Elaborating entity "SUM_unit" for hierarchy "FPU_32bit:FPUT_UNIT|MANTISSA_unit:MANTISSA_UNTI|ALU_unit:ALU_UNIT|SUM_unit:ALU_COMM_UNIT" File: /home/noname/Documents/project_tiny/Floating_point/02_rtl/MANTISSA/ALU_unit.sv Line: 31
Info (12128): Elaborating entity "CLA_28bit" for hierarchy "FPU_32bit:FPUT_UNIT|MANTISSA_unit:MANTISSA_UNTI|ALU_unit:ALU_UNIT|SUM_unit:ALU_COMM_UNIT|CLA_28bit:SUM_UNIT_CLA" File: /home/noname/Documents/project_tiny/Floating_point/02_rtl/ALU/SUM_unit.sv Line: 17
Info (12128): Elaborating entity "FPU_normalization" for hierarchy "FPU_32bit:FPUT_UNIT|FPU_normalization:FPU_NOR_UNIT" File: /home/noname/Documents/project_tiny/Floating_point/02_rtl/FPU_32bit.sv Line: 90
Info (12128): Elaborating entity "LOPD_32bit" for hierarchy "FPU_32bit:FPUT_UNIT|FPU_normalization:FPU_NOR_UNIT|LOPD_32bit:LOPD_unit" File: /home/noname/Documents/project_tiny/Floating_point/02_rtl/FPU_normalization.sv Line: 17
Info (12128): Elaborating entity "LOPD_16bit" for hierarchy "FPU_32bit:FPUT_UNIT|FPU_normalization:FPU_NOR_UNIT|LOPD_32bit:LOPD_unit|LOPD_16bit:LOPD_16bit_unit_0" File: /home/noname/Documents/project_tiny/Floating_point/02_rtl/LOPD/LOPD_32bit.sv Line: 16
Info (12128): Elaborating entity "LOPD_8bit" for hierarchy "FPU_32bit:FPUT_UNIT|FPU_normalization:FPU_NOR_UNIT|LOPD_32bit:LOPD_unit|LOPD_16bit:LOPD_16bit_unit_0|LOPD_8bit:LOPD_8bit_unit_0" File: /home/noname/Documents/project_tiny/Floating_point/02_rtl/LOPD/LOPD_16bit.sv Line: 17
Info (12128): Elaborating entity "LOPD_4bit" for hierarchy "FPU_32bit:FPUT_UNIT|FPU_normalization:FPU_NOR_UNIT|LOPD_32bit:LOPD_unit|LOPD_16bit:LOPD_16bit_unit_0|LOPD_8bit:LOPD_8bit_unit_0|LOPD_4bit:LOPD_4bit_unit_0" File: /home/noname/Documents/project_tiny/Floating_point/02_rtl/LOPD/LOPD_8bit.sv Line: 16
Info (12128): Elaborating entity "SHF_shift_right" for hierarchy "FPU_32bit:FPUT_UNIT|FPU_normalization:FPU_NOR_UNIT|SHF_shift_right:SHF_UNIT" File: /home/noname/Documents/project_tiny/Floating_point/02_rtl/FPU_normalization.sv Line: 28
Info (12128): Elaborating entity "FPU_rounding_hardware" for hierarchy "FPU_32bit:FPUT_UNIT|FPU_rounding_hardware:FPU_ROUDING_UNIT" File: /home/noname/Documents/project_tiny/Floating_point/02_rtl/FPU_32bit.sv Line: 97
Warning (12241): 6 hierarchies have connectivity warnings - see the Connectivity Checks report folder
Warning (13024): Output pins are stuck at VCC or GND
    Warning (13410): Pin "o_result[3]" is stuck at GND File: /home/noname/Documents/project_tiny/Floating_point/04_impl/FPU_unit/FPU_unit.sv Line: 24
    Warning (13410): Pin "o_result[4]" is stuck at GND File: /home/noname/Documents/project_tiny/Floating_point/04_impl/FPU_unit/FPU_unit.sv Line: 24
    Warning (13410): Pin "o_result[5]" is stuck at GND File: /home/noname/Documents/project_tiny/Floating_point/04_impl/FPU_unit/FPU_unit.sv Line: 24
    Warning (13410): Pin "o_result[6]" is stuck at GND File: /home/noname/Documents/project_tiny/Floating_point/04_impl/FPU_unit/FPU_unit.sv Line: 24
    Warning (13410): Pin "o_result[7]" is stuck at GND File: /home/noname/Documents/project_tiny/Floating_point/04_impl/FPU_unit/FPU_unit.sv Line: 24
    Warning (13410): Pin "o_result[8]" is stuck at GND File: /home/noname/Documents/project_tiny/Floating_point/04_impl/FPU_unit/FPU_unit.sv Line: 24
    Warning (13410): Pin "o_result[9]" is stuck at GND File: /home/noname/Documents/project_tiny/Floating_point/04_impl/FPU_unit/FPU_unit.sv Line: 24
    Warning (13410): Pin "o_result[10]" is stuck at GND File: /home/noname/Documents/project_tiny/Floating_point/04_impl/FPU_unit/FPU_unit.sv Line: 24
    Warning (13410): Pin "o_result[11]" is stuck at GND File: /home/noname/Documents/project_tiny/Floating_point/04_impl/FPU_unit/FPU_unit.sv Line: 24
    Warning (13410): Pin "o_result[12]" is stuck at GND File: /home/noname/Documents/project_tiny/Floating_point/04_impl/FPU_unit/FPU_unit.sv Line: 24
    Warning (13410): Pin "o_result[13]" is stuck at GND File: /home/noname/Documents/project_tiny/Floating_point/04_impl/FPU_unit/FPU_unit.sv Line: 24
    Warning (13410): Pin "o_result[14]" is stuck at GND File: /home/noname/Documents/project_tiny/Floating_point/04_impl/FPU_unit/FPU_unit.sv Line: 24
    Warning (13410): Pin "o_result[15]" is stuck at GND File: /home/noname/Documents/project_tiny/Floating_point/04_impl/FPU_unit/FPU_unit.sv Line: 24
    Warning (13410): Pin "o_result[16]" is stuck at GND File: /home/noname/Documents/project_tiny/Floating_point/04_impl/FPU_unit/FPU_unit.sv Line: 24
    Warning (13410): Pin "o_result[17]" is stuck at GND File: /home/noname/Documents/project_tiny/Floating_point/04_impl/FPU_unit/FPU_unit.sv Line: 24
    Warning (13410): Pin "o_result[18]" is stuck at GND File: /home/noname/Documents/project_tiny/Floating_point/04_impl/FPU_unit/FPU_unit.sv Line: 24
    Warning (13410): Pin "o_result[19]" is stuck at GND File: /home/noname/Documents/project_tiny/Floating_point/04_impl/FPU_unit/FPU_unit.sv Line: 24
    Warning (13410): Pin "o_result[20]" is stuck at GND File: /home/noname/Documents/project_tiny/Floating_point/04_impl/FPU_unit/FPU_unit.sv Line: 24
    Warning (13410): Pin "o_result[21]" is stuck at GND File: /home/noname/Documents/project_tiny/Floating_point/04_impl/FPU_unit/FPU_unit.sv Line: 24
    Warning (13410): Pin "o_result[22]" is stuck at GND File: /home/noname/Documents/project_tiny/Floating_point/04_impl/FPU_unit/FPU_unit.sv Line: 24
    Warning (13410): Pin "o_result[23]" is stuck at GND File: /home/noname/Documents/project_tiny/Floating_point/04_impl/FPU_unit/FPU_unit.sv Line: 24
    Warning (13410): Pin "o_result[24]" is stuck at GND File: /home/noname/Documents/project_tiny/Floating_point/04_impl/FPU_unit/FPU_unit.sv Line: 24
    Warning (13410): Pin "o_result[25]" is stuck at GND File: /home/noname/Documents/project_tiny/Floating_point/04_impl/FPU_unit/FPU_unit.sv Line: 24
    Warning (13410): Pin "o_result[26]" is stuck at GND File: /home/noname/Documents/project_tiny/Floating_point/04_impl/FPU_unit/FPU_unit.sv Line: 24
    Warning (13410): Pin "o_result[27]" is stuck at GND File: /home/noname/Documents/project_tiny/Floating_point/04_impl/FPU_unit/FPU_unit.sv Line: 24
    Warning (13410): Pin "o_result[28]" is stuck at GND File: /home/noname/Documents/project_tiny/Floating_point/04_impl/FPU_unit/FPU_unit.sv Line: 24
    Warning (13410): Pin "o_result[29]" is stuck at GND File: /home/noname/Documents/project_tiny/Floating_point/04_impl/FPU_unit/FPU_unit.sv Line: 24
    Warning (13410): Pin "o_result[30]" is stuck at GND File: /home/noname/Documents/project_tiny/Floating_point/04_impl/FPU_unit/FPU_unit.sv Line: 24
    Warning (13410): Pin "o_result[31]" is stuck at GND File: /home/noname/Documents/project_tiny/Floating_point/04_impl/FPU_unit/FPU_unit.sv Line: 24
Info (286030): Timing-Driven Synthesis is running
Info (17049): 44 registers lost all their fanouts during netlist optimizations.
Info (16010): Generating hard_block partition "hard_block:auto_generated_inst"
    Info (16011): Adding 0 node(s), including 0 DDIO, 0 PLL, 0 transceiver and 0 LCELL
Warning (21074): Design contains 44 input pin(s) that do not drive logic
    Warning (15610): No output dependent on input pin "i_data_a[2]" File: /home/noname/Documents/project_tiny/Floating_point/04_impl/FPU_unit/FPU_unit.sv Line: 7
    Warning (15610): No output dependent on input pin "i_data_b[2]" File: /home/noname/Documents/project_tiny/Floating_point/04_impl/FPU_unit/FPU_unit.sv Line: 8
    Warning (15610): No output dependent on input pin "i_data_a[3]" File: /home/noname/Documents/project_tiny/Floating_point/04_impl/FPU_unit/FPU_unit.sv Line: 7
    Warning (15610): No output dependent on input pin "i_data_b[3]" File: /home/noname/Documents/project_tiny/Floating_point/04_impl/FPU_unit/FPU_unit.sv Line: 8
    Warning (15610): No output dependent on input pin "i_data_a[4]" File: /home/noname/Documents/project_tiny/Floating_point/04_impl/FPU_unit/FPU_unit.sv Line: 7
    Warning (15610): No output dependent on input pin "i_data_b[4]" File: /home/noname/Documents/project_tiny/Floating_point/04_impl/FPU_unit/FPU_unit.sv Line: 8
    Warning (15610): No output dependent on input pin "i_data_a[6]" File: /home/noname/Documents/project_tiny/Floating_point/04_impl/FPU_unit/FPU_unit.sv Line: 7
    Warning (15610): No output dependent on input pin "i_data_b[6]" File: /home/noname/Documents/project_tiny/Floating_point/04_impl/FPU_unit/FPU_unit.sv Line: 8
    Warning (15610): No output dependent on input pin "i_data_a[0]" File: /home/noname/Documents/project_tiny/Floating_point/04_impl/FPU_unit/FPU_unit.sv Line: 7
    Warning (15610): No output dependent on input pin "i_data_b[0]" File: /home/noname/Documents/project_tiny/Floating_point/04_impl/FPU_unit/FPU_unit.sv Line: 8
    Warning (15610): No output dependent on input pin "i_data_a[1]" File: /home/noname/Documents/project_tiny/Floating_point/04_impl/FPU_unit/FPU_unit.sv Line: 7
    Warning (15610): No output dependent on input pin "i_data_b[1]" File: /home/noname/Documents/project_tiny/Floating_point/04_impl/FPU_unit/FPU_unit.sv Line: 8
    Warning (15610): No output dependent on input pin "i_data_a[7]" File: /home/noname/Documents/project_tiny/Floating_point/04_impl/FPU_unit/FPU_unit.sv Line: 7
    Warning (15610): No output dependent on input pin "i_data_b[7]" File: /home/noname/Documents/project_tiny/Floating_point/04_impl/FPU_unit/FPU_unit.sv Line: 8
    Warning (15610): No output dependent on input pin "i_data_a[8]" File: /home/noname/Documents/project_tiny/Floating_point/04_impl/FPU_unit/FPU_unit.sv Line: 7
    Warning (15610): No output dependent on input pin "i_data_b[8]" File: /home/noname/Documents/project_tiny/Floating_point/04_impl/FPU_unit/FPU_unit.sv Line: 8
    Warning (15610): No output dependent on input pin "i_data_a[9]" File: /home/noname/Documents/project_tiny/Floating_point/04_impl/FPU_unit/FPU_unit.sv Line: 7
    Warning (15610): No output dependent on input pin "i_data_b[9]" File: /home/noname/Documents/project_tiny/Floating_point/04_impl/FPU_unit/FPU_unit.sv Line: 8
    Warning (15610): No output dependent on input pin "i_data_a[10]" File: /home/noname/Documents/project_tiny/Floating_point/04_impl/FPU_unit/FPU_unit.sv Line: 7
    Warning (15610): No output dependent on input pin "i_data_b[10]" File: /home/noname/Documents/project_tiny/Floating_point/04_impl/FPU_unit/FPU_unit.sv Line: 8
    Warning (15610): No output dependent on input pin "i_data_a[11]" File: /home/noname/Documents/project_tiny/Floating_point/04_impl/FPU_unit/FPU_unit.sv Line: 7
    Warning (15610): No output dependent on input pin "i_data_b[11]" File: /home/noname/Documents/project_tiny/Floating_point/04_impl/FPU_unit/FPU_unit.sv Line: 8
    Warning (15610): No output dependent on input pin "i_data_a[12]" File: /home/noname/Documents/project_tiny/Floating_point/04_impl/FPU_unit/FPU_unit.sv Line: 7
    Warning (15610): No output dependent on input pin "i_data_b[12]" File: /home/noname/Documents/project_tiny/Floating_point/04_impl/FPU_unit/FPU_unit.sv Line: 8
    Warning (15610): No output dependent on input pin "i_data_a[13]" File: /home/noname/Documents/project_tiny/Floating_point/04_impl/FPU_unit/FPU_unit.sv Line: 7
    Warning (15610): No output dependent on input pin "i_data_b[13]" File: /home/noname/Documents/project_tiny/Floating_point/04_impl/FPU_unit/FPU_unit.sv Line: 8
    Warning (15610): No output dependent on input pin "i_data_a[14]" File: /home/noname/Documents/project_tiny/Floating_point/04_impl/FPU_unit/FPU_unit.sv Line: 7
    Warning (15610): No output dependent on input pin "i_data_b[14]" File: /home/noname/Documents/project_tiny/Floating_point/04_impl/FPU_unit/FPU_unit.sv Line: 8
    Warning (15610): No output dependent on input pin "i_data_a[15]" File: /home/noname/Documents/project_tiny/Floating_point/04_impl/FPU_unit/FPU_unit.sv Line: 7
    Warning (15610): No output dependent on input pin "i_data_b[15]" File: /home/noname/Documents/project_tiny/Floating_point/04_impl/FPU_unit/FPU_unit.sv Line: 8
    Warning (15610): No output dependent on input pin "i_data_a[16]" File: /home/noname/Documents/project_tiny/Floating_point/04_impl/FPU_unit/FPU_unit.sv Line: 7
    Warning (15610): No output dependent on input pin "i_data_b[16]" File: /home/noname/Documents/project_tiny/Floating_point/04_impl/FPU_unit/FPU_unit.sv Line: 8
    Warning (15610): No output dependent on input pin "i_data_a[17]" File: /home/noname/Documents/project_tiny/Floating_point/04_impl/FPU_unit/FPU_unit.sv Line: 7
    Warning (15610): No output dependent on input pin "i_data_b[17]" File: /home/noname/Documents/project_tiny/Floating_point/04_impl/FPU_unit/FPU_unit.sv Line: 8
    Warning (15610): No output dependent on input pin "i_data_a[18]" File: /home/noname/Documents/project_tiny/Floating_point/04_impl/FPU_unit/FPU_unit.sv Line: 7
    Warning (15610): No output dependent on input pin "i_data_b[18]" File: /home/noname/Documents/project_tiny/Floating_point/04_impl/FPU_unit/FPU_unit.sv Line: 8
    Warning (15610): No output dependent on input pin "i_data_a[19]" File: /home/noname/Documents/project_tiny/Floating_point/04_impl/FPU_unit/FPU_unit.sv Line: 7
    Warning (15610): No output dependent on input pin "i_data_b[19]" File: /home/noname/Documents/project_tiny/Floating_point/04_impl/FPU_unit/FPU_unit.sv Line: 8
    Warning (15610): No output dependent on input pin "i_data_a[20]" File: /home/noname/Documents/project_tiny/Floating_point/04_impl/FPU_unit/FPU_unit.sv Line: 7
    Warning (15610): No output dependent on input pin "i_data_b[20]" File: /home/noname/Documents/project_tiny/Floating_point/04_impl/FPU_unit/FPU_unit.sv Line: 8
    Warning (15610): No output dependent on input pin "i_data_a[21]" File: /home/noname/Documents/project_tiny/Floating_point/04_impl/FPU_unit/FPU_unit.sv Line: 7
    Warning (15610): No output dependent on input pin "i_data_b[21]" File: /home/noname/Documents/project_tiny/Floating_point/04_impl/FPU_unit/FPU_unit.sv Line: 8
    Warning (15610): No output dependent on input pin "i_data_a[22]" File: /home/noname/Documents/project_tiny/Floating_point/04_impl/FPU_unit/FPU_unit.sv Line: 7
    Warning (15610): No output dependent on input pin "i_data_b[22]" File: /home/noname/Documents/project_tiny/Floating_point/04_impl/FPU_unit/FPU_unit.sv Line: 8
Info (21057): Implemented 130 device resources after synthesis - the final resource count might be different
    Info (21058): Implemented 67 input pins
    Info (21059): Implemented 32 output pins
    Info (21061): Implemented 31 logic cells
Info: Quartus Prime Analysis & Synthesis was successful. 0 errors, 77 warnings
    Info: Peak virtual memory: 480 megabytes
    Info: Processing ended: Sat Oct 18 20:38:49 2025
    Info: Elapsed time: 00:00:07
    Info: Total CPU time (on all processors): 00:00:17


