Analysis & Synthesis report for UART_Rx_block
Sat Nov  8 14:30:41 2025
Quartus Prime Version 24.1std.0 Build 1077 03/04/2025 SC Lite Edition


---------------------
; Table of Contents ;
---------------------
  1. Legal Notice
  2. Analysis & Synthesis Summary
  3. Analysis & Synthesis Settings
  4. Parallel Compilation
  5. Analysis & Synthesis Source Files Read
  6. Analysis & Synthesis Resource Usage Summary
  7. Analysis & Synthesis Resource Utilization by Entity
  8. State Machine - |UART_Rx_block|UART_Receiver:UART_RX|state
  9. Registers Removed During Synthesis
 10. Removed Registers Triggering Further Register Optimizations
 11. General Register Statistics
 12. Multiplexer Restructuring Statistics (Restructuring Performed)
 13. Parameter Settings for User Entity Instance: Top-level Entity: |UART_Rx_block
 14. Parameter Settings for User Entity Instance: UART_baud_generator:BAUD_GEN_UNIT
 15. Parameter Settings for User Entity Instance: UART_fifo:FIFO_UNIT
 16. Parameter Settings for User Entity Instance: UART_Receiver:UART_RX
 17. Port Connectivity Checks: "UART_Receiver:UART_RX"
 18. Port Connectivity Checks: "UART_baud_generator:BAUD_GEN_UNIT"
 19. Post-Synthesis Netlist Statistics for Top Partition
 20. Elapsed Time Per Partition
 21. Analysis & Synthesis Messages



----------------
; Legal Notice ;
----------------
Copyright (C) 2025  Altera Corporation. All rights reserved.
Your use of Altera Corporation's design tools, logic functions 
and other software and tools, and any partner logic 
functions, and any output files from any of the foregoing 
(including device programming or simulation files), and any 
associated documentation or information are expressly subject 
to the terms and conditions of the Altera Program License 
Subscription Agreement, the Altera Quartus Prime License Agreement,
the Altera IP License Agreement, or other applicable license
agreement, including, without limitation, that your use is for
the sole purpose of programming logic devices manufactured by
Altera and sold by Altera or its authorized distributors.  Please
refer to the Altera Software License Subscription Agreements 
on the Quartus Prime software download page.



+-----------------------------------------------------------------------------------+
; Analysis & Synthesis Summary                                                      ;
+---------------------------------+-------------------------------------------------+
; Analysis & Synthesis Status     ; Successful - Sat Nov  8 14:30:41 2025           ;
; Quartus Prime Version           ; 24.1std.0 Build 1077 03/04/2025 SC Lite Edition ;
; Revision Name                   ; UART_Rx_block                                   ;
; Top-level Entity Name           ; UART_Rx_block                                   ;
; Family                          ; Cyclone V                                       ;
; Logic utilization (in ALMs)     ; N/A                                             ;
; Total registers                 ; 2                                               ;
; Total pins                      ; 69                                              ;
; Total virtual pins              ; 0                                               ;
; Total block memory bits         ; 0                                               ;
; Total DSP Blocks                ; 0                                               ;
; Total HSSI RX PCSs              ; 0                                               ;
; Total HSSI PMA RX Deserializers ; 0                                               ;
; Total HSSI TX PCSs              ; 0                                               ;
; Total HSSI PMA TX Serializers   ; 0                                               ;
; Total PLLs                      ; 0                                               ;
; Total DLLs                      ; 0                                               ;
+---------------------------------+-------------------------------------------------+


+---------------------------------------------------------------------------------------------------------------------------+
; Analysis & Synthesis Settings                                                                                             ;
+---------------------------------------------------------------------------------+--------------------+--------------------+
; Option                                                                          ; Setting            ; Default Value      ;
+---------------------------------------------------------------------------------+--------------------+--------------------+
; Device                                                                          ; 5CSXFC5D6F31C6     ;                    ;
; Top-level entity name                                                           ; UART_Rx_block      ; UART_Rx_block      ;
; Family name                                                                     ; Cyclone V          ; Cyclone V          ;
; Use smart compilation                                                           ; Off                ; Off                ;
; Enable parallel Assembler and Timing Analyzer during compilation                ; On                 ; On                 ;
; Enable compact report table                                                     ; Off                ; Off                ;
; Restructure Multiplexers                                                        ; Auto               ; Auto               ;
; MLAB Add Timing Constraints For Mixed-Port Feed-Through Mode Setting Don't Care ; Off                ; Off                ;
; Create Debugging Nodes for IP Cores                                             ; Off                ; Off                ;
; Preserve fewer node names                                                       ; On                 ; On                 ;
; Intel FPGA IP Evaluation Mode                                                   ; Enable             ; Enable             ;
; Verilog Version                                                                 ; Verilog_2001       ; Verilog_2001       ;
; VHDL Version                                                                    ; VHDL_1993          ; VHDL_1993          ;
; State Machine Processing                                                        ; Auto               ; Auto               ;
; Safe State Machine                                                              ; Off                ; Off                ;
; Extract Verilog State Machines                                                  ; On                 ; On                 ;
; Extract VHDL State Machines                                                     ; On                 ; On                 ;
; Ignore Verilog initial constructs                                               ; Off                ; Off                ;
; Iteration limit for constant Verilog loops                                      ; 5000               ; 5000               ;
; Iteration limit for non-constant Verilog loops                                  ; 250                ; 250                ;
; Add Pass-Through Logic to Inferred RAMs                                         ; On                 ; On                 ;
; Infer RAMs from Raw Logic                                                       ; On                 ; On                 ;
; Parallel Synthesis                                                              ; On                 ; On                 ;
; DSP Block Balancing                                                             ; Auto               ; Auto               ;
; NOT Gate Push-Back                                                              ; On                 ; On                 ;
; Power-Up Don't Care                                                             ; On                 ; On                 ;
; Remove Redundant Logic Cells                                                    ; Off                ; Off                ;
; Remove Duplicate Registers                                                      ; On                 ; On                 ;
; Ignore CARRY Buffers                                                            ; Off                ; Off                ;
; Ignore CASCADE Buffers                                                          ; Off                ; Off                ;
; Ignore GLOBAL Buffers                                                           ; Off                ; Off                ;
; Ignore ROW GLOBAL Buffers                                                       ; Off                ; Off                ;
; Ignore LCELL Buffers                                                            ; Off                ; Off                ;
; Ignore SOFT Buffers                                                             ; On                 ; On                 ;
; Limit AHDL Integers to 32 Bits                                                  ; Off                ; Off                ;
; Optimization Technique                                                          ; Balanced           ; Balanced           ;
; Carry Chain Length                                                              ; 70                 ; 70                 ;
; Auto Carry Chains                                                               ; On                 ; On                 ;
; Auto Open-Drain Pins                                                            ; On                 ; On                 ;
; Perform WYSIWYG Primitive Resynthesis                                           ; Off                ; Off                ;
; Auto ROM Replacement                                                            ; On                 ; On                 ;
; Auto RAM Replacement                                                            ; On                 ; On                 ;
; Auto DSP Block Replacement                                                      ; On                 ; On                 ;
; Auto Shift Register Replacement                                                 ; Auto               ; Auto               ;
; Allow Shift Register Merging across Hierarchies                                 ; Auto               ; Auto               ;
; Auto Clock Enable Replacement                                                   ; On                 ; On                 ;
; Strict RAM Replacement                                                          ; Off                ; Off                ;
; Allow Synchronous Control Signals                                               ; On                 ; On                 ;
; Force Use of Synchronous Clear Signals                                          ; Off                ; Off                ;
; Auto Resource Sharing                                                           ; Off                ; Off                ;
; Allow Any RAM Size For Recognition                                              ; Off                ; Off                ;
; Allow Any ROM Size For Recognition                                              ; Off                ; Off                ;
; Allow Any Shift Register Size For Recognition                                   ; Off                ; Off                ;
; Use LogicLock Constraints during Resource Balancing                             ; On                 ; On                 ;
; Ignore translate_off and synthesis_off directives                               ; Off                ; Off                ;
; Timing-Driven Synthesis                                                         ; On                 ; On                 ;
; Report Parameter Settings                                                       ; On                 ; On                 ;
; Report Source Assignments                                                       ; On                 ; On                 ;
; Report Connectivity Checks                                                      ; On                 ; On                 ;
; Ignore Maximum Fan-Out Assignments                                              ; Off                ; Off                ;
; Synchronization Register Chain Length                                           ; 3                  ; 3                  ;
; Power Optimization During Synthesis                                             ; Normal compilation ; Normal compilation ;
; HDL message level                                                               ; Level2             ; Level2             ;
; Suppress Register Optimization Related Messages                                 ; Off                ; Off                ;
; Number of Removed Registers Reported in Synthesis Report                        ; 5000               ; 5000               ;
; Number of Swept Nodes Reported in Synthesis Report                              ; 5000               ; 5000               ;
; Number of Inverted Registers Reported in Synthesis Report                       ; 100                ; 100                ;
; Clock MUX Protection                                                            ; On                 ; On                 ;
; Auto Gated Clock Conversion                                                     ; Off                ; Off                ;
; Block Design Naming                                                             ; Auto               ; Auto               ;
; SDC constraint protection                                                       ; Off                ; Off                ;
; Synthesis Effort                                                                ; Auto               ; Auto               ;
; Shift Register Replacement - Allow Asynchronous Clear Signal                    ; On                 ; On                 ;
; Pre-Mapping Resynthesis Optimization                                            ; Off                ; Off                ;
; Analysis & Synthesis Message Level                                              ; Medium             ; Medium             ;
; Disable Register Merging Across Hierarchies                                     ; Auto               ; Auto               ;
; Resource Aware Inference For Block RAM                                          ; On                 ; On                 ;
; Automatic Parallel Synthesis                                                    ; On                 ; On                 ;
; Partial Reconfiguration Bitstream ID                                            ; Off                ; Off                ;
+---------------------------------------------------------------------------------+--------------------+--------------------+


+------------------------------------------+
; Parallel Compilation                     ;
+----------------------------+-------------+
; Processors                 ; Number      ;
+----------------------------+-------------+
; Number detected on machine ; 8           ;
; Maximum allowed            ; 4           ;
;                            ;             ;
; Average used               ; 1.00        ;
; Maximum used               ; 4           ;
;                            ;             ;
; Usage by Processor         ; % Time Used ;
;     Processor 1            ; 100.0%      ;
;     Processors 2-4         ;   0.0%      ;
+----------------------------+-------------+


+--------------------------------------------------------------------------------------------------------------------------------------------------------------------------------------------------+
; Analysis & Synthesis Source Files Read                                                                                                                                                           ;
+-----------------------------------+-----------------+------------------------------+---------------------------------------------------------------------------------------------------+---------+
; File Name with User-Entered Path  ; Used in Netlist ; File Type                    ; File Name with Absolute Path                                                                      ; Library ;
+-----------------------------------+-----------------+------------------------------+---------------------------------------------------------------------------------------------------+---------+
; ../../Code/UART_Rx_block.sv       ; yes             ; User SystemVerilog HDL File  ; /home/noname/Documents/project_tiny/Floating_point/Verision2/04_imple/Code/UART_Rx_block.sv       ;         ;
; ../../Code/UART_Receiver.sv       ; yes             ; User SystemVerilog HDL File  ; /home/noname/Documents/project_tiny/Floating_point/Verision2/04_imple/Code/UART_Receiver.sv       ;         ;
; ../../Code/UART_fifo.sv           ; yes             ; User SystemVerilog HDL File  ; /home/noname/Documents/project_tiny/Floating_point/Verision2/04_imple/Code/UART_fifo.sv           ;         ;
; ../../Code/UART_detect_done.sv    ; yes             ; User SystemVerilog HDL File  ; /home/noname/Documents/project_tiny/Floating_point/Verision2/04_imple/Code/UART_detect_done.sv    ;         ;
; ../../Code/UART_baud_generator.sv ; yes             ; User SystemVerilog HDL File  ; /home/noname/Documents/project_tiny/Floating_point/Verision2/04_imple/Code/UART_baud_generator.sv ;         ;
+-----------------------------------+-----------------+------------------------------+---------------------------------------------------------------------------------------------------+---------+


+----------------------------------------------------------------------------------------+
; Analysis & Synthesis Resource Usage Summary                                            ;
+---------------------------------------------+------------------------------------------+
; Resource                                    ; Usage                                    ;
+---------------------------------------------+------------------------------------------+
; Estimate of Logic utilization (ALMs needed) ; 1                                        ;
;                                             ;                                          ;
; Combinational ALUT usage for logic          ; 1                                        ;
;     -- 7 input functions                    ; 0                                        ;
;     -- 6 input functions                    ; 0                                        ;
;     -- 5 input functions                    ; 0                                        ;
;     -- 4 input functions                    ; 0                                        ;
;     -- <=3 input functions                  ; 1                                        ;
;                                             ;                                          ;
; Dedicated logic registers                   ; 2                                        ;
;                                             ;                                          ;
; I/O pins                                    ; 69                                       ;
;                                             ;                                          ;
; Total DSP Blocks                            ; 0                                        ;
;                                             ;                                          ;
; Maximum fan-out node                        ; UART_detect_done:UART_DETECT_DONE|o_done ;
; Maximum fan-out                             ; 2                                        ;
; Total fan-out                               ; 78                                       ;
; Average fan-out                             ; 0.55                                     ;
+---------------------------------------------+------------------------------------------+


+--------------------------------------------------------------------------------------------------------------------------------------------------------------------------------------------------------------------------------------------------------+
; Analysis & Synthesis Resource Utilization by Entity                                                                                                                                                                                                    ;
+----------------------------------------+---------------------+---------------------------+-------------------+------------+------+--------------+--------------------------------------------------------------------+------------------+--------------+
; Compilation Hierarchy Node             ; Combinational ALUTs ; Dedicated Logic Registers ; Block Memory Bits ; DSP Blocks ; Pins ; Virtual Pins ; Full Hierarchy Name                                                ; Entity Name      ; Library Name ;
+----------------------------------------+---------------------+---------------------------+-------------------+------------+------+--------------+--------------------------------------------------------------------+------------------+--------------+
; |UART_Rx_block                         ; 1 (0)               ; 2 (0)                     ; 0                 ; 0          ; 69   ; 0            ; |UART_Rx_block                                                     ; UART_Rx_block    ; work         ;
;    |UART_detect_done:UART_DETECT_DONE| ; 1 (0)               ; 2 (1)                     ; 0                 ; 0          ; 0    ; 0            ; |UART_Rx_block|UART_detect_done:UART_DETECT_DONE                   ; UART_detect_done ; work         ;
;       |jk_ff:DETECT_EN_A|              ; 1 (1)               ; 1 (1)                     ; 0                 ; 0          ; 0    ; 0            ; |UART_Rx_block|UART_detect_done:UART_DETECT_DONE|jk_ff:DETECT_EN_A ; jk_ff            ; work         ;
+----------------------------------------+---------------------+---------------------------+-------------------+------------+------+--------------+--------------------------------------------------------------------+------------------+--------------+
Note: For table entries with two numbers listed, the numbers in parentheses indicate the number of resources of the given type used by the specific entity alone. The numbers listed outside of parentheses indicate the total resources of the given type used by the specific entity and all of its sub-entities in the hierarchy.


Encoding Type:  One-Hot
+---------------------------------------------------------------------------+
; State Machine - |UART_Rx_block|UART_Receiver:UART_RX|state                ;
+----------------+------------+--------------+----------------+-------------+
; Name           ; state.IDLE ; state.STOP_I ; state.TRANSMIT ; state.START ;
+----------------+------------+--------------+----------------+-------------+
; state.IDLE     ; 0          ; 0            ; 0              ; 0           ;
; state.START    ; 1          ; 0            ; 0              ; 1           ;
; state.TRANSMIT ; 1          ; 0            ; 1              ; 0           ;
; state.STOP_I   ; 1          ; 1            ; 0              ; 0           ;
+----------------+------------+--------------+----------------+-------------+


+---------------------------------------------------------------------------------------------------------------------------+
; Registers Removed During Synthesis                                                                                        ;
+-------------------------------------------------------+-------------------------------------------------------------------+
; Register name                                         ; Reason for Removal                                                ;
+-------------------------------------------------------+-------------------------------------------------------------------+
; UART_Receiver:UART_RX|w_input_next                    ; Stuck at GND due to stuck port data_in                            ;
; UART_fifo:FIFO_UNIT|o_en_a                            ; Stuck at GND due to stuck port data_in                            ;
; UART_fifo:FIFO_UNIT|o_en_b                            ; Stuck at GND due to stuck port data_in                            ;
; UART_fifo:FIFO_UNIT|o_data_a[0..31]                   ; Stuck at GND due to stuck port clock_enable                       ;
; UART_fifo:FIFO_UNIT|o_data_b[0..31]                   ; Stuck at GND due to stuck port clock_enable                       ;
; UART_fifo:FIFO_UNIT|fifo_mem[0][0]                    ; Lost fanout                                                       ;
; UART_fifo:FIFO_UNIT|fifo_mem[0][1]                    ; Lost fanout                                                       ;
; UART_fifo:FIFO_UNIT|fifo_mem[0][2]                    ; Lost fanout                                                       ;
; UART_fifo:FIFO_UNIT|fifo_mem[0][3]                    ; Lost fanout                                                       ;
; UART_fifo:FIFO_UNIT|fifo_mem[0][4]                    ; Lost fanout                                                       ;
; UART_fifo:FIFO_UNIT|fifo_mem[0][5]                    ; Lost fanout                                                       ;
; UART_fifo:FIFO_UNIT|fifo_mem[0][6]                    ; Lost fanout                                                       ;
; UART_fifo:FIFO_UNIT|fifo_mem[0][7]                    ; Lost fanout                                                       ;
; UART_fifo:FIFO_UNIT|fifo_mem[1][0]                    ; Lost fanout                                                       ;
; UART_fifo:FIFO_UNIT|fifo_mem[1][1]                    ; Lost fanout                                                       ;
; UART_fifo:FIFO_UNIT|fifo_mem[1][2]                    ; Lost fanout                                                       ;
; UART_fifo:FIFO_UNIT|fifo_mem[1][3]                    ; Lost fanout                                                       ;
; UART_fifo:FIFO_UNIT|fifo_mem[1][4]                    ; Lost fanout                                                       ;
; UART_fifo:FIFO_UNIT|fifo_mem[1][5]                    ; Lost fanout                                                       ;
; UART_fifo:FIFO_UNIT|fifo_mem[1][6]                    ; Lost fanout                                                       ;
; UART_fifo:FIFO_UNIT|fifo_mem[1][7]                    ; Lost fanout                                                       ;
; UART_fifo:FIFO_UNIT|fifo_mem[2][0]                    ; Lost fanout                                                       ;
; UART_fifo:FIFO_UNIT|fifo_mem[2][1]                    ; Lost fanout                                                       ;
; UART_fifo:FIFO_UNIT|fifo_mem[2][2]                    ; Lost fanout                                                       ;
; UART_fifo:FIFO_UNIT|fifo_mem[2][3]                    ; Lost fanout                                                       ;
; UART_fifo:FIFO_UNIT|fifo_mem[2][4]                    ; Lost fanout                                                       ;
; UART_fifo:FIFO_UNIT|fifo_mem[2][5]                    ; Lost fanout                                                       ;
; UART_fifo:FIFO_UNIT|fifo_mem[2][6]                    ; Lost fanout                                                       ;
; UART_fifo:FIFO_UNIT|fifo_mem[2][7]                    ; Lost fanout                                                       ;
; UART_fifo:FIFO_UNIT|fifo_mem[3][0]                    ; Lost fanout                                                       ;
; UART_fifo:FIFO_UNIT|fifo_mem[3][1]                    ; Lost fanout                                                       ;
; UART_fifo:FIFO_UNIT|fifo_mem[3][2]                    ; Lost fanout                                                       ;
; UART_fifo:FIFO_UNIT|fifo_mem[3][3]                    ; Lost fanout                                                       ;
; UART_fifo:FIFO_UNIT|fifo_mem[3][4]                    ; Lost fanout                                                       ;
; UART_fifo:FIFO_UNIT|fifo_mem[3][5]                    ; Lost fanout                                                       ;
; UART_fifo:FIFO_UNIT|fifo_mem[3][6]                    ; Lost fanout                                                       ;
; UART_fifo:FIFO_UNIT|fifo_mem[3][7]                    ; Lost fanout                                                       ;
; UART_fifo:FIFO_UNIT|fifo_mem[4][0]                    ; Lost fanout                                                       ;
; UART_fifo:FIFO_UNIT|fifo_mem[4][1]                    ; Lost fanout                                                       ;
; UART_fifo:FIFO_UNIT|fifo_mem[4][2]                    ; Lost fanout                                                       ;
; UART_fifo:FIFO_UNIT|fifo_mem[4][3]                    ; Lost fanout                                                       ;
; UART_fifo:FIFO_UNIT|fifo_mem[4][4]                    ; Lost fanout                                                       ;
; UART_fifo:FIFO_UNIT|fifo_mem[4][5]                    ; Lost fanout                                                       ;
; UART_fifo:FIFO_UNIT|fifo_mem[4][6]                    ; Lost fanout                                                       ;
; UART_fifo:FIFO_UNIT|fifo_mem[4][7]                    ; Lost fanout                                                       ;
; UART_fifo:FIFO_UNIT|fifo_mem[5][0]                    ; Lost fanout                                                       ;
; UART_fifo:FIFO_UNIT|fifo_mem[5][1]                    ; Lost fanout                                                       ;
; UART_fifo:FIFO_UNIT|fifo_mem[5][2]                    ; Lost fanout                                                       ;
; UART_fifo:FIFO_UNIT|fifo_mem[5][3]                    ; Lost fanout                                                       ;
; UART_fifo:FIFO_UNIT|fifo_mem[5][4]                    ; Lost fanout                                                       ;
; UART_fifo:FIFO_UNIT|fifo_mem[5][5]                    ; Lost fanout                                                       ;
; UART_fifo:FIFO_UNIT|fifo_mem[5][6]                    ; Lost fanout                                                       ;
; UART_fifo:FIFO_UNIT|fifo_mem[5][7]                    ; Lost fanout                                                       ;
; UART_fifo:FIFO_UNIT|fifo_mem[6][0]                    ; Lost fanout                                                       ;
; UART_fifo:FIFO_UNIT|fifo_mem[6][1]                    ; Lost fanout                                                       ;
; UART_fifo:FIFO_UNIT|fifo_mem[6][2]                    ; Lost fanout                                                       ;
; UART_fifo:FIFO_UNIT|fifo_mem[6][3]                    ; Lost fanout                                                       ;
; UART_fifo:FIFO_UNIT|fifo_mem[6][4]                    ; Lost fanout                                                       ;
; UART_fifo:FIFO_UNIT|fifo_mem[6][5]                    ; Lost fanout                                                       ;
; UART_fifo:FIFO_UNIT|fifo_mem[6][6]                    ; Lost fanout                                                       ;
; UART_fifo:FIFO_UNIT|fifo_mem[6][7]                    ; Lost fanout                                                       ;
; UART_fifo:FIFO_UNIT|fifo_mem[7][0]                    ; Lost fanout                                                       ;
; UART_fifo:FIFO_UNIT|fifo_mem[7][1]                    ; Lost fanout                                                       ;
; UART_fifo:FIFO_UNIT|fifo_mem[7][2]                    ; Lost fanout                                                       ;
; UART_fifo:FIFO_UNIT|fifo_mem[7][3]                    ; Lost fanout                                                       ;
; UART_fifo:FIFO_UNIT|fifo_mem[7][4]                    ; Lost fanout                                                       ;
; UART_fifo:FIFO_UNIT|fifo_mem[7][5]                    ; Lost fanout                                                       ;
; UART_fifo:FIFO_UNIT|fifo_mem[7][6]                    ; Lost fanout                                                       ;
; UART_fifo:FIFO_UNIT|fifo_mem[7][7]                    ; Lost fanout                                                       ;
; UART_Receiver:UART_RX|o_rx_data[0]                    ; Lost fanout                                                       ;
; UART_fifo:FIFO_UNIT|ptr_wr[0..2]                      ; Lost fanout                                                       ;
; UART_Receiver:UART_RX|o_rx_done                       ; Lost fanout                                                       ;
; UART_Receiver:UART_RX|o_rx_data[1..7]                 ; Lost fanout                                                       ;
; UART_Receiver:UART_RX|t_rx_data[0]                    ; Lost fanout                                                       ;
; UART_Receiver:UART_RX|w_rx_done                       ; Lost fanout                                                       ;
; UART_fifo:FIFO_UNIT|ptr_wr[3]                         ; Lost fanout                                                       ;
; UART_Receiver:UART_RX|t_rx_data[1..7]                 ; Lost fanout                                                       ;
; UART_detect_done:UART_DETECT_DONE|jk_ff:DETECT_EN_B|q ; Merged with UART_detect_done:UART_DETECT_DONE|jk_ff:DETECT_EN_A|q ;
; UART_Receiver:UART_RX|count[0..4]                     ; Lost fanout                                                       ;
; UART_baud_generator:BAUD_GEN_UNIT|o_stick             ; Lost fanout                                                       ;
; UART_Receiver:UART_RX|index[0..3]                     ; Lost fanout                                                       ;
; UART_baud_generator:BAUD_GEN_UNIT|bdr_count[0..23]    ; Lost fanout                                                       ;
; UART_Receiver:UART_RX|state.START                     ; Lost fanout                                                       ;
; UART_Receiver:UART_RX|state.TRANSMIT                  ; Lost fanout                                                       ;
; UART_Receiver:UART_RX|state.STOP_I                    ; Lost fanout                                                       ;
; UART_Receiver:UART_RX|state.IDLE                      ; Lost fanout                                                       ;
; Total Number of Removed Registers = 192               ;                                                                   ;
+-------------------------------------------------------+-------------------------------------------------------------------+


+---------------------------------------------------------------------------------------------------------------------------------------------------+
; Removed Registers Triggering Further Register Optimizations                                                                                       ;
+------------------------------------+---------------------------+----------------------------------------------------------------------------------+
; Register name                      ; Reason for Removal        ; Registers Removed due to This Register                                           ;
+------------------------------------+---------------------------+----------------------------------------------------------------------------------+
; UART_fifo:FIFO_UNIT|o_en_a         ; Stuck at GND              ; UART_fifo:FIFO_UNIT|o_data_a[0], UART_fifo:FIFO_UNIT|o_data_a[1],                ;
;                                    ; due to stuck port data_in ; UART_fifo:FIFO_UNIT|o_data_a[2], UART_fifo:FIFO_UNIT|o_data_a[3],                ;
;                                    ;                           ; UART_fifo:FIFO_UNIT|o_data_a[4], UART_fifo:FIFO_UNIT|o_data_a[5],                ;
;                                    ;                           ; UART_fifo:FIFO_UNIT|o_data_a[6], UART_fifo:FIFO_UNIT|o_data_a[7],                ;
;                                    ;                           ; UART_fifo:FIFO_UNIT|o_data_a[8], UART_fifo:FIFO_UNIT|o_data_a[9],                ;
;                                    ;                           ; UART_fifo:FIFO_UNIT|o_data_a[10], UART_fifo:FIFO_UNIT|o_data_a[11],              ;
;                                    ;                           ; UART_fifo:FIFO_UNIT|o_data_a[12], UART_fifo:FIFO_UNIT|o_data_a[13],              ;
;                                    ;                           ; UART_fifo:FIFO_UNIT|o_data_a[14], UART_fifo:FIFO_UNIT|o_data_a[15],              ;
;                                    ;                           ; UART_fifo:FIFO_UNIT|o_data_a[16], UART_fifo:FIFO_UNIT|o_data_a[17],              ;
;                                    ;                           ; UART_fifo:FIFO_UNIT|o_data_a[18], UART_fifo:FIFO_UNIT|o_data_a[19],              ;
;                                    ;                           ; UART_fifo:FIFO_UNIT|o_data_a[20], UART_fifo:FIFO_UNIT|o_data_a[21],              ;
;                                    ;                           ; UART_fifo:FIFO_UNIT|o_data_a[22], UART_fifo:FIFO_UNIT|o_data_a[23],              ;
;                                    ;                           ; UART_fifo:FIFO_UNIT|o_data_a[24], UART_fifo:FIFO_UNIT|o_data_a[25],              ;
;                                    ;                           ; UART_fifo:FIFO_UNIT|o_data_a[26], UART_fifo:FIFO_UNIT|o_data_a[27],              ;
;                                    ;                           ; UART_fifo:FIFO_UNIT|o_data_a[28], UART_fifo:FIFO_UNIT|o_data_a[29],              ;
;                                    ;                           ; UART_fifo:FIFO_UNIT|o_data_a[30], UART_fifo:FIFO_UNIT|o_data_a[31],              ;
;                                    ;                           ; UART_fifo:FIFO_UNIT|fifo_mem[0][0], UART_fifo:FIFO_UNIT|fifo_mem[0][1],          ;
;                                    ;                           ; UART_fifo:FIFO_UNIT|fifo_mem[0][2], UART_fifo:FIFO_UNIT|fifo_mem[0][3],          ;
;                                    ;                           ; UART_fifo:FIFO_UNIT|fifo_mem[0][4], UART_fifo:FIFO_UNIT|fifo_mem[0][5],          ;
;                                    ;                           ; UART_fifo:FIFO_UNIT|fifo_mem[0][6], UART_fifo:FIFO_UNIT|fifo_mem[0][7],          ;
;                                    ;                           ; UART_fifo:FIFO_UNIT|fifo_mem[1][0], UART_fifo:FIFO_UNIT|fifo_mem[1][1],          ;
;                                    ;                           ; UART_fifo:FIFO_UNIT|fifo_mem[1][2], UART_fifo:FIFO_UNIT|fifo_mem[1][3],          ;
;                                    ;                           ; UART_fifo:FIFO_UNIT|fifo_mem[1][4], UART_fifo:FIFO_UNIT|fifo_mem[1][5],          ;
;                                    ;                           ; UART_fifo:FIFO_UNIT|fifo_mem[1][6], UART_fifo:FIFO_UNIT|fifo_mem[1][7],          ;
;                                    ;                           ; UART_fifo:FIFO_UNIT|fifo_mem[2][0], UART_fifo:FIFO_UNIT|fifo_mem[2][1],          ;
;                                    ;                           ; UART_fifo:FIFO_UNIT|fifo_mem[2][2], UART_fifo:FIFO_UNIT|fifo_mem[2][3],          ;
;                                    ;                           ; UART_fifo:FIFO_UNIT|fifo_mem[2][4], UART_fifo:FIFO_UNIT|fifo_mem[2][5],          ;
;                                    ;                           ; UART_fifo:FIFO_UNIT|fifo_mem[2][6], UART_fifo:FIFO_UNIT|fifo_mem[2][7],          ;
;                                    ;                           ; UART_fifo:FIFO_UNIT|fifo_mem[3][0], UART_fifo:FIFO_UNIT|fifo_mem[3][1],          ;
;                                    ;                           ; UART_fifo:FIFO_UNIT|fifo_mem[3][2], UART_fifo:FIFO_UNIT|fifo_mem[3][3],          ;
;                                    ;                           ; UART_fifo:FIFO_UNIT|fifo_mem[3][4], UART_fifo:FIFO_UNIT|fifo_mem[3][5],          ;
;                                    ;                           ; UART_fifo:FIFO_UNIT|fifo_mem[3][6], UART_fifo:FIFO_UNIT|fifo_mem[3][7],          ;
;                                    ;                           ; UART_Receiver:UART_RX|o_rx_data[0], UART_fifo:FIFO_UNIT|ptr_wr[2],               ;
;                                    ;                           ; UART_fifo:FIFO_UNIT|ptr_wr[1], UART_fifo:FIFO_UNIT|ptr_wr[0],                    ;
;                                    ;                           ; UART_Receiver:UART_RX|o_rx_done, UART_Receiver:UART_RX|o_rx_data[1],             ;
;                                    ;                           ; UART_Receiver:UART_RX|o_rx_data[2], UART_Receiver:UART_RX|o_rx_data[3],          ;
;                                    ;                           ; UART_Receiver:UART_RX|o_rx_data[4], UART_Receiver:UART_RX|o_rx_data[5],          ;
;                                    ;                           ; UART_Receiver:UART_RX|o_rx_data[6], UART_Receiver:UART_RX|o_rx_data[7],          ;
;                                    ;                           ; UART_Receiver:UART_RX|t_rx_data[0], UART_Receiver:UART_RX|w_rx_done,             ;
;                                    ;                           ; UART_fifo:FIFO_UNIT|ptr_wr[3], UART_Receiver:UART_RX|t_rx_data[1],               ;
;                                    ;                           ; UART_Receiver:UART_RX|t_rx_data[2], UART_Receiver:UART_RX|t_rx_data[3],          ;
;                                    ;                           ; UART_Receiver:UART_RX|t_rx_data[4], UART_Receiver:UART_RX|t_rx_data[5],          ;
;                                    ;                           ; UART_Receiver:UART_RX|t_rx_data[6], UART_Receiver:UART_RX|t_rx_data[7],          ;
;                                    ;                           ; UART_Receiver:UART_RX|count[4], UART_Receiver:UART_RX|count[3],                  ;
;                                    ;                           ; UART_Receiver:UART_RX|count[2], UART_Receiver:UART_RX|count[1],                  ;
;                                    ;                           ; UART_Receiver:UART_RX|count[0], UART_Receiver:UART_RX|state.START,               ;
;                                    ;                           ; UART_Receiver:UART_RX|state.IDLE                                                 ;
; UART_fifo:FIFO_UNIT|o_en_b         ; Stuck at GND              ; UART_fifo:FIFO_UNIT|o_data_b[0], UART_fifo:FIFO_UNIT|o_data_b[1],                ;
;                                    ; due to stuck port data_in ; UART_fifo:FIFO_UNIT|o_data_b[2], UART_fifo:FIFO_UNIT|o_data_b[3],                ;
;                                    ;                           ; UART_fifo:FIFO_UNIT|o_data_b[4], UART_fifo:FIFO_UNIT|o_data_b[5],                ;
;                                    ;                           ; UART_fifo:FIFO_UNIT|o_data_b[6], UART_fifo:FIFO_UNIT|o_data_b[7],                ;
;                                    ;                           ; UART_fifo:FIFO_UNIT|o_data_b[8], UART_fifo:FIFO_UNIT|o_data_b[9],                ;
;                                    ;                           ; UART_fifo:FIFO_UNIT|o_data_b[10], UART_fifo:FIFO_UNIT|o_data_b[11],              ;
;                                    ;                           ; UART_fifo:FIFO_UNIT|o_data_b[12], UART_fifo:FIFO_UNIT|o_data_b[13],              ;
;                                    ;                           ; UART_fifo:FIFO_UNIT|o_data_b[14], UART_fifo:FIFO_UNIT|o_data_b[15],              ;
;                                    ;                           ; UART_fifo:FIFO_UNIT|o_data_b[16], UART_fifo:FIFO_UNIT|o_data_b[17],              ;
;                                    ;                           ; UART_fifo:FIFO_UNIT|o_data_b[18], UART_fifo:FIFO_UNIT|o_data_b[19],              ;
;                                    ;                           ; UART_fifo:FIFO_UNIT|o_data_b[20], UART_fifo:FIFO_UNIT|o_data_b[21],              ;
;                                    ;                           ; UART_fifo:FIFO_UNIT|o_data_b[22], UART_fifo:FIFO_UNIT|o_data_b[23],              ;
;                                    ;                           ; UART_fifo:FIFO_UNIT|o_data_b[24], UART_fifo:FIFO_UNIT|o_data_b[25],              ;
;                                    ;                           ; UART_fifo:FIFO_UNIT|o_data_b[26], UART_fifo:FIFO_UNIT|o_data_b[27],              ;
;                                    ;                           ; UART_fifo:FIFO_UNIT|o_data_b[28], UART_fifo:FIFO_UNIT|o_data_b[29],              ;
;                                    ;                           ; UART_fifo:FIFO_UNIT|o_data_b[30], UART_fifo:FIFO_UNIT|o_data_b[31],              ;
;                                    ;                           ; UART_fifo:FIFO_UNIT|fifo_mem[4][0], UART_fifo:FIFO_UNIT|fifo_mem[4][1],          ;
;                                    ;                           ; UART_fifo:FIFO_UNIT|fifo_mem[4][2], UART_fifo:FIFO_UNIT|fifo_mem[4][3],          ;
;                                    ;                           ; UART_fifo:FIFO_UNIT|fifo_mem[4][4], UART_fifo:FIFO_UNIT|fifo_mem[4][5],          ;
;                                    ;                           ; UART_fifo:FIFO_UNIT|fifo_mem[4][6], UART_fifo:FIFO_UNIT|fifo_mem[4][7],          ;
;                                    ;                           ; UART_fifo:FIFO_UNIT|fifo_mem[5][0], UART_fifo:FIFO_UNIT|fifo_mem[5][1],          ;
;                                    ;                           ; UART_fifo:FIFO_UNIT|fifo_mem[5][2], UART_fifo:FIFO_UNIT|fifo_mem[5][3],          ;
;                                    ;                           ; UART_fifo:FIFO_UNIT|fifo_mem[5][4], UART_fifo:FIFO_UNIT|fifo_mem[5][5],          ;
;                                    ;                           ; UART_fifo:FIFO_UNIT|fifo_mem[5][6], UART_fifo:FIFO_UNIT|fifo_mem[5][7],          ;
;                                    ;                           ; UART_fifo:FIFO_UNIT|fifo_mem[6][0], UART_fifo:FIFO_UNIT|fifo_mem[6][1],          ;
;                                    ;                           ; UART_fifo:FIFO_UNIT|fifo_mem[6][2], UART_fifo:FIFO_UNIT|fifo_mem[6][3],          ;
;                                    ;                           ; UART_fifo:FIFO_UNIT|fifo_mem[6][4], UART_fifo:FIFO_UNIT|fifo_mem[6][5],          ;
;                                    ;                           ; UART_fifo:FIFO_UNIT|fifo_mem[6][6], UART_fifo:FIFO_UNIT|fifo_mem[6][7],          ;
;                                    ;                           ; UART_fifo:FIFO_UNIT|fifo_mem[7][0], UART_fifo:FIFO_UNIT|fifo_mem[7][1],          ;
;                                    ;                           ; UART_fifo:FIFO_UNIT|fifo_mem[7][2], UART_fifo:FIFO_UNIT|fifo_mem[7][3],          ;
;                                    ;                           ; UART_fifo:FIFO_UNIT|fifo_mem[7][4], UART_fifo:FIFO_UNIT|fifo_mem[7][5],          ;
;                                    ;                           ; UART_fifo:FIFO_UNIT|fifo_mem[7][6], UART_fifo:FIFO_UNIT|fifo_mem[7][7]           ;
; UART_Receiver:UART_RX|w_input_next ; Stuck at GND              ; UART_baud_generator:BAUD_GEN_UNIT|o_stick, UART_Receiver:UART_RX|index[3],       ;
;                                    ; due to stuck port data_in ; UART_Receiver:UART_RX|index[2], UART_Receiver:UART_RX|index[1],                  ;
;                                    ;                           ; UART_Receiver:UART_RX|index[0], UART_baud_generator:BAUD_GEN_UNIT|bdr_count[18], ;
;                                    ;                           ; UART_baud_generator:BAUD_GEN_UNIT|bdr_count[17],                                 ;
;                                    ;                           ; UART_baud_generator:BAUD_GEN_UNIT|bdr_count[16],                                 ;
;                                    ;                           ; UART_baud_generator:BAUD_GEN_UNIT|bdr_count[15],                                 ;
;                                    ;                           ; UART_baud_generator:BAUD_GEN_UNIT|bdr_count[14],                                 ;
;                                    ;                           ; UART_baud_generator:BAUD_GEN_UNIT|bdr_count[13],                                 ;
;                                    ;                           ; UART_baud_generator:BAUD_GEN_UNIT|bdr_count[12],                                 ;
;                                    ;                           ; UART_baud_generator:BAUD_GEN_UNIT|bdr_count[11],                                 ;
;                                    ;                           ; UART_baud_generator:BAUD_GEN_UNIT|bdr_count[10],                                 ;
;                                    ;                           ; UART_Receiver:UART_RX|state.TRANSMIT, UART_Receiver:UART_RX|state.STOP_I         ;
+------------------------------------+---------------------------+----------------------------------------------------------------------------------+


+------------------------------------------------------+
; General Register Statistics                          ;
+----------------------------------------------+-------+
; Statistic                                    ; Value ;
+----------------------------------------------+-------+
; Total registers                              ; 2     ;
; Number of registers using Synchronous Clear  ; 0     ;
; Number of registers using Synchronous Load   ; 0     ;
; Number of registers using Asynchronous Clear ; 2     ;
; Number of registers using Asynchronous Load  ; 0     ;
; Number of registers using Clock Enable       ; 0     ;
; Number of registers using Preset             ; 0     ;
+----------------------------------------------+-------+


+-------------------------------------------------------------------------------------------------------------------------------------------------------------+
; Multiplexer Restructuring Statistics (Restructuring Performed)                                                                                              ;
+--------------------+-----------+---------------+----------------------+------------------------+------------+-----------------------------------------------+
; Multiplexer Inputs ; Bus Width ; Baseline Area ; Area if Restructured ; Saving if Restructured ; Registered ; Example Multiplexer Output                    ;
+--------------------+-----------+---------------+----------------------+------------------------+------------+-----------------------------------------------+
; 5:1                ; 5 bits    ; 15 LEs        ; 10 LEs               ; 5 LEs                  ; Yes        ; |UART_Rx_block|UART_Receiver:UART_RX|count[4] ;
+--------------------+-----------+---------------+----------------------+------------------------+------------+-----------------------------------------------+


+-------------------------------------------------------------------------------+
; Parameter Settings for User Entity Instance: Top-level Entity: |UART_Rx_block ;
+----------------+-------+------------------------------------------------------+
; Parameter Name ; Value ; Type                                                 ;
+----------------+-------+------------------------------------------------------+
; SIZE_DATA      ; 32    ; Signed Integer                                       ;
+----------------+-------+------------------------------------------------------+
Note: In order to hide this table in the UI and the text report file, please set the "Show Parameter Settings in Synthesis Report" option in "Analysis and Synthesis Settings -> More Settings" to "Off".


+--------------------------------------------------------------------------------+
; Parameter Settings for User Entity Instance: UART_baud_generator:BAUD_GEN_UNIT ;
+----------------+-------+-------------------------------------------------------+
; Parameter Name ; Value ; Type                                                  ;
+----------------+-------+-------------------------------------------------------+
; SIZE_BAUD      ; 24    ; Signed Integer                                        ;
+----------------+-------+-------------------------------------------------------+
Note: In order to hide this table in the UI and the text report file, please set the "Show Parameter Settings in Synthesis Report" option in "Analysis and Synthesis Settings -> More Settings" to "Off".


+------------------------------------------------------------------+
; Parameter Settings for User Entity Instance: UART_fifo:FIFO_UNIT ;
+----------------+-------+-----------------------------------------+
; Parameter Name ; Value ; Type                                    ;
+----------------+-------+-----------------------------------------+
; SIZE_DATA_I    ; 8     ; Signed Integer                          ;
; SIZE_DATA_O    ; 32    ; Signed Integer                          ;
; SIZE_DEPTH     ; 8     ; Signed Integer                          ;
+----------------+-------+-----------------------------------------+
Note: In order to hide this table in the UI and the text report file, please set the "Show Parameter Settings in Synthesis Report" option in "Analysis and Synthesis Settings -> More Settings" to "Off".


+--------------------------------------------------------------------+
; Parameter Settings for User Entity Instance: UART_Receiver:UART_RX ;
+----------------+-------+-------------------------------------------+
; Parameter Name ; Value ; Type                                      ;
+----------------+-------+-------------------------------------------+
; SIZE_DATA      ; 8     ; Signed Integer                            ;
; OVER_SAMPLE    ; 16    ; Signed Integer                            ;
; MID_SAMPLE     ; 8     ; Signed Integer                            ;
+----------------+-------+-------------------------------------------+
Note: In order to hide this table in the UI and the text report file, please set the "Show Parameter Settings in Synthesis Report" option in "Analysis and Synthesis Settings -> More Settings" to "Off".


+-------------------------------------------------------------------------------------------------------------------------------------------------------------------------------+
; Port Connectivity Checks: "UART_Receiver:UART_RX"                                                                                                                             ;
+-------------+-------+----------+----------------------------------------------------------------------------------------------------------------------------------------------+
; Port        ; Type  ; Severity ; Details                                                                                                                                      ;
+-------------+-------+----------+----------------------------------------------------------------------------------------------------------------------------------------------+
; i_fifo_full ; Input ; Info     ; Stuck at GND                                                                                                                                 ;
; i_valid     ; Input ; Warning  ; Declared by entity but not connected by instance. If a default value exists, it will be used.  Otherwise, the port will be connected to GND. ;
+-------------+-------+----------+----------------------------------------------------------------------------------------------------------------------------------------------+


+---------------------------------------------------------------+
; Port Connectivity Checks: "UART_baud_generator:BAUD_GEN_UNIT" ;
+--------------------+-------+----------+-----------------------+
; Port               ; Type  ; Severity ; Details               ;
+--------------------+-------+----------+-----------------------+
; i_baud_rate[23..9] ; Input ; Info     ; Stuck at GND          ;
; i_baud_rate[5..3]  ; Input ; Info     ; Stuck at GND          ;
; i_baud_rate[8]     ; Input ; Info     ; Stuck at VCC          ;
; i_baud_rate[7]     ; Input ; Info     ; Stuck at GND          ;
; i_baud_rate[6]     ; Input ; Info     ; Stuck at VCC          ;
; i_baud_rate[2]     ; Input ; Info     ; Stuck at VCC          ;
; i_baud_rate[1]     ; Input ; Info     ; Stuck at GND          ;
; i_baud_rate[0]     ; Input ; Info     ; Stuck at VCC          ;
+--------------------+-------+----------+-----------------------+


+-----------------------------------------------------+
; Post-Synthesis Netlist Statistics for Top Partition ;
+-----------------------+-----------------------------+
; Type                  ; Count                       ;
+-----------------------+-----------------------------+
; arriav_ff             ; 2                           ;
;     CLR               ; 2                           ;
; arriav_lcell_comb     ; 2                           ;
;     normal            ; 2                           ;
;         0 data inputs ; 1                           ;
;         2 data inputs ; 1                           ;
; boundary_port         ; 69                          ;
;                       ;                             ;
; Max LUT depth         ; 1.00                        ;
; Average LUT depth     ; 0.50                        ;
+-----------------------+-----------------------------+


+-------------------------------+
; Elapsed Time Per Partition    ;
+----------------+--------------+
; Partition Name ; Elapsed Time ;
+----------------+--------------+
; Top            ; 00:00:00     ;
+----------------+--------------+


+-------------------------------+
; Analysis & Synthesis Messages ;
+-------------------------------+
Info: *******************************************************************
Info: Running Quartus Prime Analysis & Synthesis
    Info: Version 24.1std.0 Build 1077 03/04/2025 SC Lite Edition
    Info: Processing started: Sat Nov  8 14:30:35 2025
Info: Command: quartus_map --read_settings_files=on --write_settings_files=off UART_Rx_block -c UART_Rx_block
Warning (18236): Number of processors has not been specified which may cause overloading on shared machines.  Set the global assignment NUM_PARALLEL_PROCESSORS in your QSF to an appropriate value for best performance.
Info (20030): Parallel compilation is enabled and will use 4 of the 4 processors detected
Info (12021): Found 1 design units, including 1 entities, in source file /home/noname/Documents/project_tiny/Floating_point/Verision2/04_imple/Code/UART_Rx_block.sv
    Info (12023): Found entity 1: UART_Rx_block File: /home/noname/Documents/project_tiny/Floating_point/Verision2/04_imple/Code/UART_Rx_block.sv Line: 7
Info (12021): Found 1 design units, including 1 entities, in source file /home/noname/Documents/project_tiny/Floating_point/Verision2/04_imple/Code/UART_Receiver.sv
    Info (12023): Found entity 1: UART_Receiver File: /home/noname/Documents/project_tiny/Floating_point/Verision2/04_imple/Code/UART_Receiver.sv Line: 1
Info (12021): Found 1 design units, including 1 entities, in source file /home/noname/Documents/project_tiny/Floating_point/Verision2/04_imple/Code/UART_fifo.sv
    Info (12023): Found entity 1: UART_fifo File: /home/noname/Documents/project_tiny/Floating_point/Verision2/04_imple/Code/UART_fifo.sv Line: 1
Info (12021): Found 2 design units, including 2 entities, in source file /home/noname/Documents/project_tiny/Floating_point/Verision2/04_imple/Code/UART_detect_done.sv
    Info (12023): Found entity 1: UART_detect_done File: /home/noname/Documents/project_tiny/Floating_point/Verision2/04_imple/Code/UART_detect_done.sv Line: 1
    Info (12023): Found entity 2: jk_ff File: /home/noname/Documents/project_tiny/Floating_point/Verision2/04_imple/Code/UART_detect_done.sv Line: 40
Info (12021): Found 1 design units, including 1 entities, in source file /home/noname/Documents/project_tiny/Floating_point/Verision2/04_imple/Code/UART_baud_generator.sv
    Info (12023): Found entity 1: UART_baud_generator File: /home/noname/Documents/project_tiny/Floating_point/Verision2/04_imple/Code/UART_baud_generator.sv Line: 7
Info (12127): Elaborating entity "UART_Rx_block" for the top level hierarchy
Info (12128): Elaborating entity "UART_baud_generator" for hierarchy "UART_baud_generator:BAUD_GEN_UNIT" File: /home/noname/Documents/project_tiny/Floating_point/Verision2/04_imple/Code/UART_Rx_block.sv Line: 31
Info (12128): Elaborating entity "UART_fifo" for hierarchy "UART_fifo:FIFO_UNIT" File: /home/noname/Documents/project_tiny/Floating_point/Verision2/04_imple/Code/UART_Rx_block.sv Line: 47
Info (12128): Elaborating entity "UART_detect_done" for hierarchy "UART_detect_done:UART_DETECT_DONE" File: /home/noname/Documents/project_tiny/Floating_point/Verision2/04_imple/Code/UART_Rx_block.sv Line: 54
Info (12128): Elaborating entity "jk_ff" for hierarchy "UART_detect_done:UART_DETECT_DONE|jk_ff:DETECT_EN_A" File: /home/noname/Documents/project_tiny/Floating_point/Verision2/04_imple/Code/UART_detect_done.sv Line: 18
Info (12128): Elaborating entity "UART_Receiver" for hierarchy "UART_Receiver:UART_RX" File: /home/noname/Documents/project_tiny/Floating_point/Verision2/04_imple/Code/UART_Rx_block.sv Line: 69
Info (10264): Verilog HDL Case Statement information at UART_Receiver.sv(99): all case item expressions in this case statement are onehot File: /home/noname/Documents/project_tiny/Floating_point/Verision2/04_imple/Code/UART_Receiver.sv Line: 99
Warning (12241): 1 hierarchies have connectivity warnings - see the Connectivity Checks report folder
Warning (13024): Output pins are stuck at VCC or GND
    Warning (13410): Pin "o_data_a[0]" is stuck at GND File: /home/noname/Documents/project_tiny/Floating_point/Verision2/04_imple/Code/UART_Rx_block.sv Line: 15
    Warning (13410): Pin "o_data_a[1]" is stuck at GND File: /home/noname/Documents/project_tiny/Floating_point/Verision2/04_imple/Code/UART_Rx_block.sv Line: 15
    Warning (13410): Pin "o_data_a[2]" is stuck at GND File: /home/noname/Documents/project_tiny/Floating_point/Verision2/04_imple/Code/UART_Rx_block.sv Line: 15
    Warning (13410): Pin "o_data_a[3]" is stuck at GND File: /home/noname/Documents/project_tiny/Floating_point/Verision2/04_imple/Code/UART_Rx_block.sv Line: 15
    Warning (13410): Pin "o_data_a[4]" is stuck at GND File: /home/noname/Documents/project_tiny/Floating_point/Verision2/04_imple/Code/UART_Rx_block.sv Line: 15
    Warning (13410): Pin "o_data_a[5]" is stuck at GND File: /home/noname/Documents/project_tiny/Floating_point/Verision2/04_imple/Code/UART_Rx_block.sv Line: 15
    Warning (13410): Pin "o_data_a[6]" is stuck at GND File: /home/noname/Documents/project_tiny/Floating_point/Verision2/04_imple/Code/UART_Rx_block.sv Line: 15
    Warning (13410): Pin "o_data_a[7]" is stuck at GND File: /home/noname/Documents/project_tiny/Floating_point/Verision2/04_imple/Code/UART_Rx_block.sv Line: 15
    Warning (13410): Pin "o_data_a[8]" is stuck at GND File: /home/noname/Documents/project_tiny/Floating_point/Verision2/04_imple/Code/UART_Rx_block.sv Line: 15
    Warning (13410): Pin "o_data_a[9]" is stuck at GND File: /home/noname/Documents/project_tiny/Floating_point/Verision2/04_imple/Code/UART_Rx_block.sv Line: 15
    Warning (13410): Pin "o_data_a[10]" is stuck at GND File: /home/noname/Documents/project_tiny/Floating_point/Verision2/04_imple/Code/UART_Rx_block.sv Line: 15
    Warning (13410): Pin "o_data_a[11]" is stuck at GND File: /home/noname/Documents/project_tiny/Floating_point/Verision2/04_imple/Code/UART_Rx_block.sv Line: 15
    Warning (13410): Pin "o_data_a[12]" is stuck at GND File: /home/noname/Documents/project_tiny/Floating_point/Verision2/04_imple/Code/UART_Rx_block.sv Line: 15
    Warning (13410): Pin "o_data_a[13]" is stuck at GND File: /home/noname/Documents/project_tiny/Floating_point/Verision2/04_imple/Code/UART_Rx_block.sv Line: 15
    Warning (13410): Pin "o_data_a[14]" is stuck at GND File: /home/noname/Documents/project_tiny/Floating_point/Verision2/04_imple/Code/UART_Rx_block.sv Line: 15
    Warning (13410): Pin "o_data_a[15]" is stuck at GND File: /home/noname/Documents/project_tiny/Floating_point/Verision2/04_imple/Code/UART_Rx_block.sv Line: 15
    Warning (13410): Pin "o_data_a[16]" is stuck at GND File: /home/noname/Documents/project_tiny/Floating_point/Verision2/04_imple/Code/UART_Rx_block.sv Line: 15
    Warning (13410): Pin "o_data_a[17]" is stuck at GND File: /home/noname/Documents/project_tiny/Floating_point/Verision2/04_imple/Code/UART_Rx_block.sv Line: 15
    Warning (13410): Pin "o_data_a[18]" is stuck at GND File: /home/noname/Documents/project_tiny/Floating_point/Verision2/04_imple/Code/UART_Rx_block.sv Line: 15
    Warning (13410): Pin "o_data_a[19]" is stuck at GND File: /home/noname/Documents/project_tiny/Floating_point/Verision2/04_imple/Code/UART_Rx_block.sv Line: 15
    Warning (13410): Pin "o_data_a[20]" is stuck at GND File: /home/noname/Documents/project_tiny/Floating_point/Verision2/04_imple/Code/UART_Rx_block.sv Line: 15
    Warning (13410): Pin "o_data_a[21]" is stuck at GND File: /home/noname/Documents/project_tiny/Floating_point/Verision2/04_imple/Code/UART_Rx_block.sv Line: 15
    Warning (13410): Pin "o_data_a[22]" is stuck at GND File: /home/noname/Documents/project_tiny/Floating_point/Verision2/04_imple/Code/UART_Rx_block.sv Line: 15
    Warning (13410): Pin "o_data_a[23]" is stuck at GND File: /home/noname/Documents/project_tiny/Floating_point/Verision2/04_imple/Code/UART_Rx_block.sv Line: 15
    Warning (13410): Pin "o_data_a[24]" is stuck at GND File: /home/noname/Documents/project_tiny/Floating_point/Verision2/04_imple/Code/UART_Rx_block.sv Line: 15
    Warning (13410): Pin "o_data_a[25]" is stuck at GND File: /home/noname/Documents/project_tiny/Floating_point/Verision2/04_imple/Code/UART_Rx_block.sv Line: 15
    Warning (13410): Pin "o_data_a[26]" is stuck at GND File: /home/noname/Documents/project_tiny/Floating_point/Verision2/04_imple/Code/UART_Rx_block.sv Line: 15
    Warning (13410): Pin "o_data_a[27]" is stuck at GND File: /home/noname/Documents/project_tiny/Floating_point/Verision2/04_imple/Code/UART_Rx_block.sv Line: 15
    Warning (13410): Pin "o_data_a[28]" is stuck at GND File: /home/noname/Documents/project_tiny/Floating_point/Verision2/04_imple/Code/UART_Rx_block.sv Line: 15
    Warning (13410): Pin "o_data_a[29]" is stuck at GND File: /home/noname/Documents/project_tiny/Floating_point/Verision2/04_imple/Code/UART_Rx_block.sv Line: 15
    Warning (13410): Pin "o_data_a[30]" is stuck at GND File: /home/noname/Documents/project_tiny/Floating_point/Verision2/04_imple/Code/UART_Rx_block.sv Line: 15
    Warning (13410): Pin "o_data_a[31]" is stuck at GND File: /home/noname/Documents/project_tiny/Floating_point/Verision2/04_imple/Code/UART_Rx_block.sv Line: 15
    Warning (13410): Pin "o_data_b[0]" is stuck at GND File: /home/noname/Documents/project_tiny/Floating_point/Verision2/04_imple/Code/UART_Rx_block.sv Line: 16
    Warning (13410): Pin "o_data_b[1]" is stuck at GND File: /home/noname/Documents/project_tiny/Floating_point/Verision2/04_imple/Code/UART_Rx_block.sv Line: 16
    Warning (13410): Pin "o_data_b[2]" is stuck at GND File: /home/noname/Documents/project_tiny/Floating_point/Verision2/04_imple/Code/UART_Rx_block.sv Line: 16
    Warning (13410): Pin "o_data_b[3]" is stuck at GND File: /home/noname/Documents/project_tiny/Floating_point/Verision2/04_imple/Code/UART_Rx_block.sv Line: 16
    Warning (13410): Pin "o_data_b[4]" is stuck at GND File: /home/noname/Documents/project_tiny/Floating_point/Verision2/04_imple/Code/UART_Rx_block.sv Line: 16
    Warning (13410): Pin "o_data_b[5]" is stuck at GND File: /home/noname/Documents/project_tiny/Floating_point/Verision2/04_imple/Code/UART_Rx_block.sv Line: 16
    Warning (13410): Pin "o_data_b[6]" is stuck at GND File: /home/noname/Documents/project_tiny/Floating_point/Verision2/04_imple/Code/UART_Rx_block.sv Line: 16
    Warning (13410): Pin "o_data_b[7]" is stuck at GND File: /home/noname/Documents/project_tiny/Floating_point/Verision2/04_imple/Code/UART_Rx_block.sv Line: 16
    Warning (13410): Pin "o_data_b[8]" is stuck at GND File: /home/noname/Documents/project_tiny/Floating_point/Verision2/04_imple/Code/UART_Rx_block.sv Line: 16
    Warning (13410): Pin "o_data_b[9]" is stuck at GND File: /home/noname/Documents/project_tiny/Floating_point/Verision2/04_imple/Code/UART_Rx_block.sv Line: 16
    Warning (13410): Pin "o_data_b[10]" is stuck at GND File: /home/noname/Documents/project_tiny/Floating_point/Verision2/04_imple/Code/UART_Rx_block.sv Line: 16
    Warning (13410): Pin "o_data_b[11]" is stuck at GND File: /home/noname/Documents/project_tiny/Floating_point/Verision2/04_imple/Code/UART_Rx_block.sv Line: 16
    Warning (13410): Pin "o_data_b[12]" is stuck at GND File: /home/noname/Documents/project_tiny/Floating_point/Verision2/04_imple/Code/UART_Rx_block.sv Line: 16
    Warning (13410): Pin "o_data_b[13]" is stuck at GND File: /home/noname/Documents/project_tiny/Floating_point/Verision2/04_imple/Code/UART_Rx_block.sv Line: 16
    Warning (13410): Pin "o_data_b[14]" is stuck at GND File: /home/noname/Documents/project_tiny/Floating_point/Verision2/04_imple/Code/UART_Rx_block.sv Line: 16
    Warning (13410): Pin "o_data_b[15]" is stuck at GND File: /home/noname/Documents/project_tiny/Floating_point/Verision2/04_imple/Code/UART_Rx_block.sv Line: 16
    Warning (13410): Pin "o_data_b[16]" is stuck at GND File: /home/noname/Documents/project_tiny/Floating_point/Verision2/04_imple/Code/UART_Rx_block.sv Line: 16
    Warning (13410): Pin "o_data_b[17]" is stuck at GND File: /home/noname/Documents/project_tiny/Floating_point/Verision2/04_imple/Code/UART_Rx_block.sv Line: 16
    Warning (13410): Pin "o_data_b[18]" is stuck at GND File: /home/noname/Documents/project_tiny/Floating_point/Verision2/04_imple/Code/UART_Rx_block.sv Line: 16
    Warning (13410): Pin "o_data_b[19]" is stuck at GND File: /home/noname/Documents/project_tiny/Floating_point/Verision2/04_imple/Code/UART_Rx_block.sv Line: 16
    Warning (13410): Pin "o_data_b[20]" is stuck at GND File: /home/noname/Documents/project_tiny/Floating_point/Verision2/04_imple/Code/UART_Rx_block.sv Line: 16
    Warning (13410): Pin "o_data_b[21]" is stuck at GND File: /home/noname/Documents/project_tiny/Floating_point/Verision2/04_imple/Code/UART_Rx_block.sv Line: 16
    Warning (13410): Pin "o_data_b[22]" is stuck at GND File: /home/noname/Documents/project_tiny/Floating_point/Verision2/04_imple/Code/UART_Rx_block.sv Line: 16
    Warning (13410): Pin "o_data_b[23]" is stuck at GND File: /home/noname/Documents/project_tiny/Floating_point/Verision2/04_imple/Code/UART_Rx_block.sv Line: 16
    Warning (13410): Pin "o_data_b[24]" is stuck at GND File: /home/noname/Documents/project_tiny/Floating_point/Verision2/04_imple/Code/UART_Rx_block.sv Line: 16
    Warning (13410): Pin "o_data_b[25]" is stuck at GND File: /home/noname/Documents/project_tiny/Floating_point/Verision2/04_imple/Code/UART_Rx_block.sv Line: 16
    Warning (13410): Pin "o_data_b[26]" is stuck at GND File: /home/noname/Documents/project_tiny/Floating_point/Verision2/04_imple/Code/UART_Rx_block.sv Line: 16
    Warning (13410): Pin "o_data_b[27]" is stuck at GND File: /home/noname/Documents/project_tiny/Floating_point/Verision2/04_imple/Code/UART_Rx_block.sv Line: 16
    Warning (13410): Pin "o_data_b[28]" is stuck at GND File: /home/noname/Documents/project_tiny/Floating_point/Verision2/04_imple/Code/UART_Rx_block.sv Line: 16
    Warning (13410): Pin "o_data_b[29]" is stuck at GND File: /home/noname/Documents/project_tiny/Floating_point/Verision2/04_imple/Code/UART_Rx_block.sv Line: 16
    Warning (13410): Pin "o_data_b[30]" is stuck at GND File: /home/noname/Documents/project_tiny/Floating_point/Verision2/04_imple/Code/UART_Rx_block.sv Line: 16
    Warning (13410): Pin "o_data_b[31]" is stuck at GND File: /home/noname/Documents/project_tiny/Floating_point/Verision2/04_imple/Code/UART_Rx_block.sv Line: 16
Info (286030): Timing-Driven Synthesis is running
Info (17049): 124 registers lost all their fanouts during netlist optimizations.
Info (16010): Generating hard_block partition "hard_block:auto_generated_inst"
    Info (16011): Adding 0 node(s), including 0 DDIO, 0 PLL, 0 transceiver and 0 LCELL
Warning (21074): Design contains 2 input pin(s) that do not drive logic
    Warning (15610): No output dependent on input pin "i_rx_data" File: /home/noname/Documents/project_tiny/Floating_point/Verision2/04_imple/Code/UART_Rx_block.sv Line: 13
    Warning (15610): No output dependent on input pin "i_rx_en" File: /home/noname/Documents/project_tiny/Floating_point/Verision2/04_imple/Code/UART_Rx_block.sv Line: 12
Info (21057): Implemented 71 device resources after synthesis - the final resource count might be different
    Info (21058): Implemented 4 input pins
    Info (21059): Implemented 65 output pins
    Info (21061): Implemented 2 logic cells
Info: Quartus Prime Analysis & Synthesis was successful. 0 errors, 70 warnings
    Info: Peak virtual memory: 476 megabytes
    Info: Processing ended: Sat Nov  8 14:30:41 2025
    Info: Elapsed time: 00:00:06
    Info: Total CPU time (on all processors): 00:00:14


