# vsim -coverage -lib ./../SubModule/COMP_UNIT/COMP_28BIT/QuestaSim/work -l ./../SubModule/COMP_UNIT/COMP_28BIT/QuestaSim/tb_COMP_28bit.log -voptargs="+cover=bcesft" -assertdebug -c tb_COMP_28bit -wlf ./../SubModule/COMP_UNIT/COMP_28BIT/QuestaSim/tb_COMP_28bit.wlf -do "coverage save -onexit ./../SubModule/COMP_UNIT/COMP_28BIT/QuestaSim/tb_COMP_28bit.ucdb; cd ./../SubModule/COMP_UNIT/COMP_28BIT/QuestaSim; log -r /*; run -all;" 
# Start time: 19:27:35 on Nov 03,2025
# ** Note: (vsim-3813) Design is being optimized due to module recompilation...
# //  Questa Intel Starter FPGA Edition-64
# //  Version 2024.3 linux_x86_64 Sep 10 2024
# //
# // Unpublished work. Copyright 2024 Siemens
# //
# // This material contains trade secrets or otherwise confidential information
# // owned by Siemens Industry Software Inc. or its affiliates (collectively,
# // "SISW"), or its licensors. Access to and use of this information is strictly
# // limited as set forth in the Customer's applicable agreements with SISW.
# //
# // This material may not be copied, distributed, or otherwise disclosed outside
# // of the Customer's facilities without the express written permission of SISW,
# // and may not be used in any way not expressly authorized by SISW.
# //
# Loading sv_std.std
# Loading work.tb_COMP_28bit(fast)
# coverage save -onexit ./../SubModule/COMP_UNIT/COMP_28BIT/QuestaSim/tb_COMP_28bit.ucdb
#  cd ./../SubModule/COMP_UNIT/COMP_28BIT/QuestaSim
# Cannot change directory while a simulation is in progress.
# Use the "quit -sim" command to unload the design first.
#  log -r /*
#  run -all
# 
# === START 28-bit COMPARATOR TEST ===
# 
# [Random] a=53706148 (0011001100110111110110100100), b=109365190 (0110100001001100011111000110) => o_less=1
# => PASS: expect=1, dut=1
# [Random] a=17787294 (0001000011110110100110011110), b=132030142 (0111110111101001111010111110) => o_less=1
# => PASS: expect=1, dut=1
# [Random] a=157403153 (1001011000011100100000010001), b=193976133 (1011100011111101011101000101) => o_less=1
# => PASS: expect=1, dut=1
# [Random] a=231597489 (1101110011011110010110110001), b=59730809 (0011100011110110101101111001) => o_less=0
# => PASS: expect=0, dut=0
# [Random] a=39403064 (0010010110010011111000111000), b=222561323 (1101010001000000010000101011) => o_less=1
# => PASS: expect=1, dut=1
# [Random] a=178773248 (1010101001111101110100000000), b=82463883 (0100111010100100110010001011) => o_less=0
# => PASS: expect=0, dut=0
# [Random] a=36528154 (0010001011010110000000011010), b=152674551 (1001000110011010000011110111) => o_less=1
# => PASS: expect=1, dut=1
# [Random] a=41451822 (0010011110001000000100101110), b=148380984 (1000110110000001110100111000) => o_less=1
# => PASS: expect=1, dut=1
# [Random] a=5768857 (0000010110000000011010011001), b=73438199 (0100011000001001001111110111) => o_less=1
# => PASS: expect=1, dut=1
# [Random] a=104157269 (0110001101010101000001010101), b=73301003 (0100010111100111110000001011) => o_less=0
# => PASS: expect=0, dut=0
# [Random] a=34588361 (0010000011111100011011001001), b=25037289 (0001011111100000100111101001) => o_less=0
# => PASS: expect=0, dut=0
# [Random] a=100216490 (0101111110010010111010101010), b=6871821 (0000011010001101101100001101) => o_less=0
# => PASS: expect=0, dut=0
# [Random] a=173264783 (1010010100111100111110001111), b=135904343 (1000000110011011110001010111) => o_less=0
# => PASS: expect=0, dut=0
# [Random] a=135893380 (1000000110011001000110000100), b=45976210 (0010101111011000101010010010) => o_less=0
# => PASS: expect=0, dut=0
# [Random] a=23228444 (0001011000100111000000011100), b=240798545 (1110010110100100101101010001) => o_less=1
# => PASS: expect=1, dut=1
# [Random] a=80913326 (0100110100101010001110101110), b=175444502 (1010011101010001001000010110) => o_less=1
# => PASS: expect=1, dut=1
# [Random] a=175523380 (1010011101100100011000110100), b=101357596 (0110000010101001100000011100) => o_less=0
# => PASS: expect=0, dut=0
# [Random] a=219543255 (1101000101011111011011010111), b=47463402 (0010110101000011101111101010) => o_less=0
# => PASS: expect=0, dut=0
# [Random] a=161689112 (1001101000110010111000011000), b=2404936 (0000001001001011001001001000) => o_less=0
# => PASS: expect=0, dut=0
# [Random] a=210038143 (1100100001001110110101111111), b=13981985 (0000110101010101100100100001) => o_less=0
# => PASS: expect=0, dut=0
# [Random] a=172200537 (1010010000111001001001011001), b=59895495 (0011100100011110111011000111) => o_less=0
# => PASS: expect=0, dut=0
# [Random] a=146238954 (1000101101110110110111101010), b=24339259 (0001011100110110001100111011) => o_less=0
# => PASS: expect=0, dut=0
# [Random] a=115677817 (0110111001010001101001111001), b=250282247 (1110111010110000000100000111) => o_less=1
# => PASS: expect=1, dut=1
# [Random] a=88453821 (0101010001011011001010111101), b=11762400 (0000101100110111101011100000) => o_less=0
# => PASS: expect=0, dut=0
# [Random] a=265777766 (1111110101110111001001100110), b=84552348 (0101000010100010101010011100) => o_less=0
# => PASS: expect=0, dut=0
# [Random] a=3188281 (0000001100001010011000111001), b=261513373 (1111100101100110000010011101) => o_less=1
# => PASS: expect=1, dut=1
# [Random] a=221334758 (1101001100010100110011100110), b=87302219 (0101001101000010000001001011) => o_less=0
# => PASS: expect=0, dut=0
# [Random] a=41564456 (0010011110100011100100101000), b=104783104 (0110001111101101110100000000) => o_less=1
# => PASS: expect=1, dut=1
# [Random] a=207641166 (1100011000000101101001001110), b=83454313 (0100111110010110100101101001) => o_less=0
# => PASS: expect=0, dut=0
# [Random] a=236096617 (1110000100101000110001101001), b=237075824 (1110001000010111110101110000) => o_less=1
# => PASS: expect=1, dut=1
# [Random] a=77886476 (0100101001000111010000001100), b=232977823 (1101111000101111010110011111) => o_less=1
# => PASS: expect=1, dut=1
# [Random] a=247099721 (1110101110100111000101001001), b=159867326 (1001100001110110000110111110) => o_less=0
# => PASS: expect=0, dut=0
# [Random] a=66593301 (0011111110000010001000010101), b=46911853 (0010110010111101000101101101) => o_less=0
# => PASS: expect=0, dut=0
# [Random] a=64148351 (0011110100101101001101111111), b=186965892 (1011001001001101111110000100) => o_less=1
# => PASS: expect=1, dut=1
# [Random] a=60989214 (0011101000101001111100011110), b=41998440 (0010100000001101100001101000) => o_less=0
# => PASS: expect=0, dut=0
# [Random] a=191103567 (1011011001000000001001001111), b=93685902 (0101100101011000100010001110) => o_less=0
# => PASS: expect=0, dut=0
# [Random] a=68161809 (0100000100000001000100010001), b=4420020 (0000010000110111000110110100) => o_less=0
# => PASS: expect=0, dut=0
# [Random] a=181270824 (1010110011011111100100101000), b=191178519 (1011011001010010011100010111) => o_less=1
# => PASS: expect=1, dut=1
# [Random] a=177964919 (1010100110111000011101110111), b=113827651 (0110110010001101111101000011) => o_less=0
# => PASS: expect=0, dut=0
# [Random] a=231682482 (1101110011110011000110110010), b=191174557 (1011011001010001011110011101) => o_less=0
# => PASS: expect=0, dut=0
# [Random] a=97885440 (0101110101011001110100000000), b=63604385 (0011110010101000011010100001) => o_less=0
# => PASS: expect=0, dut=0
# [Random] a=3833093 (0000001110100111110100000101), b=113079973 (0110101111010111011010100101) => o_less=1
# => PASS: expect=1, dut=1
# [Random] a=225955753 (1101011101111100111110101001), b=72028714 (0100010010110001001000101010) => o_less=0
# => PASS: expect=0, dut=0
# [Random] a=165390300 (1001110110111010011111011100), b=154539579 (1001001101100001011000111011) => o_less=0
# => PASS: expect=0, dut=0
# [Random] a=67400926 (0100000001000111010011011110), b=201102783 (1011111111001001010110111111) => o_less=1
# => PASS: expect=1, dut=1
# [Random] a=167778273 (1010000000000001011111100001), b=212661942 (1100101011001111011010110110) => o_less=1
# => PASS: expect=1, dut=1
# [Random] a=189936742 (1011010100100011010001100110), b=140763497 (1000011000111110000101101001) => o_less=0
# => PASS: expect=0, dut=0
# [Random] a=178189919 (1010100111101111011001011111), b=82332492 (0100111010000100101101001100) => o_less=0
# => PASS: expect=0, dut=0
# [Random] a=237716188 (1110001010110100001011011100), b=76516352 (0100100011111000110000000000) => o_less=0
# => PASS: expect=0, dut=0
# [Random] a=65449127 (0011111001101010110010100111), b=132440915 (0111111001001110001101010011) => o_less=1
# => PASS: expect=1, dut=1
# [Random] a=59857862 (0011100100010101101111000110), b=108704886 (0110011110101011010001110110) => o_less=1
# => PASS: expect=1, dut=1
# [Random] a=155276656 (1001010000010101010101110000), b=31863032 (0001111001100011000011111000) => o_less=0
# => PASS: expect=0, dut=0
# [Random] a=228915250 (1101101001001111100000110010), b=104468949 (0110001110100001000111010101) => o_less=0
# => PASS: expect=0, dut=0
# [Random] a=267674121 (1111111101000110001000001001), b=263460968 (1111101101000001100001101000) => o_less=0
# => PASS: expect=0, dut=0
# [Random] a=120276505 (0111001010110100011000011001), b=184513500 (1010111111110111001111011100) => o_less=1
# => PASS: expect=1, dut=1
# [Random] a=218586511 (1101000001110101110110001111), b=58346183 (0011011110100100101011000111) => o_less=0
# => PASS: expect=0, dut=0
# [Random] a=184472605 (1010111111101101010000011101), b=250707182 (1110111100010111110011101110) => o_less=1
# => PASS: expect=1, dut=1
# [Random] a=151078898 (1001000000010100011111110010), b=47057763 (0010110011100000101101100011) => o_less=0
# => PASS: expect=0, dut=0
# [Random] a=77633056 (0100101000001001011000100000), b=92672965 (0101100001100001001111000101) => o_less=1
# => PASS: expect=1, dut=1
# [Random] a=193024466 (1011100000010101000111010010), b=49619307 (0010111101010010000101101011) => o_less=0
# => PASS: expect=0, dut=0
# [Random] a=214618120 (1100110010101101000000001000), b=208693342 (1100011100000110100001011110) => o_less=0
# => PASS: expect=0, dut=0
# [Random] a=44768815 (0010101010110001111000101111), b=213688960 (1100101111001010001010000000) => o_less=1
# => PASS: expect=1, dut=1
# [Random] a=253637014 (1111000111100011000110010110), b=247173567 (1110101110111001000110111111) => o_less=0
# => PASS: expect=0, dut=0
# [Random] a=4887612 (0000010010101001010000111100), b=56044624 (0011010101110010110001010000) => o_less=1
# => PASS: expect=1, dut=1
# [Random] a=27787320 (0001101010000000000000111000), b=134842121 (1000000010011000011100001001) => o_less=1
# => PASS: expect=1, dut=1
# [Random] a=263295269 (1111101100011001000100100101), b=262827041 (1111101010100110110000100001) => o_less=0
# => PASS: expect=0, dut=0
# [Random] a=213471013 (1100101110010100111100100101), b=197509487 (1011110001011100000101101111) => o_less=0
# => PASS: expect=0, dut=0
# [Random] a=42844229 (0010100011011100000001000101), b=57834931 (0011011100100111110110110011) => o_less=1
# => PASS: expect=1, dut=1
# [Random] a=168084046 (1010000001001100001001001110), b=148881624 (1000110111111100000011011000) => o_less=0
# => PASS: expect=0, dut=0
# [Random] a=180698469 (1010110001010011110101100101), b=7578912 (0000011100111010010100100000) => o_less=0
# => PASS: expect=0, dut=0
# [Random] a=85720861 (0101000110111111111100011101), b=2046263 (0000000111110011100100110111) => o_less=0
# => PASS: expect=0, dut=0
# [Random] a=263058547 (1111101011011111010001110011), b=200447774 (1011111100101001011100011110) => o_less=0
# => PASS: expect=0, dut=0
# [Random] a=40667247 (0010011011001000100001101111), b=72430588 (0100010100010011001111111100) => o_less=1
# => PASS: expect=1, dut=1
# [Random] a=162729291 (1001101100110000110101001011), b=158409915 (1001011100010010010010111011) => o_less=0
# => PASS: expect=0, dut=0
# [Random] a=155416949 (1001010000110111100101110101), b=142995010 (1000100001011110111001000010) => o_less=0
# => PASS: expect=0, dut=0
# [Random] a=72961308 (0100010110010100110100011100), b=28753752 (0001101101101011111101011000) => o_less=0
# => PASS: expect=0, dut=0
# [Random] a=200973601 (1011111110101001110100100001), b=101655546 (0110000011110010001111111010) => o_less=0
# => PASS: expect=0, dut=0
# [Random] a=225670364 (1101011100110111010011011100), b=100442932 (0101111111001010001100110100) => o_less=0
# => PASS: expect=0, dut=0
# [Random] a=220870845 (1101001010100011100010111101), b=212028328 (1100101000110100101110101000) => o_less=0
# => PASS: expect=0, dut=0
# [Random] a=222722103 (1101010001100111100000110111), b=94547049 (0101101000101010110001101001) => o_less=0
# => PASS: expect=0, dut=0
# [Random] a=159868870 (1001100001110110011111000110), b=197343651 (1011110000110011100110100011) => o_less=1
# => PASS: expect=1, dut=1
# [Random] a=68940535 (0100000110111111001011110111), b=30593629 (0001110100101101001001011101) => o_less=0
# => PASS: expect=0, dut=0
# [Random] a=261104234 (1111100100000010001001101010), b=24096962 (0001011011111011000011000010) => o_less=0
# => PASS: expect=0, dut=0
# [Random] a=48880957 (0010111010011101110100111101), b=20200180 (0001001101000011101011110100) => o_less=0
# => PASS: expect=0, dut=0
# [Random] a=19779233 (0001001011011100111010100001), b=116995083 (0110111110010011010000001011) => o_less=1
# => PASS: expect=1, dut=1
# [Random] a=111705854 (0110101010000111111011111110), b=230894696 (1101110000110010110001101000) => o_less=1
# => PASS: expect=1, dut=1
# [Random] a=199620991 (1011111001011111100101111111), b=177231367 (1010100100000101011000000111) => o_less=0
# => PASS: expect=0, dut=0
# [Random] a=134553542 (1000000001010001111111000110), b=92745135 (0101100001110010110110101111) => o_less=0
# => PASS: expect=0, dut=0
# [Random] a=64241412 (0011110101000011111100000100), b=114036184 (0110110011000000110111011000) => o_less=1
# => PASS: expect=1, dut=1
# [Random] a=19106494 (0001001000111000101010111110), b=103906362 (0110001100010111110000111010) => o_less=1
# => PASS: expect=1, dut=1
# [Random] a=105215688 (0110010001010111011011001000), b=262901150 (1111101010111000110110011110) => o_less=1
# => PASS: expect=1, dut=1
# [Random] a=132998407 (0111111011010110010100000111), b=262629846 (1111101001110110100111010110) => o_less=1
# => PASS: expect=1, dut=1
# [Random] a=205860112 (1100010001010010110100010000), b=177188571 (1010100011111010111011011011) => o_less=0
# => PASS: expect=0, dut=0
# [Random] a=147753122 (1000110011101000100010100010), b=233056005 (1101111001000010011100000101) => o_less=1
# => PASS: expect=1, dut=1
# [Random] a=138445027 (1000010000001000000011100011), b=173522512 (1010010101111011111001010000) => o_less=1
# => PASS: expect=1, dut=1
# [Random] a=23072743 (0001011000000000111111100111), b=215518104 (1100110110001000101110011000) => o_less=1
# => PASS: expect=1, dut=1
# [Random] a=192618012 (1011011110110001111000011100), b=46678178 (0010110010000100000010100010) => o_less=0
# => PASS: expect=0, dut=0
# [Random] a=56624463 (0011011000000000010101001111), b=43282252 (0010100101000110111101001100) => o_less=0
# => PASS: expect=0, dut=0
# [Random] a=34149682 (0010000010010001010100110010), b=139343074 (1000010011100011010011100010) => o_less=1
# => PASS: expect=1, dut=1
# [Random] a=209847899 (1100100000100000011001011011), b=20114422 (0001001100101110101111110110) => o_less=0
# => PASS: expect=0, dut=0
# 
# ================================
# ========== TEST SUMMARY ==========
# Total test cases:    100
# Passed          :    100
# Failed          :      0
# Pass rate       : 100.00%
# ================================
# 
# ** Note: $finish    : /home/noname/Documents/project_tiny/Floating_point/Verision1/03_verif/SubModule/COMP_UNIT/COMP_28BIT/tb_COMP_28bit.sv(89)
#    Time: 1006 ns  Iteration: 0  Instance: /tb_COMP_28bit
# Saving coverage database on exit...
# End time: 19:27:35 on Nov 03,2025, Elapsed time: 0:00:00
# Errors: 0, Warnings: 0
