Analysis & Elaboration report for FPU_top
Tue Nov  4 11:16:41 2025
Quartus Prime Version 24.1std.0 Build 1077 03/04/2025 SC Lite Edition


---------------------
; Table of Contents ;
---------------------
  1. Legal Notice
  2. Analysis & Elaboration Summary
  3. Parallel Compilation
  4. Parameter Settings for User Entity Instance: Top-level Entity: |FPU_top
  5. Parameter Settings for User Entity Instance: FPU_unit:FPU_UNIT
  6. Parameter Settings for User Entity Instance: FPU_unit:FPU_UNIT|EXP_swap:EXP_SWAP_UNIT
  7. Parameter Settings for User Entity Instance: FPU_unit:FPU_UNIT|EXP_swap:EXP_SWAP_UNIT|COMP_8bit:COMP_LESS_UNIT
  8. Parameter Settings for User Entity Instance: FPU_unit:FPU_UNIT|EXP_sub:EXP_SUB_UNIT
  9. Parameter Settings for User Entity Instance: FPU_unit:FPU_UNIT|MAN_swap:MAN_PRE_SWAP_BY_EXPONENT_UNIT
 10. Parameter Settings for User Entity Instance: FPU_unit:FPU_UNIT|SHF_right_28bit:SHF_RIGHT_28BIT_UNIT
 11. Parameter Settings for User Entity Instance: FPU_unit:FPU_UNIT|COMP_28bit:MAN_COMP_28BIT_UNIT
 12. Parameter Settings for User Entity Instance: FPU_unit:FPU_UNIT|MAN_swap:MAN_PRE_SWAP_BY_MAN_UNIT
 13. Parameter Settings for User Entity Instance: FPU_unit:FPU_UNIT|MAN_ALU:MAN_ALU_UNIT
 14. Parameter Settings for User Entity Instance: FPU_unit:FPU_UNIT|LOPD_24bit:LOPD_24BIT_UNIT
 15. Parameter Settings for User Entity Instance: FPU_unit:FPU_UNIT|EXP_adjust:EXP_ADJUST_UNIT
 16. Parameter Settings for User Entity Instance: FPU_unit:FPU_UNIT|NORMALIZATION_unit:NORMALIZATION_UNIT
 17. Parameter Settings for User Entity Instance: FPU_unit:FPU_UNIT|NORMALIZATION_unit:NORMALIZATION_UNIT|SHF_left_28bit:SHF_left_28bit_unit
 18. Parameter Settings for User Entity Instance: FPU_unit:FPU_UNIT|ROUNDING_unit:ROUNDING_UNIT
 19. Analysis & Elaboration Settings
 20. Port Connectivity Checks: "FPU_unit:FPU_UNIT|ROUNDING_unit:ROUNDING_UNIT|CLA_28bit:INCREASE_ROUNDING"
 21. Port Connectivity Checks: "FPU_unit:FPU_UNIT|ROUNDING_unit:ROUNDING_UNIT"
 22. Port Connectivity Checks: "FPU_unit:FPU_UNIT|EXP_adjust:EXP_ADJUST_UNIT|CLA_8bit:CLA_8BIT_UNIT"
 23. Port Connectivity Checks: "FPU_unit:FPU_UNIT|EXP_adjust:EXP_ADJUST_UNIT"
 24. Port Connectivity Checks: "FPU_unit:FPU_UNIT|COMP_28bit:MAN_COMP_28BIT_UNIT|COMP_4bit:u_i_data_0"
 25. Port Connectivity Checks: "FPU_unit:FPU_UNIT|SHF_right_28bit:SHF_RIGHT_28BIT_UNIT"
 26. Port Connectivity Checks: "FPU_unit:FPU_UNIT|MAN_swap:MAN_PRE_SWAP_BY_EXPONENT_UNIT"
 27. Port Connectivity Checks: "FPU_unit:FPU_UNIT|EXP_sub:EXP_SUB_UNIT|CLA_8bit:CLA_8BIT_UNIT"
 28. Port Connectivity Checks: "FPU_unit:FPU_UNIT|EXP_sub:EXP_SUB_UNIT"
 29. Port Connectivity Checks: "FPU_unit:FPU_UNIT|EXP_swap:EXP_SWAP_UNIT|COMP_8bit:COMP_LESS_UNIT|COMP_4bit:u_low"
 30. Analysis & Elaboration Messages



----------------
; Legal Notice ;
----------------
Copyright (C) 2025  Altera Corporation. All rights reserved.
Your use of Altera Corporation's design tools, logic functions 
and other software and tools, and any partner logic 
functions, and any output files from any of the foregoing 
(including device programming or simulation files), and any 
associated documentation or information are expressly subject 
to the terms and conditions of the Altera Program License 
Subscription Agreement, the Altera Quartus Prime License Agreement,
the Altera IP License Agreement, or other applicable license
agreement, including, without limitation, that your use is for
the sole purpose of programming logic devices manufactured by
Altera and sold by Altera or its authorized distributors.  Please
refer to the Altera Software License Subscription Agreements 
on the Quartus Prime software download page.



+---------------------------------------------------------------------------------+
; Analysis & Elaboration Summary                                                  ;
+-------------------------------+-------------------------------------------------+
; Analysis & Elaboration Status ; Successful - Tue Nov  4 11:16:41 2025           ;
; Quartus Prime Version         ; 24.1std.0 Build 1077 03/04/2025 SC Lite Edition ;
; Revision Name                 ; FPU_top                                         ;
; Top-level Entity Name         ; FPU_top                                         ;
; Family                        ; Cyclone V                                       ;
; Logic utilization (in ALMs)   ; N/A until Partition Merge                       ;
; Total registers               ; N/A until Partition Merge                       ;
; Total pins                    ; N/A until Partition Merge                       ;
; Total virtual pins            ; N/A until Partition Merge                       ;
; Total block memory bits       ; N/A until Partition Merge                       ;
; Total PLLs                    ; N/A until Partition Merge                       ;
; Total DLLs                    ; N/A until Partition Merge                       ;
+-------------------------------+-------------------------------------------------+


+------------------------------------------+
; Parallel Compilation                     ;
+----------------------------+-------------+
; Processors                 ; Number      ;
+----------------------------+-------------+
; Number detected on machine ; 8           ;
; Maximum allowed            ; 4           ;
;                            ;             ;
; Average used               ; 1.00        ;
; Maximum used               ; 1           ;
;                            ;             ;
; Usage by Processor         ; % Time Used ;
;     Processor 1            ; 100.0%      ;
+----------------------------+-------------+


+-------------------------------------------------------------------------+
; Parameter Settings for User Entity Instance: Top-level Entity: |FPU_top ;
+----------------+-------+------------------------------------------------+
; Parameter Name ; Value ; Type                                           ;
+----------------+-------+------------------------------------------------+
; NUM_OP         ; 1     ; Signed Integer                                 ;
+----------------+-------+------------------------------------------------+
Note: In order to hide this table in the UI and the text report file, please set the "Show Parameter Settings in Synthesis Report" option in "Analysis and Synthesis Settings -> More Settings" to "Off".


+----------------------------------------------------------------+
; Parameter Settings for User Entity Instance: FPU_unit:FPU_UNIT ;
+----------------+-------+---------------------------------------+
; Parameter Name ; Value ; Type                                  ;
+----------------+-------+---------------------------------------+
; NUM_OP         ; 1     ; Signed Integer                        ;
+----------------+-------+---------------------------------------+
Note: In order to hide this table in the UI and the text report file, please set the "Show Parameter Settings in Synthesis Report" option in "Analysis and Synthesis Settings -> More Settings" to "Off".


+---------------------------------------------------------------------------------------+
; Parameter Settings for User Entity Instance: FPU_unit:FPU_UNIT|EXP_swap:EXP_SWAP_UNIT ;
+----------------+-------+--------------------------------------------------------------+
; Parameter Name ; Value ; Type                                                         ;
+----------------+-------+--------------------------------------------------------------+
; SIZE_DATA      ; 8     ; Signed Integer                                               ;
+----------------+-------+--------------------------------------------------------------+
Note: In order to hide this table in the UI and the text report file, please set the "Show Parameter Settings in Synthesis Report" option in "Analysis and Synthesis Settings -> More Settings" to "Off".


+----------------------------------------------------------------------------------------------------------------+
; Parameter Settings for User Entity Instance: FPU_unit:FPU_UNIT|EXP_swap:EXP_SWAP_UNIT|COMP_8bit:COMP_LESS_UNIT ;
+----------------+-------+---------------------------------------------------------------------------------------+
; Parameter Name ; Value ; Type                                                                                  ;
+----------------+-------+---------------------------------------------------------------------------------------+
; SIZE_DATA      ; 8     ; Signed Integer                                                                        ;
+----------------+-------+---------------------------------------------------------------------------------------+
Note: In order to hide this table in the UI and the text report file, please set the "Show Parameter Settings in Synthesis Report" option in "Analysis and Synthesis Settings -> More Settings" to "Off".


+-------------------------------------------------------------------------------------+
; Parameter Settings for User Entity Instance: FPU_unit:FPU_UNIT|EXP_sub:EXP_SUB_UNIT ;
+----------------+-------+------------------------------------------------------------+
; Parameter Name ; Value ; Type                                                       ;
+----------------+-------+------------------------------------------------------------+
; SIZE_EXP_SUB   ; 8     ; Signed Integer                                             ;
+----------------+-------+------------------------------------------------------------+
Note: In order to hide this table in the UI and the text report file, please set the "Show Parameter Settings in Synthesis Report" option in "Analysis and Synthesis Settings -> More Settings" to "Off".


+-------------------------------------------------------------------------------------------------------+
; Parameter Settings for User Entity Instance: FPU_unit:FPU_UNIT|MAN_swap:MAN_PRE_SWAP_BY_EXPONENT_UNIT ;
+----------------+-------+------------------------------------------------------------------------------+
; Parameter Name ; Value ; Type                                                                         ;
+----------------+-------+------------------------------------------------------------------------------+
; SIZE_MAN       ; 24    ; Signed Integer                                                               ;
+----------------+-------+------------------------------------------------------------------------------+
Note: In order to hide this table in the UI and the text report file, please set the "Show Parameter Settings in Synthesis Report" option in "Analysis and Synthesis Settings -> More Settings" to "Off".


+-----------------------------------------------------------------------------------------------------+
; Parameter Settings for User Entity Instance: FPU_unit:FPU_UNIT|SHF_right_28bit:SHF_RIGHT_28BIT_UNIT ;
+----------------+-------+----------------------------------------------------------------------------+
; Parameter Name ; Value ; Type                                                                       ;
+----------------+-------+----------------------------------------------------------------------------+
; SIZE_DATA      ; 28    ; Signed Integer                                                             ;
; SIZE_SHIFT     ; 5     ; Signed Integer                                                             ;
+----------------+-------+----------------------------------------------------------------------------+
Note: In order to hide this table in the UI and the text report file, please set the "Show Parameter Settings in Synthesis Report" option in "Analysis and Synthesis Settings -> More Settings" to "Off".


+-----------------------------------------------------------------------------------------------+
; Parameter Settings for User Entity Instance: FPU_unit:FPU_UNIT|COMP_28bit:MAN_COMP_28BIT_UNIT ;
+----------------+-------+----------------------------------------------------------------------+
; Parameter Name ; Value ; Type                                                                 ;
+----------------+-------+----------------------------------------------------------------------+
; SIZE_DATA      ; 28    ; Signed Integer                                                       ;
+----------------+-------+----------------------------------------------------------------------+
Note: In order to hide this table in the UI and the text report file, please set the "Show Parameter Settings in Synthesis Report" option in "Analysis and Synthesis Settings -> More Settings" to "Off".


+--------------------------------------------------------------------------------------------------+
; Parameter Settings for User Entity Instance: FPU_unit:FPU_UNIT|MAN_swap:MAN_PRE_SWAP_BY_MAN_UNIT ;
+----------------+-------+-------------------------------------------------------------------------+
; Parameter Name ; Value ; Type                                                                    ;
+----------------+-------+-------------------------------------------------------------------------+
; SIZE_MAN       ; 28    ; Signed Integer                                                          ;
+----------------+-------+-------------------------------------------------------------------------+
Note: In order to hide this table in the UI and the text report file, please set the "Show Parameter Settings in Synthesis Report" option in "Analysis and Synthesis Settings -> More Settings" to "Off".


+-------------------------------------------------------------------------------------+
; Parameter Settings for User Entity Instance: FPU_unit:FPU_UNIT|MAN_ALU:MAN_ALU_UNIT ;
+----------------+-------+------------------------------------------------------------+
; Parameter Name ; Value ; Type                                                       ;
+----------------+-------+------------------------------------------------------------+
; NUM_OP         ; 1     ; Signed Integer                                             ;
; SIZE_MAN       ; 28    ; Signed Integer                                             ;
+----------------+-------+------------------------------------------------------------+
Note: In order to hide this table in the UI and the text report file, please set the "Show Parameter Settings in Synthesis Report" option in "Analysis and Synthesis Settings -> More Settings" to "Off".


+-------------------------------------------------------------------------------------------+
; Parameter Settings for User Entity Instance: FPU_unit:FPU_UNIT|LOPD_24bit:LOPD_24BIT_UNIT ;
+----------------+-------+------------------------------------------------------------------+
; Parameter Name ; Value ; Type                                                             ;
+----------------+-------+------------------------------------------------------------------+
; SIZE_DATA      ; 24    ; Signed Integer                                                   ;
; SIZE_LOPD      ; 5     ; Signed Integer                                                   ;
+----------------+-------+------------------------------------------------------------------+
Note: In order to hide this table in the UI and the text report file, please set the "Show Parameter Settings in Synthesis Report" option in "Analysis and Synthesis Settings -> More Settings" to "Off".


+-------------------------------------------------------------------------------------------+
; Parameter Settings for User Entity Instance: FPU_unit:FPU_UNIT|EXP_adjust:EXP_ADJUST_UNIT ;
+----------------+-------+------------------------------------------------------------------+
; Parameter Name ; Value ; Type                                                             ;
+----------------+-------+------------------------------------------------------------------+
; SIZE_EXP       ; 8     ; Signed Integer                                                   ;
; SIZE_LOPD      ; 8     ; Signed Integer                                                   ;
+----------------+-------+------------------------------------------------------------------+
Note: In order to hide this table in the UI and the text report file, please set the "Show Parameter Settings in Synthesis Report" option in "Analysis and Synthesis Settings -> More Settings" to "Off".


+------------------------------------------------------------------------------------------------------+
; Parameter Settings for User Entity Instance: FPU_unit:FPU_UNIT|NORMALIZATION_unit:NORMALIZATION_UNIT ;
+----------------+-------+-----------------------------------------------------------------------------+
; Parameter Name ; Value ; Type                                                                        ;
+----------------+-------+-----------------------------------------------------------------------------+
; SIZE_LOPD      ; 5     ; Signed Integer                                                              ;
; SIZE_DATA      ; 28    ; Signed Integer                                                              ;
+----------------+-------+-----------------------------------------------------------------------------+
Note: In order to hide this table in the UI and the text report file, please set the "Show Parameter Settings in Synthesis Report" option in "Analysis and Synthesis Settings -> More Settings" to "Off".


+-----------------------------------------------------------------------------------------------------------------------------------------+
; Parameter Settings for User Entity Instance: FPU_unit:FPU_UNIT|NORMALIZATION_unit:NORMALIZATION_UNIT|SHF_left_28bit:SHF_left_28bit_unit ;
+----------------+-------+----------------------------------------------------------------------------------------------------------------+
; Parameter Name ; Value ; Type                                                                                                           ;
+----------------+-------+----------------------------------------------------------------------------------------------------------------+
; SIZE_DATA      ; 28    ; Signed Integer                                                                                                 ;
; SIZE_SHIFT     ; 5     ; Signed Integer                                                                                                 ;
+----------------+-------+----------------------------------------------------------------------------------------------------------------+
Note: In order to hide this table in the UI and the text report file, please set the "Show Parameter Settings in Synthesis Report" option in "Analysis and Synthesis Settings -> More Settings" to "Off".


+--------------------------------------------------------------------------------------------+
; Parameter Settings for User Entity Instance: FPU_unit:FPU_UNIT|ROUNDING_unit:ROUNDING_UNIT ;
+-----------------+-------+------------------------------------------------------------------+
; Parameter Name  ; Value ; Type                                                             ;
+-----------------+-------+------------------------------------------------------------------+
; SIZE_MAN        ; 28    ; Signed Integer                                                   ;
; SIZE_MAN_RESULT ; 24    ; Signed Integer                                                   ;
+-----------------+-------+------------------------------------------------------------------+
Note: In order to hide this table in the UI and the text report file, please set the "Show Parameter Settings in Synthesis Report" option in "Analysis and Synthesis Settings -> More Settings" to "Off".


+---------------------------------------------------------------------------------------------------------------------------+
; Analysis & Elaboration Settings                                                                                           ;
+---------------------------------------------------------------------------------+--------------------+--------------------+
; Option                                                                          ; Setting            ; Default Value      ;
+---------------------------------------------------------------------------------+--------------------+--------------------+
; Device                                                                          ; 5CSXFC6D6F31C6     ;                    ;
; Top-level entity name                                                           ; FPU_top            ; FPU_top            ;
; Family name                                                                     ; Cyclone V          ; Cyclone V          ;
; Use smart compilation                                                           ; Off                ; Off                ;
; Enable parallel Assembler and Timing Analyzer during compilation                ; On                 ; On                 ;
; Enable compact report table                                                     ; Off                ; Off                ;
; Restructure Multiplexers                                                        ; Auto               ; Auto               ;
; MLAB Add Timing Constraints For Mixed-Port Feed-Through Mode Setting Don't Care ; Off                ; Off                ;
; Create Debugging Nodes for IP Cores                                             ; Off                ; Off                ;
; Preserve fewer node names                                                       ; On                 ; On                 ;
; Intel FPGA IP Evaluation Mode                                                   ; Enable             ; Enable             ;
; Verilog Version                                                                 ; Verilog_2001       ; Verilog_2001       ;
; VHDL Version                                                                    ; VHDL_1993          ; VHDL_1993          ;
; State Machine Processing                                                        ; Auto               ; Auto               ;
; Safe State Machine                                                              ; Off                ; Off                ;
; Extract Verilog State Machines                                                  ; On                 ; On                 ;
; Extract VHDL State Machines                                                     ; On                 ; On                 ;
; Ignore Verilog initial constructs                                               ; Off                ; Off                ;
; Iteration limit for constant Verilog loops                                      ; 5000               ; 5000               ;
; Iteration limit for non-constant Verilog loops                                  ; 250                ; 250                ;
; Add Pass-Through Logic to Inferred RAMs                                         ; On                 ; On                 ;
; Infer RAMs from Raw Logic                                                       ; On                 ; On                 ;
; Parallel Synthesis                                                              ; On                 ; On                 ;
; DSP Block Balancing                                                             ; Auto               ; Auto               ;
; NOT Gate Push-Back                                                              ; On                 ; On                 ;
; Power-Up Don't Care                                                             ; On                 ; On                 ;
; Remove Redundant Logic Cells                                                    ; Off                ; Off                ;
; Remove Duplicate Registers                                                      ; On                 ; On                 ;
; Ignore CARRY Buffers                                                            ; Off                ; Off                ;
; Ignore CASCADE Buffers                                                          ; Off                ; Off                ;
; Ignore GLOBAL Buffers                                                           ; Off                ; Off                ;
; Ignore ROW GLOBAL Buffers                                                       ; Off                ; Off                ;
; Ignore LCELL Buffers                                                            ; Off                ; Off                ;
; Ignore SOFT Buffers                                                             ; On                 ; On                 ;
; Limit AHDL Integers to 32 Bits                                                  ; Off                ; Off                ;
; Optimization Technique                                                          ; Balanced           ; Balanced           ;
; Carry Chain Length                                                              ; 70                 ; 70                 ;
; Auto Carry Chains                                                               ; On                 ; On                 ;
; Auto Open-Drain Pins                                                            ; On                 ; On                 ;
; Perform WYSIWYG Primitive Resynthesis                                           ; Off                ; Off                ;
; Auto ROM Replacement                                                            ; On                 ; On                 ;
; Auto RAM Replacement                                                            ; On                 ; On                 ;
; Auto DSP Block Replacement                                                      ; On                 ; On                 ;
; Auto Shift Register Replacement                                                 ; Auto               ; Auto               ;
; Allow Shift Register Merging across Hierarchies                                 ; Auto               ; Auto               ;
; Auto Clock Enable Replacement                                                   ; On                 ; On                 ;
; Strict RAM Replacement                                                          ; Off                ; Off                ;
; Allow Synchronous Control Signals                                               ; On                 ; On                 ;
; Force Use of Synchronous Clear Signals                                          ; Off                ; Off                ;
; Auto Resource Sharing                                                           ; Off                ; Off                ;
; Allow Any RAM Size For Recognition                                              ; Off                ; Off                ;
; Allow Any ROM Size For Recognition                                              ; Off                ; Off                ;
; Allow Any Shift Register Size For Recognition                                   ; Off                ; Off                ;
; Use LogicLock Constraints during Resource Balancing                             ; On                 ; On                 ;
; Ignore translate_off and synthesis_off directives                               ; Off                ; Off                ;
; Timing-Driven Synthesis                                                         ; On                 ; On                 ;
; Report Parameter Settings                                                       ; On                 ; On                 ;
; Report Source Assignments                                                       ; On                 ; On                 ;
; Report Connectivity Checks                                                      ; On                 ; On                 ;
; Ignore Maximum Fan-Out Assignments                                              ; Off                ; Off                ;
; Synchronization Register Chain Length                                           ; 3                  ; 3                  ;
; Power Optimization During Synthesis                                             ; Normal compilation ; Normal compilation ;
; HDL message level                                                               ; Level2             ; Level2             ;
; Suppress Register Optimization Related Messages                                 ; Off                ; Off                ;
; Number of Removed Registers Reported in Synthesis Report                        ; 5000               ; 5000               ;
; Number of Swept Nodes Reported in Synthesis Report                              ; 5000               ; 5000               ;
; Number of Inverted Registers Reported in Synthesis Report                       ; 100                ; 100                ;
; Clock MUX Protection                                                            ; On                 ; On                 ;
; Auto Gated Clock Conversion                                                     ; Off                ; Off                ;
; Block Design Naming                                                             ; Auto               ; Auto               ;
; SDC constraint protection                                                       ; Off                ; Off                ;
; Synthesis Effort                                                                ; Auto               ; Auto               ;
; Shift Register Replacement - Allow Asynchronous Clear Signal                    ; On                 ; On                 ;
; Pre-Mapping Resynthesis Optimization                                            ; Off                ; Off                ;
; Analysis & Synthesis Message Level                                              ; Medium             ; Medium             ;
; Disable Register Merging Across Hierarchies                                     ; Auto               ; Auto               ;
; Resource Aware Inference For Block RAM                                          ; On                 ; On                 ;
; Automatic Parallel Synthesis                                                    ; On                 ; On                 ;
; Partial Reconfiguration Bitstream ID                                            ; Off                ; Off                ;
+---------------------------------------------------------------------------------+--------------------+--------------------+


+----------------------------------------------------------------------------------------------------------------------------+
; Port Connectivity Checks: "FPU_unit:FPU_UNIT|ROUNDING_unit:ROUNDING_UNIT|CLA_28bit:INCREASE_ROUNDING"                      ;
+------------------+--------+----------+-------------------------------------------------------------------------------------+
; Port             ; Type   ; Severity ; Details                                                                             ;
+------------------+--------+----------+-------------------------------------------------------------------------------------+
; i_data_a[27..24] ; Input  ; Info     ; Stuck at GND                                                                        ;
; i_data_b         ; Input  ; Info     ; Stuck at GND                                                                        ;
; o_sum[27..24]    ; Output ; Info     ; Connected to dangling logic. Logic that only feeds a dangling port will be removed. ;
; o_carry          ; Output ; Info     ; Explicitly unconnected                                                              ;
+------------------+--------+----------+-------------------------------------------------------------------------------------+


+----------------------------------------------------------------------------------------------------------------------------+
; Port Connectivity Checks: "FPU_unit:FPU_UNIT|ROUNDING_unit:ROUNDING_UNIT"                                                  ;
+------------------+--------+----------+-------------------------------------------------------------------------------------+
; Port             ; Type   ; Severity ; Details                                                                             ;
+------------------+--------+----------+-------------------------------------------------------------------------------------+
; o_man_result[23] ; Output ; Info     ; Connected to dangling logic. Logic that only feeds a dangling port will be removed. ;
+------------------+--------+----------+-------------------------------------------------------------------------------------+


+-------------------------------------------------------------------------------------------------+
; Port Connectivity Checks: "FPU_unit:FPU_UNIT|EXP_adjust:EXP_ADJUST_UNIT|CLA_8bit:CLA_8BIT_UNIT" ;
+---------+--------+----------+-------------------------------------------------------------------+
; Port    ; Type   ; Severity ; Details                                                           ;
+---------+--------+----------+-------------------------------------------------------------------+
; o_carry ; Output ; Info     ; Explicitly unconnected                                            ;
+---------+--------+----------+-------------------------------------------------------------------+


+--------------------------------------------------------------------------+
; Port Connectivity Checks: "FPU_unit:FPU_UNIT|EXP_adjust:EXP_ADJUST_UNIT" ;
+--------------------+-------+----------+----------------------------------+
; Port               ; Type  ; Severity ; Details                          ;
+--------------------+-------+----------+----------------------------------+
; i_lopd_value[7..5] ; Input ; Info     ; Stuck at GND                     ;
+--------------------+-------+----------+----------------------------------+


+-------------------------------------------------------------------------------------------------------------------+
; Port Connectivity Checks: "FPU_unit:FPU_UNIT|COMP_28bit:MAN_COMP_28BIT_UNIT|COMP_4bit:u_i_data_0"                 ;
+---------+--------+----------+-------------------------------------------------------------------------------------+
; Port    ; Type   ; Severity ; Details                                                                             ;
+---------+--------+----------+-------------------------------------------------------------------------------------+
; o_equal ; Output ; Info     ; Connected to dangling logic. Logic that only feeds a dangling port will be removed. ;
+---------+--------+----------+-------------------------------------------------------------------------------------+


+------------------------------------------------------------------------------------+
; Port Connectivity Checks: "FPU_unit:FPU_UNIT|SHF_right_28bit:SHF_RIGHT_28BIT_UNIT" ;
+--------------+-------+----------+--------------------------------------------------+
; Port         ; Type  ; Severity ; Details                                          ;
+--------------+-------+----------+--------------------------------------------------+
; i_data[3..0] ; Input ; Info     ; Stuck at GND                                     ;
+--------------+-------+----------+--------------------------------------------------+


+--------------------------------------------------------------------------------------+
; Port Connectivity Checks: "FPU_unit:FPU_UNIT|MAN_swap:MAN_PRE_SWAP_BY_EXPONENT_UNIT" ;
+-------------+-------+----------+-----------------------------------------------------+
; Port        ; Type  ; Severity ; Details                                             ;
+-------------+-------+----------+-----------------------------------------------------+
; i_man_a[23] ; Input ; Info     ; Stuck at VCC                                        ;
; i_man_b[23] ; Input ; Info     ; Stuck at VCC                                        ;
+-------------+-------+----------+-----------------------------------------------------+


+-------------------------------------------------------------------------------------------+
; Port Connectivity Checks: "FPU_unit:FPU_UNIT|EXP_sub:EXP_SUB_UNIT|CLA_8bit:CLA_8BIT_UNIT" ;
+---------+--------+----------+-------------------------------------------------------------+
; Port    ; Type   ; Severity ; Details                                                     ;
+---------+--------+----------+-------------------------------------------------------------+
; i_carry ; Input  ; Info     ; Stuck at VCC                                                ;
; o_carry ; Output ; Info     ; Explicitly unconnected                                      ;
+---------+--------+----------+-------------------------------------------------------------+


+-----------------------------------------------------------------------------------------------------------------------+
; Port Connectivity Checks: "FPU_unit:FPU_UNIT|EXP_sub:EXP_SUB_UNIT"                                                    ;
+-------------+--------+----------+-------------------------------------------------------------------------------------+
; Port        ; Type   ; Severity ; Details                                                                             ;
+-------------+--------+----------+-------------------------------------------------------------------------------------+
; o_sub[7..5] ; Output ; Info     ; Connected to dangling logic. Logic that only feeds a dangling port will be removed. ;
+-------------+--------+----------+-------------------------------------------------------------------------------------+


+-------------------------------------------------------------------------------------------------------------------+
; Port Connectivity Checks: "FPU_unit:FPU_UNIT|EXP_swap:EXP_SWAP_UNIT|COMP_8bit:COMP_LESS_UNIT|COMP_4bit:u_low"     ;
+---------+--------+----------+-------------------------------------------------------------------------------------+
; Port    ; Type   ; Severity ; Details                                                                             ;
+---------+--------+----------+-------------------------------------------------------------------------------------+
; o_equal ; Output ; Info     ; Connected to dangling logic. Logic that only feeds a dangling port will be removed. ;
+---------+--------+----------+-------------------------------------------------------------------------------------+


+---------------------------------+
; Analysis & Elaboration Messages ;
+---------------------------------+
Info: *******************************************************************
Info: Running Quartus Prime Analysis & Elaboration
    Info: Version 24.1std.0 Build 1077 03/04/2025 SC Lite Edition
    Info: Processing started: Tue Nov  4 11:16:35 2025
Info: Command: quartus_map --read_settings_files=on --write_settings_files=off FPU_top -c FPU_top --analysis_and_elaboration
Warning (18236): Number of processors has not been specified which may cause overloading on shared machines.  Set the global assignment NUM_PARALLEL_PROCESSORS in your QSF to an appropriate value for best performance.
Info (20030): Parallel compilation is enabled and will use 4 of the 4 processors detected
Info (12021): Found 1 design units, including 1 entities, in source file /home/noname/Documents/project_tiny/Floating_point/Verision1/02_rlt/SHF_right_28bit.sv
    Info (12023): Found entity 1: SHF_right_28bit File: /home/noname/Documents/project_tiny/Floating_point/Verision1/02_rlt/SHF_right_28bit.sv Line: 1
Info (12021): Found 1 design units, including 1 entities, in source file /home/noname/Documents/project_tiny/Floating_point/Verision1/02_rlt/SHF_left_28bit.sv
    Info (12023): Found entity 1: SHF_left_28bit File: /home/noname/Documents/project_tiny/Floating_point/Verision1/02_rlt/SHF_left_28bit.sv Line: 1
Info (12021): Found 1 design units, including 1 entities, in source file /home/noname/Documents/project_tiny/Floating_point/Verision1/02_rlt/ROUNDING_unit.sv
    Info (12023): Found entity 1: ROUNDING_unit File: /home/noname/Documents/project_tiny/Floating_point/Verision1/02_rlt/ROUNDING_unit.sv Line: 1
Info (12021): Found 1 design units, including 1 entities, in source file /home/noname/Documents/project_tiny/Floating_point/Verision1/02_rlt/NORMALIZATION_unit.sv
    Info (12023): Found entity 1: NORMALIZATION_unit File: /home/noname/Documents/project_tiny/Floating_point/Verision1/02_rlt/NORMALIZATION_unit.sv Line: 1
Info (12021): Found 1 design units, including 1 entities, in source file /home/noname/Documents/project_tiny/Floating_point/Verision1/02_rlt/MAN_swap.sv
    Info (12023): Found entity 1: MAN_swap File: /home/noname/Documents/project_tiny/Floating_point/Verision1/02_rlt/MAN_swap.sv Line: 1
Info (12021): Found 1 design units, including 1 entities, in source file /home/noname/Documents/project_tiny/Floating_point/Verision1/02_rlt/MAN_ALU.sv
    Info (12023): Found entity 1: MAN_ALU File: /home/noname/Documents/project_tiny/Floating_point/Verision1/02_rlt/MAN_ALU.sv Line: 1
Info (12021): Found 1 design units, including 1 entities, in source file /home/noname/Documents/project_tiny/Floating_point/Verision1/02_rlt/LOPD_8bit.sv
    Info (12023): Found entity 1: LOPD_8bit File: /home/noname/Documents/project_tiny/Floating_point/Verision1/02_rlt/LOPD_8bit.sv Line: 1
Info (12021): Found 1 design units, including 1 entities, in source file /home/noname/Documents/project_tiny/Floating_point/Verision1/02_rlt/LOPD_4bit.sv
    Info (12023): Found entity 1: LOPD_4bit File: /home/noname/Documents/project_tiny/Floating_point/Verision1/02_rlt/LOPD_4bit.sv Line: 1
Info (12021): Found 1 design units, including 1 entities, in source file /home/noname/Documents/project_tiny/Floating_point/Verision1/02_rlt/LOPD_24bit.sv
    Info (12023): Found entity 1: LOPD_24bit File: /home/noname/Documents/project_tiny/Floating_point/Verision1/02_rlt/LOPD_24bit.sv Line: 1
Info (12021): Found 1 design units, including 1 entities, in source file /home/noname/Documents/project_tiny/Floating_point/Verision1/02_rlt/LOPD_16bit.sv
    Info (12023): Found entity 1: LOPD_16bit File: /home/noname/Documents/project_tiny/Floating_point/Verision1/02_rlt/LOPD_16bit.sv Line: 1
Info (12021): Found 1 design units, including 1 entities, in source file /home/noname/Documents/project_tiny/Floating_point/Verision1/02_rlt/FPU_unit.sv
    Info (12023): Found entity 1: FPU_unit File: /home/noname/Documents/project_tiny/Floating_point/Verision1/02_rlt/FPU_unit.sv Line: 1
Info (12021): Found 1 design units, including 1 entities, in source file /home/noname/Documents/project_tiny/Floating_point/Verision1/02_rlt/EXP_swap.sv
    Info (12023): Found entity 1: EXP_swap File: /home/noname/Documents/project_tiny/Floating_point/Verision1/02_rlt/EXP_swap.sv Line: 1
Info (12021): Found 1 design units, including 1 entities, in source file /home/noname/Documents/project_tiny/Floating_point/Verision1/02_rlt/EXP_sub.sv
    Info (12023): Found entity 1: EXP_sub File: /home/noname/Documents/project_tiny/Floating_point/Verision1/02_rlt/EXP_sub.sv Line: 1
Info (12021): Found 1 design units, including 1 entities, in source file /home/noname/Documents/project_tiny/Floating_point/Verision1/02_rlt/EXP_adjust.sv
    Info (12023): Found entity 1: EXP_adjust File: /home/noname/Documents/project_tiny/Floating_point/Verision1/02_rlt/EXP_adjust.sv Line: 1
Info (12021): Found 1 design units, including 1 entities, in source file /home/noname/Documents/project_tiny/Floating_point/Verision1/02_rlt/COMP_8bit.sv
    Info (12023): Found entity 1: COMP_8bit File: /home/noname/Documents/project_tiny/Floating_point/Verision1/02_rlt/COMP_8bit.sv Line: 1
Info (12021): Found 1 design units, including 1 entities, in source file /home/noname/Documents/project_tiny/Floating_point/Verision1/02_rlt/COMP_4bit.sv
    Info (12023): Found entity 1: COMP_4bit File: /home/noname/Documents/project_tiny/Floating_point/Verision1/02_rlt/COMP_4bit.sv Line: 1
Info (12021): Found 1 design units, including 1 entities, in source file /home/noname/Documents/project_tiny/Floating_point/Verision1/02_rlt/COMP_2bit.sv
    Info (12023): Found entity 1: COMP_2bit File: /home/noname/Documents/project_tiny/Floating_point/Verision1/02_rlt/COMP_2bit.sv Line: 1
Info (12021): Found 1 design units, including 1 entities, in source file /home/noname/Documents/project_tiny/Floating_point/Verision1/02_rlt/COMP_28bit.sv
    Info (12023): Found entity 1: COMP_28bit File: /home/noname/Documents/project_tiny/Floating_point/Verision1/02_rlt/COMP_28bit.sv Line: 1
Info (12021): Found 1 design units, including 1 entities, in source file /home/noname/Documents/project_tiny/Floating_point/Verision1/02_rlt/CLA_8bit.sv
    Info (12023): Found entity 1: CLA_8bit File: /home/noname/Documents/project_tiny/Floating_point/Verision1/02_rlt/CLA_8bit.sv Line: 1
Info (12021): Found 1 design units, including 1 entities, in source file /home/noname/Documents/project_tiny/Floating_point/Verision1/02_rlt/CLA_4bit.sv
    Info (12023): Found entity 1: CLA_4bit File: /home/noname/Documents/project_tiny/Floating_point/Verision1/02_rlt/CLA_4bit.sv Line: 1
Info (12021): Found 1 design units, including 1 entities, in source file /home/noname/Documents/project_tiny/Floating_point/Verision1/02_rlt/CLA_28bit.sv
    Info (12023): Found entity 1: CLA_28bit File: /home/noname/Documents/project_tiny/Floating_point/Verision1/02_rlt/CLA_28bit.sv Line: 1
Info (12021): Found 1 design units, including 1 entities, in source file FPU_top.sv
    Info (12023): Found entity 1: FPU_top File: /home/noname/Documents/project_tiny/Floating_point/Verision1/04_imple/Quartus/FPU_top.sv Line: 1
Info (12127): Elaborating entity "FPU_top" for the top level hierarchy
Info (12128): Elaborating entity "FPU_unit" for hierarchy "FPU_unit:FPU_UNIT" File: /home/noname/Documents/project_tiny/Floating_point/Verision1/04_imple/Quartus/FPU_top.sv Line: 48
Info (12128): Elaborating entity "EXP_swap" for hierarchy "FPU_unit:FPU_UNIT|EXP_swap:EXP_SWAP_UNIT" File: /home/noname/Documents/project_tiny/Floating_point/Verision1/02_rlt/FPU_unit.sv Line: 69
Info (12128): Elaborating entity "COMP_8bit" for hierarchy "FPU_unit:FPU_UNIT|EXP_swap:EXP_SWAP_UNIT|COMP_8bit:COMP_LESS_UNIT" File: /home/noname/Documents/project_tiny/Floating_point/Verision1/02_rlt/EXP_swap.sv Line: 18
Info (12128): Elaborating entity "COMP_4bit" for hierarchy "FPU_unit:FPU_UNIT|EXP_swap:EXP_SWAP_UNIT|COMP_8bit:COMP_LESS_UNIT|COMP_4bit:u_low" File: /home/noname/Documents/project_tiny/Floating_point/Verision1/02_rlt/COMP_8bit.sv Line: 16
Info (12128): Elaborating entity "COMP_2bit" for hierarchy "FPU_unit:FPU_UNIT|EXP_swap:EXP_SWAP_UNIT|COMP_8bit:COMP_LESS_UNIT|COMP_4bit:u_low|COMP_2bit:u_low" File: /home/noname/Documents/project_tiny/Floating_point/Verision1/02_rlt/COMP_4bit.sv Line: 15
Info (12128): Elaborating entity "EXP_sub" for hierarchy "FPU_unit:FPU_UNIT|EXP_sub:EXP_SUB_UNIT" File: /home/noname/Documents/project_tiny/Floating_point/Verision1/02_rlt/FPU_unit.sv Line: 77
Info (12128): Elaborating entity "CLA_8bit" for hierarchy "FPU_unit:FPU_UNIT|EXP_sub:EXP_SUB_UNIT|CLA_8bit:CLA_8BIT_UNIT" File: /home/noname/Documents/project_tiny/Floating_point/Verision1/02_rlt/EXP_sub.sv Line: 18
Info (12128): Elaborating entity "CLA_4bit" for hierarchy "FPU_unit:FPU_UNIT|EXP_sub:EXP_SUB_UNIT|CLA_8bit:CLA_8BIT_UNIT|CLA_4bit:CLA_4BIT_UNIT_0" File: /home/noname/Documents/project_tiny/Floating_point/Verision1/02_rlt/CLA_8bit.sv Line: 20
Info (12128): Elaborating entity "MAN_swap" for hierarchy "FPU_unit:FPU_UNIT|MAN_swap:MAN_PRE_SWAP_BY_EXPONENT_UNIT" File: /home/noname/Documents/project_tiny/Floating_point/Verision1/02_rlt/FPU_unit.sv Line: 96
Info (12128): Elaborating entity "SHF_right_28bit" for hierarchy "FPU_unit:FPU_UNIT|SHF_right_28bit:SHF_RIGHT_28BIT_UNIT" File: /home/noname/Documents/project_tiny/Floating_point/Verision1/02_rlt/FPU_unit.sv Line: 105
Info (12128): Elaborating entity "COMP_28bit" for hierarchy "FPU_unit:FPU_UNIT|COMP_28bit:MAN_COMP_28BIT_UNIT" File: /home/noname/Documents/project_tiny/Floating_point/Verision1/02_rlt/FPU_unit.sv Line: 112
Info (12128): Elaborating entity "MAN_swap" for hierarchy "FPU_unit:FPU_UNIT|MAN_swap:MAN_PRE_SWAP_BY_MAN_UNIT" File: /home/noname/Documents/project_tiny/Floating_point/Verision1/02_rlt/FPU_unit.sv Line: 129
Info (12128): Elaborating entity "MAN_ALU" for hierarchy "FPU_unit:FPU_UNIT|MAN_ALU:MAN_ALU_UNIT" File: /home/noname/Documents/project_tiny/Floating_point/Verision1/02_rlt/FPU_unit.sv Line: 142
Info (12128): Elaborating entity "CLA_28bit" for hierarchy "FPU_unit:FPU_UNIT|MAN_ALU:MAN_ALU_UNIT|CLA_28bit:ALU_SUB_UNIT" File: /home/noname/Documents/project_tiny/Floating_point/Verision1/02_rlt/MAN_ALU.sv Line: 29
Info (12128): Elaborating entity "LOPD_24bit" for hierarchy "FPU_unit:FPU_UNIT|LOPD_24bit:LOPD_24BIT_UNIT" File: /home/noname/Documents/project_tiny/Floating_point/Verision1/02_rlt/FPU_unit.sv Line: 151
Info (12128): Elaborating entity "LOPD_16bit" for hierarchy "FPU_unit:FPU_UNIT|LOPD_24bit:LOPD_24BIT_UNIT|LOPD_16bit:LOPD_16bit_UNIT_MSB" File: /home/noname/Documents/project_tiny/Floating_point/Verision1/02_rlt/LOPD_24bit.sv Line: 18
Info (12128): Elaborating entity "LOPD_8bit" for hierarchy "FPU_unit:FPU_UNIT|LOPD_24bit:LOPD_24BIT_UNIT|LOPD_16bit:LOPD_16bit_UNIT_MSB|LOPD_8bit:LOPD_8bit_unit_0" File: /home/noname/Documents/project_tiny/Floating_point/Verision1/02_rlt/LOPD_16bit.sv Line: 16
Info (12128): Elaborating entity "LOPD_4bit" for hierarchy "FPU_unit:FPU_UNIT|LOPD_24bit:LOPD_24BIT_UNIT|LOPD_16bit:LOPD_16bit_UNIT_MSB|LOPD_8bit:LOPD_8bit_unit_0|LOPD_4bit:LOPD_4bit_unit_0" File: /home/noname/Documents/project_tiny/Floating_point/Verision1/02_rlt/LOPD_8bit.sv Line: 16
Info (12128): Elaborating entity "EXP_adjust" for hierarchy "FPU_unit:FPU_UNIT|EXP_adjust:EXP_ADJUST_UNIT" File: /home/noname/Documents/project_tiny/Floating_point/Verision1/02_rlt/FPU_unit.sv Line: 163
Info (12128): Elaborating entity "NORMALIZATION_unit" for hierarchy "FPU_unit:FPU_UNIT|NORMALIZATION_unit:NORMALIZATION_UNIT" File: /home/noname/Documents/project_tiny/Floating_point/Verision1/02_rlt/FPU_unit.sv Line: 174
Info (12128): Elaborating entity "SHF_left_28bit" for hierarchy "FPU_unit:FPU_UNIT|NORMALIZATION_unit:NORMALIZATION_UNIT|SHF_left_28bit:SHF_left_28bit_unit" File: /home/noname/Documents/project_tiny/Floating_point/Verision1/02_rlt/NORMALIZATION_unit.sv Line: 21
Info (12128): Elaborating entity "ROUNDING_unit" for hierarchy "FPU_unit:FPU_UNIT|ROUNDING_unit:ROUNDING_UNIT" File: /home/noname/Documents/project_tiny/Floating_point/Verision1/02_rlt/FPU_unit.sv Line: 182
Info: Quartus Prime Analysis & Elaboration was successful. 0 errors, 1 warning
    Info: Peak virtual memory: 719 megabytes
    Info: Processing ended: Tue Nov  4 11:16:41 2025
    Info: Elapsed time: 00:00:06
    Info: Total CPU time (on all processors): 00:00:15


