============================================
>>> TEST SHIFT LEFT UNIT <<<
============================================
Test 0: PASS | data=7673c4 | shift=20 | out=400000
Test 1: PASS | data=fdd502 | shift=20 | out=200000
Test 2: PASS | data=178378 | shift=20 | out=800000
Test 3: PASS | data=a49eb6 | shift=20 | out=600000
Test 4: PASS | data=6ff3b7 | shift=3 | out=7f9db8
Test 5: PASS | data=9e1721 | shift=17 | out=420000
Test 6: PASS | data=8cafc5 | shift=2 | out=32bf14
Test 7: PASS | data=51ff62 | shift=5 | out=3fec40
Test 8: PASS | data=fbc912 | shift=14 | out=448000
Test 9: PASS | data=323bfd | shift=20 | out=d00000
Test 10: PASS | data=adf53b | shift=16 | out=3b0000
Test 11: PASS | data=cf04b2 | shift=4 | out=f04b20
Test 12: PASS | data=1b851e | shift=14 | out=478000
Test 13: PASS | data=f8999e | shift=6 | out=266780
Test 14: PASS | data=3b6b10 | shift=6 | out=dac400
Test 15: PASS | data=50ed63 | shift=8 | out=ed6300
Test 16: PASS | data=c8bb1d | shift=2 | out=22ec74
Test 17: PASS | data=938f06 | shift=1 | out=271e0c
Test 18: PASS | data=2d3263 | shift=16 | out=630000
Test 19: PASS | data=62be6f | shift=6 | out=af9bc0
Test 20: PASS | data=83fef7 | shift=17 | out=ee0000
Test 21: PASS | data=d9b39e | shift=15 | out=cf0000
Test 22: PASS | data=58c16e | shift=16 | out=6e0000
Test 23: PASS | data=b8e34f | shift=19 | out=780000
Test 24: PASS | data=b28994 | shift=2 | out=ca2650
Test 25: PASS | data=7ff166 | shift=23 | out=000000
Test 26: PASS | data=54b309 | shift=3 | out=a59848
Test 27: PASS | data=b0f61f | shift=20 | out=f00000
Test 28: PASS | data=1036c5 | shift=11 | out=b62800
Test 29: PASS | data=72ea4b | shift=20 | out=b00000
Test 30: PASS | data=c8a8f3 | shift=17 | out=e60000
Test 31: PASS | data=dd7eed | shift=10 | out=fbb400
Test 32: PASS | data=49d55d | shift=23 | out=800000
Test 33: PASS | data=e5ed24 | shift=23 | out=000000
Test 34: PASS | data=54b4a9 | shift=5 | out=969520
Test 35: PASS | data=083739 | shift=16 | out=390000
Test 36: PASS | data=87e8ea | shift=10 | out=a3a800
Test 37: PASS | data=730154 | shift=4 | out=301540
Test 38: PASS | data=a0cb23 | shift=5 | out=196460
Test 39: PASS | data=0843b3 | shift=21 | out=600000
Test 40: PASS | data=e950d5 | shift=22 | out=400000
Test 41: PASS | data=87b8cf | shift=5 | out=f719e0
Test 42: PASS | data=b895d7 | shift=1 | out=712bae
Test 43: PASS | data=c842f6 | shift=23 | out=000000
Test 44: PASS | data=f9f5ef | shift=5 | out=3ebde0
Test 45: PASS | data=fe433f | shift=7 | out=219f80
Test 46: PASS | data=75e32a | shift=15 | out=950000
Test 47: PASS | data=949a9a | shift=19 | out=d00000
Test 48: PASS | data=8c1f53 | shift=7 | out=0fa980
Test 49: PASS | data=f3b98c | shift=10 | out=e63000
Test 50: PASS | data=972bfb | shift=16 | out=fb0000
Test 51: PASS | data=0fd9c2 | shift=5 | out=fb3840
Test 52: PASS | data=6841c8 | shift=12 | out=1c8000
Test 53: PASS | data=76a661 | shift=13 | out=cc2000
Test 54: PASS | data=e9dd21 | shift=11 | out=e90800
Test 55: PASS | data=710459 | shift=5 | out=208b20
Test 56: PASS | data=1016bd | shift=22 | out=400000
Test 57: PASS | data=aa2662 | shift=18 | out=880000
Test 58: PASS | data=ba1e90 | shift=5 | out=43d200
Test 59: PASS | data=71e058 | shift=0 | out=71e058
Test 60: PASS | data=cfde60 | shift=11 | out=f30000
Test 61: PASS | data=6f8cfc | shift=13 | out=9f8000
Test 62: PASS | data=cfa46c | shift=22 | out=000000
Test 63: PASS | data=539ae7 | shift=23 | out=800000
Test 64: PASS | data=e7ae47 | shift=16 | out=470000
Test 65: PASS | data=054833 | shift=4 | out=548330
Test 66: PASS | data=c71ab6 | shift=7 | out=8d5b00
Test 67: PASS | data=74e53a | shift=15 | out=9d0000
Test 68: PASS | data=45f653 | shift=20 | out=300000
Test 69: PASS | data=6de8f4 | shift=20 | out=400000
Test 70: PASS | data=647b28 | shift=7 | out=3d9400
Test 71: PASS | data=3fd895 | shift=20 | out=500000
Test 72: PASS | data=b91b64 | shift=21 | out=800000
Test 73: PASS | data=9a978a | shift=13 | out=f14000
Test 74: PASS | data=c6707f | shift=3 | out=3383f8
Test 75: PASS | data=eaa8dc | shift=20 | out=c00000
Test 76: PASS | data=4ad6c6 | shift=14 | out=b18000
Test 77: PASS | data=16f079 | shift=4 | out=6f0790
Test 78: PASS | data=8048d4 | shift=4 | out=048d40
Test 79: PASS | data=cd76bd | shift=19 | out=e80000
Test 80: PASS | data=dd1302 | shift=17 | out=040000
Test 81: PASS | data=42ce53 | shift=19 | out=980000
Test 82: PASS | data=0b64de | shift=8 | out=64de00
Test 83: PASS | data=e0b004 | shift=15 | out=020000
Test 84: PASS | data=6194f8 | shift=19 | out=c00000
Test 85: PASS | data=3bab80 | shift=17 | out=000000
Test 86: PASS | data=53ff61 | shift=7 | out=ffb080
Test 87: PASS | data=4c90d2 | shift=4 | out=c90d20
Test 88: PASS | data=0b76bc | shift=3 | out=5bb5e0
Test 89: PASS | data=751b31 | shift=22 | out=400000
Test 90: PASS | data=715aed | shift=12 | out=aed000
Test 91: PASS | data=8a63d4 | shift=13 | out=7a8000
Test 92: PASS | data=5ac114 | shift=19 | out=a00000
Test 93: PASS | data=100acb | shift=3 | out=805658
Test 94: PASS | data=b733e9 | shift=22 | out=400000
Test 95: PASS | data=047624 | shift=10 | out=d89000
Test 96: PASS | data=252c07 | shift=16 | out=070000
Test 97: PASS | data=d331d6 | shift=15 | out=eb0000
Test 98: PASS | data=207d39 | shift=17 | out=720000
Test 99: PASS | data=8684d7 | shift=18 | out=5c0000
Test 100: PASS | data=601a76 | shift=4 | out=01a760
Test 101: PASS | data=557042 | shift=6 | out=5c1080
Test 102: PASS | data=17e476 | shift=19 | out=b00000
Test 103: PASS | data=814127 | shift=2 | out=05049c
Test 104: PASS | data=bd1ea2 | shift=6 | out=47a880
Test 105: PASS | data=b80509 | shift=23 | out=800000
Test 106: PASS | data=4f51dc | shift=20 | out=c00000
Test 107: PASS | data=866559 | shift=9 | out=cab200
Test 108: PASS | data=466aac | shift=0 | out=466aac
Test 109: PASS | data=2345f7 | shift=10 | out=17dc00
Test 110: PASS | data=f7828d | shift=7 | out=c14680
Test 111: PASS | data=f2f889 | shift=8 | out=f88900
Test 112: PASS | data=2693ca | shift=22 | out=800000
Test 113: PASS | data=6470ab | shift=0 | out=6470ab
Test 114: PASS | data=8c694c | shift=23 | out=000000
Test 115: PASS | data=59ea5a | shift=4 | out=9ea5a0
Test 116: PASS | data=b7fc11 | shift=17 | out=220000
Test 117: PASS | data=f98d29 | shift=0 | out=f98d29
Test 118: PASS | data=fca314 | shift=9 | out=462800
Test 119: PASS | data=3f162a | shift=17 | out=540000
Test 120: PASS | data=46a48c | shift=22 | out=000000
Test 121: PASS | data=285d82 | shift=14 | out=608000
Test 122: PASS | data=ac746e | shift=17 | out=dc0000
Test 123: PASS | data=35c96e | shift=13 | out=2dc000
Test 124: PASS | data=b580b8 | shift=4 | out=580b80
Test 125: PASS | data=4d848d | shift=17 | out=1a0000
Test 126: PASS | data=d5dad6 | shift=6 | out=76b580
Test 127: PASS | data=523b65 | shift=2 | out=48ed94
Test 128: PASS | data=869c57 | shift=6 | out=a715c0
Test 129: PASS | data=94e664 | shift=1 | out=29ccc8
Test 130: PASS | data=dccfa9 | shift=16 | out=a90000
Test 131: PASS | data=73e743 | shift=18 | out=0c0000
Test 132: PASS | data=ea9bf6 | shift=15 | out=fb0000
Test 133: PASS | data=4f1dd7 | shift=18 | out=5c0000
Test 134: PASS | data=214153 | shift=6 | out=5054c0
Test 135: PASS | data=57210e | shift=4 | out=7210e0
Test 136: PASS | data=be76c9 | shift=8 | out=76c900
Test 137: PASS | data=e41849 | shift=19 | out=480000
Test 138: PASS | data=867c09 | shift=8 | out=7c0900
Test 139: PASS | data=70ee5b | shift=6 | out=3b96c0
Test 140: PASS | data=855610 | shift=18 | out=400000
Test 141: PASS | data=9b696d | shift=14 | out=5b4000
Test 142: PASS | data=e02c1b | shift=16 | out=1b0000
Test 143: PASS | data=84bddd | shift=11 | out=eee800
Test 144: PASS | data=550d7a | shift=23 | out=000000
Test 145: PASS | data=f2ee0a | shift=16 | out=0a0000
Test 146: PASS | data=66ee9c | shift=3 | out=3774e0
Test 147: PASS | data=bcf8b4 | shift=17 | out=680000
Test 148: PASS | data=3bc383 | shift=12 | out=383000
Test 149: PASS | data=5718e9 | shift=14 | out=3a4000
Test 150: PASS | data=a7b71f | shift=15 | out=8f8000
Test 151: PASS | data=059d65 | shift=20 | out=500000
Test 152: PASS | data=2ce2d8 | shift=13 | out=5b0000
Test 153: PASS | data=511968 | shift=1 | out=a232d0
Test 154: PASS | data=837b3c | shift=5 | out=6f6780
Test 155: PASS | data=3cff67 | shift=11 | out=fb3800
Test 156: PASS | data=7591bf | shift=1 | out=eb237e
Test 157: PASS | data=491b84 | shift=19 | out=200000
Test 158: PASS | data=6b0993 | shift=11 | out=4c9800
Test 159: PASS | data=cfaa1b | shift=7 | out=d50d80
Test 160: PASS | data=956ae8 | shift=17 | out=d00000
Test 161: PASS | data=cd636a | shift=1 | out=9ac6d4
Test 162: PASS | data=c7d09a | shift=6 | out=f42680
Test 163: PASS | data=d5e3f3 | shift=23 | out=800000
Test 164: PASS | data=7d2929 | shift=1 | out=fa5252
Test 165: PASS | data=ad2e80 | shift=14 | out=a00000
Test 166: PASS | data=330ea9 | shift=9 | out=1d5200
Test 167: PASS | data=984861 | shift=5 | out=090c20
Test 168: PASS | data=11e1e2 | shift=12 | out=1e2000
Test 169: PASS | data=17f686 | shift=14 | out=a18000
Test 170: PASS | data=00c0e7 | shift=17 | out=ce0000
Test 171: PASS | data=78709b | shift=20 | out=b00000
Test 172: PASS | data=cdfd7e | shift=0 | out=cdfd7e
Test 173: PASS | data=40f46d | shift=1 | out=81e8da
Test 174: PASS | data=97e584 | shift=8 | out=e58400
Test 175: PASS | data=80b537 | shift=17 | out=6e0000
Test 176: PASS | data=ecb90b | shift=15 | out=858000
Test 177: PASS | data=f73cd7 | shift=4 | out=73cd70
Test 178: PASS | data=feaf20 | shift=21 | out=000000
Test 179: PASS | data=8e7ac8 | shift=18 | out=200000
Test 180: PASS | data=72c8dc | shift=19 | out=e00000
Test 181: PASS | data=0942ba | shift=12 | out=2ba000
Test 182: PASS | data=588dc6 | shift=19 | out=300000
Test 183: PASS | data=acf514 | shift=6 | out=3d4500
Test 184: PASS | data=01e94e | shift=3 | out=0f4a70
Test 185: PASS | data=009449 | shift=14 | out=124000
Test 186: PASS | data=67722c | shift=17 | out=580000
Test 187: PASS | data=b94fc5 | shift=23 | out=800000
Test 188: PASS | data=f88e98 | shift=6 | out=23a600
Test 189: PASS | data=e2a696 | shift=4 | out=2a6960
Test 190: PASS | data=513e80 | shift=4 | out=13e800
Test 191: PASS | data=5d17fc | shift=9 | out=2ff800
Test 192: PASS | data=3e3f72 | shift=0 | out=3e3f72
Test 193: PASS | data=dab2b4 | shift=20 | out=400000
Test 194: PASS | data=b9b315 | shift=23 | out=800000
Test 195: PASS | data=d7a58d | shift=11 | out=2c6800
Test 196: PASS | data=d35074 | shift=20 | out=400000
Test 197: PASS | data=ff6585 | shift=6 | out=d96140
Test 198: PASS | data=f29bcb | shift=9 | out=379600
Test 199: PASS | data=426aea | shift=20 | out=a00000
Test 200: PASS | data=846dbb | shift=15 | out=dd8000
Test 201: PASS | data=334005 | shift=1 | out=66800a
Test 202: PASS | data=b30692 | shift=18 | out=480000
Test 203: PASS | data=457614 | shift=9 | out=ec2800
Test 204: PASS | data=f927e1 | shift=0 | out=f927e1
Test 205: PASS | data=c8a4dd | shift=18 | out=740000
Test 206: PASS | data=e2eabc | shift=23 | out=000000
Test 207: PASS | data=9a1edf | shift=18 | out=7c0000
Test 208: PASS | data=2913b2 | shift=20 | out=200000
Test 209: PASS | data=fc0f08 | shift=8 | out=0f0800
Test 210: PASS | data=6ea67d | shift=20 | out=d00000
Test 211: PASS | data=b226d1 | shift=20 | out=100000
Test 212: PASS | data=20ae4b | shift=15 | out=258000
Test 213: PASS | data=28c984 | shift=6 | out=326100
Test 214: PASS | data=9cf489 | shift=9 | out=e91200
Test 215: PASS | data=945aa9 | shift=8 | out=5aa900
Test 216: PASS | data=2d3207 | shift=22 | out=c00000
Test 217: PASS | data=1e635b | shift=20 | out=b00000
Test 218: PASS | data=6a0b4c | shift=15 | out=a60000
Test 219: PASS | data=7d21ac | shift=8 | out=21ac00
Test 220: PASS | data=988fad | shift=14 | out=eb4000
Test 221: PASS | data=4bf9cb | shift=8 | out=f9cb00
Test 222: PASS | data=a4200c | shift=6 | out=080300
Test 223: PASS | data=f113ab | shift=9 | out=275600
Test 224: PASS | data=82cd45 | shift=22 | out=400000
Test 225: PASS | data=8fbc84 | shift=2 | out=3ef210
Test 226: PASS | data=7ffdcd | shift=17 | out=9a0000
Test 227: PASS | data=1e63b3 | shift=15 | out=d98000
Test 228: PASS | data=ab1422 | shift=16 | out=220000
Test 229: PASS | data=d8cee6 | shift=2 | out=633b98
Test 230: PASS | data=d508fa | shift=14 | out=3e8000
Test 231: PASS | data=22eca7 | shift=6 | out=bb29c0
Test 232: PASS | data=5a9ed6 | shift=21 | out=c00000
Test 233: PASS | data=e647a3 | shift=21 | out=600000
Test 234: PASS | data=a4c65b | shift=9 | out=8cb600
Test 235: PASS | data=be9d9c | shift=9 | out=3b3800
Test 236: PASS | data=3ed578 | shift=22 | out=000000
Test 237: PASS | data=7b1259 | shift=21 | out=200000
Test 238: PASS | data=ed9f71 | shift=13 | out=ee2000
Test 239: PASS | data=75cbda | shift=22 | out=800000
Test 240: PASS | data=dbb777 | shift=16 | out=770000
Test 241: PASS | data=053937 | shift=0 | out=053937
Test 242: PASS | data=4c91cb | shift=12 | out=1cb000
Test 243: PASS | data=9e486c | shift=15 | out=360000
Test 244: PASS | data=1a178b | shift=12 | out=78b000
Test 245: PASS | data=3ed7a2 | shift=6 | out=b5e880
Test 246: PASS | data=e18ed9 | shift=22 | out=400000
Test 247: PASS | data=762337 | shift=19 | out=b80000
Test 248: PASS | data=6b6d7a | shift=12 | out=d7a000
Test 249: PASS | data=51bd55 | shift=4 | out=1bd550
Test 250: PASS | data=73075e | shift=17 | out=bc0000
Test 251: PASS | data=8b5eda | shift=1 | out=16bdb4
Test 252: PASS | data=cbdd63 | shift=6 | out=f758c0
Test 253: PASS | data=bac79b | shift=20 | out=b00000
Test 254: PASS | data=b164da | shift=18 | out=680000
Test 255: PASS | data=122b1f | shift=0 | out=122b1f
Test 256: PASS | data=9f7191 | shift=10 | out=c64400
Test 257: PASS | data=af9594 | shift=2 | out=be5650
Test 258: PASS | data=df8ec5 | shift=3 | out=fc7628
Test 259: PASS | data=2cfcec | shift=16 | out=ec0000
Test 260: PASS | data=961a1d | shift=9 | out=343a00
Test 261: PASS | data=7114a9 | shift=13 | out=952000
Test 262: PASS | data=1adc03 | shift=20 | out=300000
Test 263: PASS | data=1aaa08 | shift=16 | out=080000
Test 264: PASS | data=b4e25e | shift=10 | out=897800
Test 265: PASS | data=00e7f0 | shift=20 | out=000000
Test 266: PASS | data=ebcb27 | shift=11 | out=593800
Test 267: PASS | data=ad3215 | shift=16 | out=150000
Test 268: PASS | data=ce920e | shift=16 | out=0e0000
Test 269: PASS | data=cd35be | shift=17 | out=7c0000
Test 270: PASS | data=3ca2cd | shift=0 | out=3ca2cd
Test 271: PASS | data=adfe46 | shift=0 | out=adfe46
Test 272: PASS | data=63369a | shift=15 | out=4d0000
Test 273: PASS | data=c4b64a | shift=18 | out=280000
Test 274: PASS | data=c90fcd | shift=15 | out=e68000
Test 275: PASS | data=6176de | shift=2 | out=85db78
Test 276: PASS | data=e27199 | shift=0 | out=e27199
Test 277: PASS | data=1ddeff | shift=15 | out=7f8000
Test 278: PASS | data=32dcea | shift=14 | out=3a8000
Test 279: PASS | data=146e3c | shift=7 | out=371e00
Test 280: PASS | data=dd3050 | shift=2 | out=74c140
Test 281: PASS | data=b6ccff | shift=20 | out=f00000
Test 282: PASS | data=5b4028 | shift=10 | out=00a000
Test 283: PASS | data=52c1d8 | shift=22 | out=000000
Test 284: PASS | data=8e6a3c | shift=7 | out=351e00
Test 285: PASS | data=101d93 | shift=10 | out=764c00
Test 286: PASS | data=4f095c | shift=9 | out=12b800
Test 287: PASS | data=c4c6b5 | shift=19 | out=a80000
Test 288: PASS | data=4107cc | shift=8 | out=07cc00
Test 289: PASS | data=d747ce | shift=8 | out=47ce00
Test 290: PASS | data=b3685d | shift=21 | out=a00000
Test 291: PASS | data=f81f68 | shift=9 | out=3ed000
Test 292: PASS | data=56a268 | shift=0 | out=56a268
Test 293: PASS | data=9b7787 | shift=9 | out=ef0e00
Test 294: PASS | data=020521 | shift=14 | out=484000
Test 295: PASS | data=8b8a8e | shift=11 | out=547000
Test 296: PASS | data=5cd0d9 | shift=16 | out=d90000
Test 297: PASS | data=208022 | shift=7 | out=401100
Test 298: PASS | data=455fd2 | shift=18 | out=480000
Test 299: PASS | data=9b03de | shift=23 | out=000000
Test 300: PASS | data=96c917 | shift=19 | out=b80000
Test 301: PASS | data=fd5e9a | shift=21 | out=400000
Test 302: PASS | data=93c140 | shift=2 | out=4f0500
Test 303: PASS | data=9cc107 | shift=21 | out=e00000
Test 304: PASS | data=b66b3d | shift=17 | out=7a0000
Test 305: PASS | data=fd2f60 | shift=14 | out=d80000
Test 306: PASS | data=a35d03 | shift=22 | out=c00000
Test 307: PASS | data=0be340 | shift=14 | out=d00000
Test 308: PASS | data=356ddb | shift=5 | out=adbb60
Test 309: PASS | data=0ae43e | shift=0 | out=0ae43e
Test 310: PASS | data=020b7d | shift=5 | out=416fa0
Test 311: PASS | data=f761c6 | shift=14 | out=718000
Test 312: PASS | data=415f13 | shift=0 | out=415f13
Test 313: PASS | data=1e1c0e | shift=7 | out=0e0700
Test 314: PASS | data=6787ee | shift=3 | out=3c3f70
Test 315: PASS | data=e2b830 | shift=18 | out=c00000
Test 316: PASS | data=2a2947 | shift=11 | out=4a3800
Test 317: PASS | data=9aa4c6 | shift=9 | out=498c00
Test 318: PASS | data=637052 | shift=21 | out=400000
Test 319: PASS | data=00f157 | shift=1 | out=01e2ae
Test 320: PASS | data=8eb67f | shift=15 | out=3f8000
Test 321: PASS | data=67520b | shift=22 | out=c00000
Test 322: PASS | data=b25f3f | shift=20 | out=f00000
Test 323: PASS | data=8e952d | shift=3 | out=74a968
Test 324: PASS | data=287f12 | shift=0 | out=287f12
Test 325: PASS | data=1c8ca8 | shift=17 | out=500000
Test 326: PASS | data=0b4c2e | shift=4 | out=b4c2e0
Test 327: PASS | data=3ec3d7 | shift=22 | out=c00000
Test 328: PASS | data=3d3d9b | shift=13 | out=b36000
Test 329: PASS | data=85ddc2 | shift=14 | out=708000
Test 330: PASS | data=bd7539 | shift=17 | out=720000
Test 331: PASS | data=afc815 | shift=13 | out=02a000
Test 332: PASS | data=aea47a | shift=16 | out=7a0000
Test 333: PASS | data=f7d924 | shift=12 | out=924000
Test 334: PASS | data=fe027f | shift=13 | out=4fe000
Test 335: PASS | data=1bc21b | shift=19 | out=d80000
Test 336: PASS | data=ffeb32 | shift=20 | out=200000
Test 337: PASS | data=b0fc79 | shift=0 | out=b0fc79
Test 338: PASS | data=0cf3c0 | shift=4 | out=cf3c00
Test 339: PASS | data=c609ee | shift=11 | out=4f7000
Test 340: PASS | data=c8d7d9 | shift=3 | out=46bec8
Test 341: PASS | data=fe9e4b | shift=9 | out=3c9600
Test 342: PASS | data=1dd64f | shift=2 | out=77593c
Test 343: PASS | data=f15e57 | shift=16 | out=570000
Test 344: PASS | data=8aba05 | shift=21 | out=a00000
Test 345: PASS | data=1ef5b9 | shift=19 | out=c80000
Test 346: PASS | data=c9c0ce | shift=12 | out=0ce000
Test 347: PASS | data=87a843 | shift=7 | out=d42180
Test 348: PASS | data=7cafe4 | shift=1 | out=f95fc8
Test 349: PASS | data=ffe6fd | shift=11 | out=37e800
Test 350: PASS | data=49d6a3 | shift=15 | out=518000
Test 351: PASS | data=1474b0 | shift=3 | out=a3a580
Test 352: PASS | data=a5dedc | shift=5 | out=bbdb80
Test 353: PASS | data=985c7d | shift=2 | out=6171f4
Test 354: PASS | data=e4e05e | shift=18 | out=780000
Test 355: PASS | data=b03ca2 | shift=12 | out=ca2000
Test 356: PASS | data=9bb2ac | shift=5 | out=765580
Test 357: PASS | data=6dc55f | shift=1 | out=db8abe
Test 358: PASS | data=377955 | shift=2 | out=dde554
Test 359: PASS | data=d97b0b | shift=4 | out=97b0b0
Test 360: PASS | data=29815a | shift=15 | out=ad0000
Test 361: PASS | data=8eee7b | shift=6 | out=bb9ec0
Test 362: PASS | data=abdf2e | shift=19 | out=700000
Test 363: PASS | data=534654 | shift=14 | out=950000
Test 364: PASS | data=0c2f2a | shift=2 | out=30bca8
Test 365: PASS | data=2eb1bc | shift=23 | out=000000
Test 366: PASS | data=a391e0 | shift=15 | out=f00000
Test 367: PASS | data=7e545d | shift=22 | out=400000
Test 368: PASS | data=5501d8 | shift=23 | out=000000
Test 369: PASS | data=a8dfd1 | shift=10 | out=7f4400
Test 370: PASS | data=9fd4f8 | shift=9 | out=a9f000
Test 371: PASS | data=2a8999 | shift=0 | out=2a8999
Test 372: PASS | data=e86fcf | shift=20 | out=f00000
Test 373: PASS | data=79895e | shift=11 | out=4af000
Test 374: PASS | data=6e1a3a | shift=2 | out=b868e8
Test 375: PASS | data=732733 | shift=15 | out=998000
Test 376: PASS | data=93198d | shift=4 | out=3198d0
Test 377: PASS | data=f59c81 | shift=7 | out=ce4080
Test 378: PASS | data=7546e7 | shift=22 | out=c00000
Test 379: PASS | data=466d6c | shift=6 | out=9b5b00
Test 380: PASS | data=b17c82 | shift=13 | out=904000
Test 381: PASS | data=bf9e6b | shift=16 | out=6b0000
Test 382: PASS | data=2f0090 | shift=5 | out=e01200
Test 383: PASS | data=032e40 | shift=10 | out=b90000
Test 384: PASS | data=b7eeca | shift=20 | out=a00000
Test 385: PASS | data=bc38ae | shift=11 | out=c57000
Test 386: PASS | data=d0690d | shift=10 | out=a43400
Test 387: PASS | data=40b0ee | shift=16 | out=ee0000
Test 388: PASS | data=eb08bc | shift=9 | out=117800
Test 389: PASS | data=b7771f | shift=0 | out=b7771f
Test 390: PASS | data=19ba72 | shift=5 | out=374e40
Test 391: PASS | data=9f5fd8 | shift=14 | out=f60000
Test 392: PASS | data=53b9df | shift=0 | out=53b9df
Test 393: PASS | data=a586c7 | shift=9 | out=0d8e00
Test 394: PASS | data=b42d60 | shift=3 | out=a16b00
Test 395: PASS | data=96df5d | shift=8 | out=df5d00
Test 396: PASS | data=1f9c62 | shift=3 | out=fce310
Test 397: PASS | data=3d225c | shift=23 | out=000000
Test 398: PASS | data=8ecc6e | shift=11 | out=637000
Test 399: PASS | data=a6d350 | shift=20 | out=000000
Test 400: PASS | data=c04407 | shift=5 | out=0880e0
Test 401: PASS | data=8765b3 | shift=10 | out=96cc00
Test 402: PASS | data=7a8ea7 | shift=22 | out=c00000
Test 403: PASS | data=72a645 | shift=15 | out=228000
Test 404: PASS | data=fdbd0f | shift=17 | out=1e0000
Test 405: PASS | data=f143c9 | shift=12 | out=3c9000
Test 406: PASS | data=cdaaed | shift=17 | out=da0000
Test 407: PASS | data=4e19d5 | shift=3 | out=70cea8
Test 408: PASS | data=b52550 | shift=16 | out=500000
Test 409: PASS | data=39fa2c | shift=7 | out=fd1600
Test 410: PASS | data=167706 | shift=7 | out=3b8300
Test 411: PASS | data=56e4b1 | shift=23 | out=800000
Test 412: PASS | data=e5f57f | shift=19 | out=f80000
Test 413: PASS | data=15c5c0 | shift=8 | out=c5c000
Test 414: PASS | data=b8b3eb | shift=16 | out=eb0000
Test 415: PASS | data=113f7d | shift=4 | out=13f7d0
Test 416: PASS | data=a46a4e | shift=12 | out=a4e000
Test 417: PASS | data=10ae24 | shift=0 | out=10ae24
Test 418: PASS | data=98dfe6 | shift=22 | out=800000
Test 419: PASS | data=9be91f | shift=3 | out=df48f8
Test 420: PASS | data=93414f | shift=20 | out=f00000
Test 421: PASS | data=5ff39c | shift=21 | out=800000
Test 422: PASS | data=71fe87 | shift=16 | out=870000
Test 423: PASS | data=b0ecaa | shift=6 | out=3b2a80
Test 424: PASS | data=8beb5b | shift=4 | out=beb5b0
Test 425: PASS | data=91812c | shift=20 | out=c00000
Test 426: PASS | data=4bc5a5 | shift=18 | out=940000
Test 427: PASS | data=ab2612 | shift=12 | out=612000
Test 428: PASS | data=548604 | shift=17 | out=080000
Test 429: PASS | data=1af1f7 | shift=14 | out=7dc000
Test 430: PASS | data=faf30d | shift=20 | out=d00000
Test 431: PASS | data=5c874e | shift=2 | out=721d38
Test 432: PASS | data=93a4de | shift=20 | out=e00000
Test 433: PASS | data=fcb90f | shift=7 | out=5c8780
Test 434: PASS | data=0b5cee | shift=9 | out=b9dc00
Test 435: PASS | data=156a2e | shift=21 | out=c00000
Test 436: PASS | data=97b663 | shift=14 | out=98c000
Test 437: PASS | data=0aabeb | shift=18 | out=ac0000
Test 438: PASS | data=59dd23 | shift=12 | out=d23000
Test 439: PASS | data=17689f | shift=20 | out=f00000
Test 440: PASS | data=dbf23c | shift=6 | out=fc8f00
Test 441: PASS | data=4a7790 | shift=7 | out=3bc800
Test 442: PASS | data=26fd2d | shift=20 | out=d00000
Test 443: PASS | data=b3f703 | shift=3 | out=9fb818
Test 444: PASS | data=cbf886 | shift=12 | out=886000
Test 445: PASS | data=c52d94 | shift=3 | out=296ca0
Test 446: PASS | data=3e1f4b | shift=11 | out=fa5800
Test 447: PASS | data=02b5f7 | shift=22 | out=c00000
Test 448: PASS | data=3560c5 | shift=2 | out=d58314
Test 449: PASS | data=013d81 | shift=22 | out=400000
Test 450: PASS | data=60e758 | shift=18 | out=600000
Test 451: PASS | data=695ce6 | shift=9 | out=b9cc00
Test 452: PASS | data=233ee4 | shift=1 | out=467dc8
Test 453: PASS | data=7f740f | shift=12 | out=40f000
Test 454: PASS | data=7b3547 | shift=17 | out=8e0000
Test 455: PASS | data=24c94f | shift=5 | out=9929e0
Test 456: PASS | data=b4050b | shift=8 | out=050b00
Test 457: PASS | data=0ff9d8 | shift=0 | out=0ff9d8
Test 458: PASS | data=05b789 | shift=1 | out=0b6f12
Test 459: PASS | data=d40bf9 | shift=5 | out=817f20
Test 460: PASS | data=09d284 | shift=4 | out=9d2840
Test 461: PASS | data=c7d780 | shift=3 | out=3ebc00
Test 462: PASS | data=d562ca | shift=4 | out=562ca0
Test 463: PASS | data=15a8b8 | shift=5 | out=b51700
Test 464: PASS | data=2aa6f2 | shift=20 | out=200000
Test 465: PASS | data=c81844 | shift=9 | out=308800
Test 466: PASS | data=5f96af | shift=0 | out=5f96af
Test 467: PASS | data=d7a5e6 | shift=21 | out=c00000
Test 468: PASS | data=6cc0b7 | shift=0 | out=6cc0b7
Test 469: PASS | data=279ea5 | shift=6 | out=e7a940
Test 470: PASS | data=9d1ff5 | shift=20 | out=500000
Test 471: PASS | data=500e62 | shift=0 | out=500e62
Test 472: PASS | data=c1d219 | shift=0 | out=c1d219
Test 473: PASS | data=3ffef1 | shift=20 | out=100000
Test 474: PASS | data=a5de67 | shift=12 | out=e67000
Test 475: PASS | data=e06da4 | shift=14 | out=690000
Test 476: PASS | data=600919 | shift=6 | out=024640
Test 477: PASS | data=f5cc41 | shift=23 | out=800000
Test 478: PASS | data=7c53c7 | shift=23 | out=800000
Test 479: PASS | data=5c8b5f | shift=18 | out=7c0000
Test 480: PASS | data=440016 | shift=13 | out=02c000
Test 481: PASS | data=bb7691 | shift=9 | out=ed2200
Test 482: PASS | data=5af3dc | shift=7 | out=79ee00
Test 483: PASS | data=8b9020 | shift=4 | out=b90200
Test 484: PASS | data=b8faf8 | shift=3 | out=c7d7c0
Test 485: PASS | data=0187a1 | shift=14 | out=e84000
Test 486: PASS | data=c6f8ad | shift=14 | out=2b4000
Test 487: PASS | data=2d1936 | shift=2 | out=b464d8
Test 488: PASS | data=2ba74b | shift=1 | out=574e96
Test 489: PASS | data=9a1848 | shift=16 | out=480000
Test 490: PASS | data=a9f528 | shift=7 | out=fa9400
Test 491: PASS | data=e7de43 | shift=21 | out=600000
Test 492: PASS | data=568320 | shift=6 | out=a0c800
Test 493: PASS | data=4b1760 | shift=2 | out=2c5d80
Test 494: PASS | data=cb2b35 | shift=8 | out=2b3500
Test 495: PASS | data=a4e299 | shift=8 | out=e29900
Test 496: PASS | data=116f04 | shift=19 | out=200000
Test 497: PASS | data=3f20d9 | shift=3 | out=f906c8
Test 498: PASS | data=ea4464 | shift=8 | out=446400
Test 499: PASS | data=84eee7 | shift=11 | out=773800
Test 500: PASS | data=c20f1c | shift=5 | out=41e380
Test 501: PASS | data=10a652 | shift=7 | out=532900
Test 502: PASS | data=d90be5 | shift=0 | out=d90be5
Test 503: PASS | data=d75437 | shift=19 | out=b80000
Test 504: PASS | data=cfc572 | shift=16 | out=720000
Test 505: PASS | data=380fae | shift=4 | out=80fae0
Test 506: PASS | data=726929 | shift=14 | out=4a4000
Test 507: PASS | data=2c3f67 | shift=5 | out=87ece0
Test 508: PASS | data=a243e4 | shift=16 | out=e40000
Test 509: PASS | data=1cc0a6 | shift=0 | out=1cc0a6
Test 510: PASS | data=86ae06 | shift=6 | out=ab8180
Test 511: PASS | data=f724bb | shift=9 | out=497600
Test 512: PASS | data=ea7dd7 | shift=9 | out=fbae00
Test 513: PASS | data=b0cd1c | shift=4 | out=0cd1c0
Test 514: PASS | data=6d05bd | shift=22 | out=400000
Test 515: PASS | data=fd153a | shift=22 | out=800000
Test 516: PASS | data=12576e | shift=20 | out=e00000
Test 517: PASS | data=789322 | shift=19 | out=100000
Test 518: PASS | data=ce0d0b | shift=3 | out=706858
Test 519: PASS | data=db3828 | shift=9 | out=705000
Test 520: PASS | data=d60065 | shift=4 | out=600650
Test 521: PASS | data=d53516 | shift=2 | out=54d458
Test 522: PASS | data=ec497e | shift=19 | out=f00000
Test 523: PASS | data=52e9b0 | shift=21 | out=000000
Test 524: PASS | data=3df8d4 | shift=11 | out=c6a000
Test 525: PASS | data=964d1b | shift=19 | out=d80000
Test 526: PASS | data=aef08f | shift=10 | out=c23c00
Test 527: PASS | data=23039a | shift=13 | out=734000
Test 528: PASS | data=fad45f | shift=12 | out=45f000
Test 529: PASS | data=46177f | shift=16 | out=7f0000
Test 530: PASS | data=49babf | shift=11 | out=d5f800
Test 531: PASS | data=8fa41b | shift=19 | out=d80000
Test 532: PASS | data=13984e | shift=14 | out=138000
Test 533: PASS | data=2a22e0 | shift=5 | out=445c00
Test 534: PASS | data=4939ae | shift=22 | out=800000
Test 535: PASS | data=fd1a2b | shift=0 | out=fd1a2b
Test 536: PASS | data=85d353 | shift=5 | out=ba6a60
Test 537: PASS | data=6c4b8f | shift=6 | out=12e3c0
Test 538: PASS | data=af29c4 | shift=18 | out=100000
Test 539: PASS | data=4d61fd | shift=19 | out=e80000
Test 540: PASS | data=7a4e83 | shift=2 | out=e93a0c
Test 541: PASS | data=b17b95 | shift=8 | out=7b9500
Test 542: PASS | data=a351a8 | shift=12 | out=1a8000
Test 543: PASS | data=72df93 | shift=12 | out=f93000
Test 544: PASS | data=264b98 | shift=5 | out=c97300
Test 545: PASS | data=cb58a3 | shift=16 | out=a30000
Test 546: PASS | data=c4ca56 | shift=15 | out=2b0000
Test 547: PASS | data=d9efd0 | shift=8 | out=efd000
Test 548: PASS | data=d5a2a5 | shift=15 | out=528000
Test 549: PASS | data=5a1fa8 | shift=22 | out=000000
Test 550: PASS | data=fadbf5 | shift=11 | out=dfa800
Test 551: PASS | data=b8ca56 | shift=14 | out=958000
Test 552: PASS | data=a44334 | shift=23 | out=000000
Test 553: PASS | data=a032c8 | shift=19 | out=400000
Test 554: PASS | data=52ea7b | shift=14 | out=9ec000
Test 555: PASS | data=c5b2b3 | shift=19 | out=980000
Test 556: PASS | data=fd0fde | shift=16 | out=de0000
Test 557: PASS | data=52bf5f | shift=15 | out=af8000
Test 558: PASS | data=c177cd | shift=16 | out=cd0000
Test 559: PASS | data=3f3af3 | shift=23 | out=800000
Test 560: PASS | data=2f399b | shift=10 | out=e66c00
Test 561: PASS | data=be5861 | shift=21 | out=200000
Test 562: PASS | data=b2b95b | shift=10 | out=e56c00
Test 563: PASS | data=d4cbf5 | shift=22 | out=400000
Test 564: PASS | data=a40a6d | shift=23 | out=800000
Test 565: PASS | data=95fd91 | shift=18 | out=440000
Test 566: PASS | data=12d26e | shift=15 | out=370000
Test 567: PASS | data=9e777f | shift=9 | out=eefe00
Test 568: PASS | data=0e2c80 | shift=10 | out=b20000
Test 569: PASS | data=436169 | shift=1 | out=86c2d2
Test 570: PASS | data=0b76ee | shift=8 | out=76ee00
Test 571: PASS | data=547df9 | shift=10 | out=f7e400
Test 572: PASS | data=ab1af0 | shift=17 | out=e00000
Test 573: PASS | data=8c9984 | shift=12 | out=984000
Test 574: PASS | data=6d8e9a | shift=10 | out=3a6800
Test 575: PASS | data=58b8a1 | shift=13 | out=142000
Test 576: PASS | data=4c8dff | shift=3 | out=646ff8
Test 577: PASS | data=55637f | shift=15 | out=bf8000
Test 578: PASS | data=15e911 | shift=17 | out=220000
Test 579: PASS | data=6b3be4 | shift=22 | out=000000
Test 580: PASS | data=88ecba | shift=4 | out=8ecba0
Test 581: PASS | data=21e4e1 | shift=6 | out=793840
Test 582: PASS | data=659ca3 | shift=2 | out=96728c
Test 583: PASS | data=bdb9d3 | shift=13 | out=3a6000
Test 584: PASS | data=ac5191 | shift=14 | out=644000
Test 585: PASS | data=3d9cdc | shift=22 | out=000000
Test 586: PASS | data=8fe930 | shift=4 | out=fe9300
Test 587: PASS | data=4aaca5 | shift=17 | out=4a0000
Test 588: PASS | data=aecfa1 | shift=2 | out=bb3e84
Test 589: PASS | data=f2ecba | shift=2 | out=cbb2e8
Test 590: PASS | data=ec63ef | shift=5 | out=8c7de0
Test 591: PASS | data=40da58 | shift=4 | out=0da580
Test 592: PASS | data=53791e | shift=21 | out=c00000
Test 593: PASS | data=370f17 | shift=23 | out=800000
Test 594: PASS | data=54d705 | shift=18 | out=140000
Test 595: PASS | data=eca719 | shift=3 | out=6538c8
Test 596: PASS | data=d2fc0d | shift=10 | out=f03400
Test 597: PASS | data=a7de0e | shift=11 | out=f07000
Test 598: PASS | data=ebb8be | shift=10 | out=e2f800
Test 599: PASS | data=ea7c25 | shift=19 | out=280000
Test 600: PASS | data=49ce72 | shift=8 | out=ce7200
Test 601: PASS | data=e6599e | shift=17 | out=3c0000
Test 602: PASS | data=b85f9e | shift=18 | out=780000
Test 603: PASS | data=aa11af | shift=15 | out=d78000
Test 604: PASS | data=3ef4bf | shift=3 | out=f7a5f8
Test 605: PASS | data=75ee43 | shift=15 | out=218000
Test 606: PASS | data=2d5803 | shift=2 | out=b5600c
Test 607: PASS | data=7536aa | shift=18 | out=a80000
Test 608: PASS | data=95ea74 | shift=13 | out=4e8000
Test 609: PASS | data=a91105 | shift=14 | out=414000
Test 610: PASS | data=ef1bb6 | shift=11 | out=ddb000
Test 611: PASS | data=276767 | shift=5 | out=ecece0
Test 612: PASS | data=bf89d1 | shift=12 | out=9d1000
Test 613: PASS | data=9423d5 | shift=2 | out=508f54
Test 614: PASS | data=392349 | shift=23 | out=800000
Test 615: PASS | data=733cdf | shift=15 | out=6f8000
Test 616: PASS | data=36dbd0 | shift=15 | out=e80000
Test 617: PASS | data=9d89ab | shift=19 | out=580000
Test 618: PASS | data=c8d30a | shift=1 | out=91a614
Test 619: PASS | data=442da5 | shift=23 | out=800000
Test 620: PASS | data=b42f6f | shift=0 | out=b42f6f
Test 621: PASS | data=a5e8fc | shift=7 | out=f47e00
Test 622: PASS | data=674702 | shift=13 | out=e04000
Test 623: PASS | data=8f7b7d | shift=23 | out=800000
Test 624: PASS | data=fbf5b4 | shift=20 | out=400000
Test 625: PASS | data=6f4990 | shift=17 | out=200000
Test 626: PASS | data=afd427 | shift=0 | out=afd427
Test 627: PASS | data=882302 | shift=5 | out=046040
Test 628: PASS | data=e8dd89 | shift=14 | out=624000
Test 629: PASS | data=f2a1ae | shift=3 | out=950d70
Test 630: PASS | data=d53632 | shift=13 | out=c64000
Test 631: PASS | data=8ea691 | shift=20 | out=100000
Test 632: PASS | data=ecc9e9 | shift=9 | out=93d200
Test 633: PASS | data=177491 | shift=8 | out=749100
Test 634: PASS | data=384b27 | shift=16 | out=270000
Test 635: PASS | data=2a7850 | shift=0 | out=2a7850
Test 636: PASS | data=88c20a | shift=11 | out=105000
Test 637: PASS | data=e143c8 | shift=11 | out=1e4000
Test 638: PASS | data=8974a8 | shift=15 | out=540000
Test 639: PASS | data=006d1e | shift=11 | out=68f000
Test 640: PASS | data=30a94b | shift=0 | out=30a94b
Test 641: PASS | data=1ad80c | shift=16 | out=0c0000
Test 642: PASS | data=e7e16f | shift=18 | out=bc0000
Test 643: PASS | data=c30556 | shift=4 | out=305560
Test 644: PASS | data=5b2c12 | shift=23 | out=000000
Test 645: PASS | data=92c182 | shift=20 | out=200000
Test 646: PASS | data=a1c186 | shift=5 | out=3830c0
Test 647: PASS | data=ecff84 | shift=7 | out=7fc200
Test 648: PASS | data=09535c | shift=4 | out=9535c0
Test 649: PASS | data=3121e4 | shift=15 | out=f20000
Test 650: PASS | data=8ceb78 | shift=9 | out=d6f000
Test 651: PASS | data=6003f7 | shift=6 | out=00fdc0
Test 652: PASS | data=3f4e22 | shift=12 | out=e22000
Test 653: PASS | data=6eb79c | shift=8 | out=b79c00
Test 654: PASS | data=7cd1df | shift=12 | out=1df000
Test 655: PASS | data=d62c8e | shift=5 | out=c591c0
Test 656: PASS | data=887c60 | shift=14 | out=180000
Test 657: PASS | data=045d12 | shift=19 | out=900000
Test 658: PASS | data=9987bb | shift=18 | out=ec0000
Test 659: PASS | data=3450fa | shift=17 | out=f40000
Test 660: PASS | data=5c3657 | shift=13 | out=cae000
Test 661: PASS | data=91817e | shift=5 | out=302fc0
Test 662: PASS | data=deff20 | shift=6 | out=bfc800
Test 663: PASS | data=00895d | shift=19 | out=e80000
Test 664: PASS | data=4419f5 | shift=12 | out=9f5000
Test 665: PASS | data=65b5ed | shift=19 | out=680000
Test 666: PASS | data=e0375b | shift=2 | out=80dd6c
Test 667: PASS | data=8b83fd | shift=18 | out=f40000
Test 668: PASS | data=74fc02 | shift=21 | out=400000
Test 669: PASS | data=c27088 | shift=20 | out=800000
Test 670: PASS | data=169383 | shift=13 | out=706000
Test 671: PASS | data=ddbe82 | shift=5 | out=b7d040
Test 672: PASS | data=b5878f | shift=5 | out=b0f1e0
Test 673: PASS | data=0e8f55 | shift=8 | out=8f5500
Test 674: PASS | data=13d960 | shift=23 | out=000000
Test 675: PASS | data=a0d12a | shift=18 | out=a80000
Test 676: PASS | data=9fdfe1 | shift=18 | out=840000
Test 677: PASS | data=0d8197 | shift=13 | out=32e000
Test 678: PASS | data=11b8db | shift=6 | out=6e36c0
Test 679: PASS | data=92cf19 | shift=4 | out=2cf190
Test 680: PASS | data=ed52e7 | shift=1 | out=daa5ce
Test 681: PASS | data=97d0b8 | shift=9 | out=a17000
Test 682: PASS | data=062243 | shift=2 | out=18890c
Test 683: PASS | data=ae4076 | shift=18 | out=d80000
Test 684: PASS | data=c17fdd | shift=6 | out=5ff740
Test 685: PASS | data=4a81b6 | shift=22 | out=800000
Test 686: PASS | data=933bc6 | shift=8 | out=3bc600
Test 687: PASS | data=2594ae | shift=16 | out=ae0000
Test 688: PASS | data=e1e89d | shift=19 | out=e80000
Test 689: PASS | data=a724d7 | shift=23 | out=800000
Test 690: PASS | data=bb0138 | shift=21 | out=000000
Test 691: PASS | data=d46cf5 | shift=6 | out=1b3d40
Test 692: PASS | data=33ac72 | shift=14 | out=1c8000
Test 693: PASS | data=aa5950 | shift=17 | out=a00000
Test 694: PASS | data=96e789 | shift=21 | out=200000
Test 695: PASS | data=5ae9f0 | shift=16 | out=f00000
Test 696: PASS | data=78c4fa | shift=9 | out=89f400
Test 697: PASS | data=66d650 | shift=14 | out=940000
Test 698: PASS | data=523f32 | shift=20 | out=200000
Test 699: PASS | data=6da9fa | shift=8 | out=a9fa00
Test 700: PASS | data=c44d9a | shift=4 | out=44d9a0
Test 701: PASS | data=f84660 | shift=23 | out=000000
Test 702: PASS | data=8fd7f2 | shift=12 | out=7f2000
Test 703: PASS | data=50c186 | shift=22 | out=800000
Test 704: PASS | data=1010df | shift=0 | out=1010df
Test 705: PASS | data=9d46a9 | shift=21 | out=200000
Test 706: PASS | data=3c1d04 | shift=5 | out=83a080
Test 707: PASS | data=6e51e7 | shift=13 | out=3ce000
Test 708: PASS | data=f7ebe7 | shift=16 | out=e70000
Test 709: PASS | data=e82fef | shift=17 | out=de0000
Test 710: PASS | data=37c6bd | shift=21 | out=a00000
Test 711: PASS | data=dafa58 | shift=10 | out=e96000
Test 712: PASS | data=dc2dc9 | shift=17 | out=920000
Test 713: PASS | data=042c3d | shift=5 | out=8587a0
Test 714: PASS | data=e12960 | shift=6 | out=4a5800
Test 715: PASS | data=e5bd97 | shift=9 | out=7b2e00
Test 716: PASS | data=9717a4 | shift=13 | out=f48000
Test 717: PASS | data=877f39 | shift=4 | out=77f390
Test 718: PASS | data=bf9477 | shift=17 | out=ee0000
Test 719: PASS | data=a2f389 | shift=21 | out=200000
Test 720: PASS | data=8cf5f4 | shift=8 | out=f5f400
Test 721: PASS | data=3e034d | shift=10 | out=0d3400
Test 722: PASS | data=d5ae9e | shift=13 | out=d3c000
Test 723: PASS | data=e91c13 | shift=17 | out=260000
Test 724: PASS | data=98acbd | shift=19 | out=e80000
Test 725: PASS | data=245187 | shift=16 | out=870000
Test 726: PASS | data=fd17fa | shift=16 | out=fa0000
Test 727: PASS | data=cf3f5a | shift=11 | out=fad000
Test 728: PASS | data=300146 | shift=3 | out=800a30
Test 729: PASS | data=5b57e9 | shift=22 | out=400000
Test 730: PASS | data=43315d | shift=19 | out=e80000
Test 731: PASS | data=139f13 | shift=16 | out=130000
Test 732: PASS | data=d6fddf | shift=5 | out=dfbbe0
Test 733: PASS | data=a10df7 | shift=21 | out=e00000
Test 734: PASS | data=e6ed25 | shift=13 | out=a4a000
Test 735: PASS | data=b64ffe | shift=20 | out=e00000
Test 736: PASS | data=1af749 | shift=7 | out=7ba480
Test 737: PASS | data=0c34a4 | shift=17 | out=480000
Test 738: PASS | data=4965a5 | shift=16 | out=a50000
Test 739: PASS | data=c25f45 | shift=7 | out=2fa280
Test 740: PASS | data=8cbf9b | shift=22 | out=c00000
Test 741: PASS | data=e0eb98 | shift=6 | out=3ae600
Test 742: PASS | data=1e406a | shift=11 | out=035000
Test 743: PASS | data=0339d8 | shift=19 | out=c00000
Test 744: PASS | data=7f5b18 | shift=19 | out=c00000
Test 745: PASS | data=3c821c | shift=10 | out=087000
Test 746: PASS | data=a304bc | shift=1 | out=460978
Test 747: PASS | data=7f9b86 | shift=10 | out=6e1800
Test 748: PASS | data=caf305 | shift=2 | out=2bcc14
Test 749: PASS | data=6a3e28 | shift=22 | out=000000
Test 750: PASS | data=bc1c74 | shift=19 | out=a00000
Test 751: PASS | data=5cc822 | shift=18 | out=880000
Test 752: PASS | data=75da4d | shift=5 | out=bb49a0
Test 753: PASS | data=a79dca | shift=6 | out=e77280
Test 754: PASS | data=ab6bed | shift=22 | out=400000
Test 755: PASS | data=ce130b | shift=22 | out=c00000
Test 756: PASS | data=a186e0 | shift=3 | out=0c3700
Test 757: PASS | data=4ae0de | shift=13 | out=1bc000
Test 758: PASS | data=39dfda | shift=2 | out=e77f68
Test 759: PASS | data=7902ec | shift=9 | out=05d800
Test 760: PASS | data=d3d148 | shift=19 | out=400000
Test 761: PASS | data=ee0edf | shift=16 | out=df0000
Test 762: PASS | data=f6a54b | shift=1 | out=ed4a96
Test 763: PASS | data=92dd84 | shift=20 | out=400000
Test 764: PASS | data=663f2e | shift=4 | out=63f2e0
Test 765: PASS | data=1a75d7 | shift=22 | out=c00000
Test 766: PASS | data=4d0709 | shift=0 | out=4d0709
Test 767: PASS | data=f28c4b | shift=10 | out=312c00
Test 768: PASS | data=6ed923 | shift=8 | out=d92300
Test 769: PASS | data=da5a67 | shift=3 | out=d2d338
Test 770: PASS | data=f32740 | shift=7 | out=93a000
Test 771: PASS | data=99f93b | shift=0 | out=99f93b
Test 772: PASS | data=60ae77 | shift=8 | out=ae7700
Test 773: PASS | data=d29f64 | shift=18 | out=900000
Test 774: PASS | data=3f68f4 | shift=5 | out=ed1e80
Test 775: PASS | data=32eb77 | shift=4 | out=2eb770
Test 776: PASS | data=d27cca | shift=23 | out=000000
Test 777: PASS | data=556288 | shift=4 | out=562880
Test 778: PASS | data=cc7bee | shift=6 | out=1efb80
Test 779: PASS | data=24899a | shift=0 | out=24899a
Test 780: PASS | data=0b814f | shift=20 | out=f00000
Test 781: PASS | data=ab8583 | shift=14 | out=60c000
Test 782: PASS | data=aff06d | shift=12 | out=06d000
Test 783: PASS | data=7996b5 | shift=3 | out=ccb5a8
Test 784: PASS | data=6d4b36 | shift=21 | out=c00000
Test 785: PASS | data=6c7911 | shift=15 | out=888000
Test 786: PASS | data=db45ef | shift=17 | out=de0000
Test 787: PASS | data=665b33 | shift=0 | out=665b33
Test 788: PASS | data=ed6c9c | shift=18 | out=700000
Test 789: PASS | data=12f239 | shift=14 | out=8e4000
Test 790: PASS | data=0873fc | shift=1 | out=10e7f8
Test 791: PASS | data=1e3a75 | shift=13 | out=4ea000
Test 792: PASS | data=ec0d64 | shift=0 | out=ec0d64
Test 793: PASS | data=fa505a | shift=9 | out=a0b400
Test 794: PASS | data=09cfff | shift=13 | out=ffe000
Test 795: PASS | data=ae9bef | shift=0 | out=ae9bef
Test 796: PASS | data=85dab7 | shift=23 | out=800000
Test 797: PASS | data=5026da | shift=15 | out=6d0000
Test 798: PASS | data=689c89 | shift=12 | out=c89000
Test 799: PASS | data=614752 | shift=14 | out=d48000
Test 800: PASS | data=eef334 | shift=23 | out=000000
Test 801: PASS | data=0d8dc2 | shift=17 | out=840000
Test 802: PASS | data=2ac279 | shift=22 | out=400000
Test 803: PASS | data=bd903b | shift=13 | out=076000
Test 804: PASS | data=1f361f | shift=22 | out=c00000
Test 805: PASS | data=5f1e62 | shift=18 | out=880000
Test 806: PASS | data=a4e851 | shift=4 | out=4e8510
Test 807: PASS | data=f9882a | shift=3 | out=cc4150
Test 808: PASS | data=96d106 | shift=10 | out=441800
Test 809: PASS | data=6de126 | shift=23 | out=000000
Test 810: PASS | data=3349dc | shift=20 | out=c00000
Test 811: PASS | data=c5126a | shift=12 | out=26a000
Test 812: PASS | data=dd6e49 | shift=5 | out=adc920
Test 813: PASS | data=225630 | shift=3 | out=12b180
Test 814: PASS | data=5a53eb | shift=23 | out=800000
Test 815: PASS | data=0faf93 | shift=22 | out=c00000
Test 816: PASS | data=49b500 | shift=22 | out=000000
Test 817: PASS | data=31751a | shift=17 | out=340000
Test 818: PASS | data=607445 | shift=16 | out=450000
Test 819: PASS | data=794fa9 | shift=22 | out=400000
Test 820: PASS | data=352b8c | shift=3 | out=a95c60
Test 821: PASS | data=4847e6 | shift=0 | out=4847e6
Test 822: PASS | data=9e90e8 | shift=3 | out=f48740
Test 823: PASS | data=44adc3 | shift=8 | out=adc300
Test 824: PASS | data=d6305f | shift=5 | out=c60be0
Test 825: PASS | data=d4b9bf | shift=0 | out=d4b9bf
Test 826: PASS | data=b8b97f | shift=14 | out=5fc000
Test 827: PASS | data=f0cbf5 | shift=11 | out=5fa800
Test 828: PASS | data=c06aa1 | shift=16 | out=a10000
Test 829: PASS | data=79603f | shift=9 | out=c07e00
Test 830: PASS | data=681600 | shift=2 | out=a05800
Test 831: PASS | data=16461a | shift=22 | out=800000
Test 832: PASS | data=cf6b6f | shift=14 | out=dbc000
Test 833: PASS | data=226c8a | shift=3 | out=136450
Test 834: PASS | data=989f2b | shift=9 | out=3e5600
Test 835: PASS | data=858d38 | shift=7 | out=c69c00
Test 836: PASS | data=444345 | shift=15 | out=a28000
Test 837: PASS | data=e1a092 | shift=6 | out=682480
Test 838: PASS | data=a7c8b3 | shift=20 | out=300000
Test 839: PASS | data=56dec5 | shift=22 | out=400000
Test 840: PASS | data=0a13ac | shift=16 | out=ac0000
Test 841: PASS | data=7f0967 | shift=8 | out=096700
Test 842: PASS | data=0ae8a6 | shift=20 | out=600000
Test 843: PASS | data=249bb3 | shift=23 | out=800000
Test 844: PASS | data=1e178f | shift=10 | out=5e3c00
Test 845: PASS | data=7d3b9c | shift=9 | out=773800
Test 846: PASS | data=7a30cd | shift=20 | out=d00000
Test 847: PASS | data=eb6ce0 | shift=3 | out=5b6700
Test 848: PASS | data=d5e2c9 | shift=4 | out=5e2c90
Test 849: PASS | data=0b708d | shift=9 | out=e11a00
Test 850: PASS | data=5fb87c | shift=0 | out=5fb87c
Test 851: PASS | data=d11183 | shift=18 | out=0c0000
Test 852: PASS | data=ad5565 | shift=16 | out=650000
Test 853: PASS | data=c26859 | shift=18 | out=640000
Test 854: PASS | data=43139f | shift=20 | out=f00000
Test 855: PASS | data=740782 | shift=17 | out=040000
Test 856: PASS | data=9fbdd0 | shift=14 | out=740000
Test 857: PASS | data=ea25f3 | shift=23 | out=800000
Test 858: PASS | data=815706 | shift=12 | out=706000
Test 859: PASS | data=8157d3 | shift=9 | out=afa600
Test 860: PASS | data=3d8bad | shift=1 | out=7b175a
Test 861: PASS | data=9e1bf2 | shift=11 | out=df9000
Test 862: PASS | data=f899a3 | shift=22 | out=c00000
Test 863: PASS | data=0fd01f | shift=7 | out=e80f80
Test 864: PASS | data=ba954f | shift=18 | out=3c0000
Test 865: PASS | data=56e1f0 | shift=14 | out=7c0000
Test 866: PASS | data=ed2ac8 | shift=15 | out=640000
Test 867: PASS | data=68c5b4 | shift=21 | out=800000
Test 868: PASS | data=0988df | shift=12 | out=8df000
Test 869: PASS | data=62297f | shift=3 | out=114bf8
Test 870: PASS | data=856453 | shift=0 | out=856453
Test 871: PASS | data=7a3a49 | shift=4 | out=a3a490
Test 872: PASS | data=064c0f | shift=22 | out=c00000
Test 873: PASS | data=234f46 | shift=2 | out=8d3d18
Test 874: PASS | data=d88813 | shift=16 | out=130000
Test 875: PASS | data=8f202b | shift=12 | out=02b000
Test 876: PASS | data=e5f8e4 | shift=12 | out=8e4000
Test 877: PASS | data=46ae85 | shift=22 | out=400000
Test 878: PASS | data=552c15 | shift=17 | out=2a0000
Test 879: PASS | data=da53ef | shift=6 | out=94fbc0
Test 880: PASS | data=65ba4f | shift=15 | out=278000
Test 881: PASS | data=7ecc7a | shift=1 | out=fd98f4
Test 882: PASS | data=08efa4 | shift=1 | out=11df48
Test 883: PASS | data=b778ec | shift=10 | out=e3b000
Test 884: PASS | data=c32720 | shift=11 | out=390000
Test 885: PASS | data=bec0ec | shift=2 | out=fb03b0
Test 886: PASS | data=3ba00d | shift=0 | out=3ba00d
Test 887: PASS | data=9a22ba | shift=15 | out=5d0000
Test 888: PASS | data=67ecad | shift=15 | out=568000
Test 889: PASS | data=7356ad | shift=2 | out=cd5ab4
Test 890: PASS | data=1650e0 | shift=16 | out=e00000
Test 891: PASS | data=25c818 | shift=8 | out=c81800
Test 892: PASS | data=c76958 | shift=10 | out=a56000
Test 893: PASS | data=5500b1 | shift=5 | out=a01620
Test 894: PASS | data=ced9df | shift=0 | out=ced9df
Test 895: PASS | data=490020 | shift=0 | out=490020
Test 896: PASS | data=8a82fa | shift=7 | out=417d00
Test 897: PASS | data=0a1641 | shift=8 | out=164100
Test 898: PASS | data=8ef3cb | shift=18 | out=2c0000
Test 899: PASS | data=f4abe4 | shift=12 | out=be4000
Test 900: PASS | data=ec45e0 | shift=21 | out=000000
Test 901: PASS | data=24754e | shift=3 | out=23aa70
Test 902: PASS | data=b45c9e | shift=9 | out=b93c00
Test 903: PASS | data=aca2fc | shift=23 | out=000000
Test 904: PASS | data=b476d7 | shift=11 | out=b6b800
Test 905: PASS | data=3e477a | shift=8 | out=477a00
Test 906: PASS | data=d31aaf | shift=12 | out=aaf000
Test 907: PASS | data=d221ec | shift=6 | out=887b00
Test 908: PASS | data=e56dcc | shift=18 | out=300000
Test 909: PASS | data=9468fc | shift=14 | out=3f0000
Test 910: PASS | data=4d6d65 | shift=17 | out=ca0000
Test 911: PASS | data=640534 | shift=18 | out=d00000
Test 912: PASS | data=d3d05a | shift=10 | out=416800
Test 913: PASS | data=53b09d | shift=18 | out=740000
Test 914: PASS | data=c66490 | shift=12 | out=490000
Test 915: PASS | data=4759fc | shift=9 | out=b3f800
Test 916: PASS | data=3c47b8 | shift=23 | out=000000
Test 917: PASS | data=c50f98 | shift=0 | out=c50f98
Test 918: PASS | data=b28ec7 | shift=8 | out=8ec700
Test 919: PASS | data=916dfc | shift=14 | out=7f0000
Test 920: PASS | data=c8de98 | shift=17 | out=300000
Test 921: PASS | data=c8df8e | shift=18 | out=380000
Test 922: PASS | data=efff24 | shift=6 | out=ffc900
Test 923: PASS | data=c854e1 | shift=2 | out=215384
Test 924: PASS | data=887470 | shift=14 | out=1c0000
Test 925: PASS | data=0d93e8 | shift=11 | out=9f4000
Test 926: PASS | data=8204b7 | shift=0 | out=8204b7
Test 927: PASS | data=d6e021 | shift=8 | out=e02100
Test 928: PASS | data=31da8e | shift=6 | out=76a380
Test 929: PASS | data=9118a8 | shift=2 | out=4462a0
Test 930: PASS | data=173942 | shift=16 | out=420000
Test 931: PASS | data=543d4d | shift=2 | out=50f534
Test 932: PASS | data=a13d01 | shift=11 | out=e80800
Test 933: PASS | data=fec699 | shift=16 | out=990000
Test 934: PASS | data=9ecb99 | shift=1 | out=3d9732
Test 935: PASS | data=68c9cb | shift=19 | out=580000
Test 936: PASS | data=da3254 | shift=19 | out=a00000
Test 937: PASS | data=868efb | shift=18 | out=ec0000
Test 938: PASS | data=462979 | shift=4 | out=629790
Test 939: PASS | data=18bbbe | shift=20 | out=e00000
Test 940: PASS | data=5a2f91 | shift=17 | out=220000
Test 941: PASS | data=e11ae5 | shift=22 | out=400000
Test 942: PASS | data=cd3340 | shift=5 | out=a66800
Test 943: PASS | data=6ebf59 | shift=18 | out=640000
Test 944: PASS | data=f7c052 | shift=17 | out=a40000
Test 945: PASS | data=0bca8e | shift=19 | out=700000
Test 946: PASS | data=8b09fe | shift=2 | out=2c27f8
Test 947: PASS | data=946edb | shift=3 | out=a376d8
Test 948: PASS | data=9cea82 | shift=0 | out=9cea82
Test 949: PASS | data=8bba1e | shift=23 | out=000000
Test 950: PASS | data=1006a1 | shift=17 | out=420000
Test 951: PASS | data=367266 | shift=14 | out=998000
Test 952: PASS | data=88ae7d | shift=23 | out=800000
Test 953: PASS | data=c5ff0f | shift=20 | out=f00000
Test 954: PASS | data=7f80a6 | shift=0 | out=7f80a6
Test 955: PASS | data=43f0ad | shift=7 | out=f85680
Test 956: PASS | data=13559e | shift=20 | out=e00000
Test 957: PASS | data=0ec163 | shift=11 | out=0b1800
Test 958: PASS | data=19ccbf | shift=12 | out=cbf000
Test 959: PASS | data=0ee69a | shift=20 | out=a00000
Test 960: PASS | data=24a27a | shift=3 | out=2513d0
Test 961: PASS | data=e82fcd | shift=14 | out=f34000
Test 962: PASS | data=61b8ad | shift=12 | out=8ad000
Test 963: PASS | data=4daae3 | shift=1 | out=9b55c6
Test 964: PASS | data=06e36a | shift=16 | out=6a0000
Test 965: PASS | data=c65c40 | shift=6 | out=971000
Test 966: PASS | data=216c2d | shift=19 | out=680000
Test 967: PASS | data=5e3512 | shift=17 | out=240000
Test 968: PASS | data=95c82c | shift=17 | out=580000
Test 969: PASS | data=e3ee4a | shift=13 | out=c94000
Test 970: PASS | data=fd4d2d | shift=22 | out=400000
Test 971: PASS | data=664e1d | shift=2 | out=993874
Test 972: PASS | data=6a8de3 | shift=16 | out=e30000
Test 973: PASS | data=a5cb1b | shift=20 | out=b00000
Test 974: PASS | data=d37faf | shift=17 | out=5e0000
Test 975: PASS | data=e8c986 | shift=18 | out=180000
Test 976: PASS | data=ddcb98 | shift=10 | out=2e6000
Test 977: PASS | data=5639a0 | shift=19 | out=000000
Test 978: PASS | data=8cb3e5 | shift=16 | out=e50000
Test 979: PASS | data=5f3a95 | shift=15 | out=4a8000
Test 980: PASS | data=828131 | shift=23 | out=800000
Test 981: PASS | data=12554b | shift=0 | out=12554b
Test 982: PASS | data=3d6473 | shift=17 | out=e60000
Test 983: PASS | data=abf1d6 | shift=7 | out=f8eb00
Test 984: PASS | data=145bc3 | shift=13 | out=786000
Test 985: PASS | data=8e9e36 | shift=17 | out=6c0000
Test 986: PASS | data=3af8c0 | shift=10 | out=e30000
Test 987: PASS | data=05726d | shift=12 | out=26d000
Test 988: PASS | data=adcf41 | shift=13 | out=e82000
Test 989: PASS | data=d20ae1 | shift=13 | out=5c2000
Test 990: PASS | data=2336f1 | shift=5 | out=66de20
Test 991: PASS | data=ab2a54 | shift=14 | out=950000
Test 992: PASS | data=d1b81e | shift=12 | out=81e000
Test 993: PASS | data=f24f3b | shift=16 | out=3b0000
Test 994: PASS | data=a3fbeb | shift=19 | out=580000
Test 995: PASS | data=7dbd0a | shift=2 | out=f6f428
Test 996: PASS | data=e00ed2 | shift=21 | out=400000
Test 997: PASS | data=470d91 | shift=20 | out=100000
Test 998: PASS | data=fec629 | shift=5 | out=d8c520
Test 999: PASS | data=f41336 | shift=16 | out=360000
============================================
Total Tests : 1000
PASS         : 1000
FAIL         : 0
============================================
 ALL TESTS PASSED!
- SHF_unit/tb_SHF_unit.sv:79: Verilog $finish
- S i m u l a t i o n   R e p o r t: Verilator 5.024 2024-04-05
- Verilator: $finish at 1us; walltime 0.003 s; speed 0.000 s/s
- Verilator: cpu 0.000 s on 1 threads; alloced 57 MB
