============================================
>>> TEST SUM UNIT (28-bit) <<<
============================================
Test 0: PASS | A=97673c4 | B=b1e5d9c | Cin=0 | SUM=494d160 | Cout=1
Test 1: PASS | A=8c2e0e4 | B=2178378 | Cin=0 | SUM=ada645c | Cout=0
Test 2: PASS | A=aa49eb6 | B=a14ffe4 | Cin=1 | SUM=4b99e9b | Cout=1
Test 3: PASS | A=cc47153 | B=f9e1721 | Cin=1 | SUM=c628875 | Cout=1
Test 4: PASS | A=f8cafc5 | B=253f382 | Cin=0 | SUM=1e0a347 | Cout=1
Test 5: PASS | A=3581635 | B=dfbc912 | Cin=0 | SUM=153df47 | Cout=1
Test 6: PASS | A=4323bfd | B=c6b41f4 | Cin=1 | SUM=09d7df2 | Cout=1
Test 7: PASS | A=66d4d58 | B=9cf04b2 | Cin=0 | SUM=03c520a | Cout=1
Test 8: PASS | A=a1b851e | B=d1f459e | Cin=0 | SUM=73acabc | Cout=1
Test 9: PASS | A=b331cee | B=83b6b10 | Cin=0 | SUM=36e87fe | Cout=1
Test 10: PASS | A=a50ed63 | B=99fa2c0 | Cin=1 | SUM=3f09024 | Cout=1
Test 11: PASS | A=11b0f22 | B=f938f06 | Cin=1 | SUM=0ae9e29 | Cout=1
Test 12: PASS | A=92d3263 | B=454c278 | Cin=1 | SUM=d81f4dc | Cout=0
Test 13: PASS | A=354dace | B=383fef7 | Cin=1 | SUM=6d8d9c6 | Cout=0
Test 14: PASS | A=cd9b39e | B=c43d877 | Cin=0 | SUM=91d8c15 | Cout=1
Test 15: PASS | A=1a80ca8 | B=4b8e34f | Cin=1 | SUM=660eff8 | Cout=0
Test 16: PASS | A=9b28994 | B=d0b2ee2 | Cin=0 | SUM=6bdb876 | Cout=1
Test 17: PASS | A=ffc1b1f | B=d54b309 | Cin=1 | SUM=d50ce29 | Cout=1
Test 18: PASS | A=7b0f61f | B=1adaf84 | Cin=1 | SUM=95ea5a4 | Cout=0
Test 19: PASS | A=921a633 | B=f72ea4b | Cin=0 | SUM=894907e | Cout=1
Test 20: PASS | A=6c8a8f3 | B=eb32cc9 | Cin=1 | SUM=57bd5bd | Cout=1
Test 21: PASS | A=bb965ca | B=c49d55d | Cin=1 | SUM=8033b28 | Cout=1
Test 22: PASS | A=3e5ed24 | B=349b2ef | Cin=1 | SUM=72fa014 | Cout=0
Test 23: PASS | A=be8d96d | B=6083739 | Cin=0 | SUM=1f110a6 | Cout=1
Test 24: PASS | A=a87e8ea | B=de738c2 | Cin=0 | SUM=86f21ac | Cout=1
Test 25: PASS | A=2aa4954 | B=8a0cb23 | Cin=1 | SUM=b4b1478 | Cout=0
Test 26: PASS | A=70843b3 | B=9bc7fad | Cin=1 | SUM=0c4c361 | Cout=1
Test 27: PASS | A=eb97b2e | B=a87b8cf | Cin=1 | SUM=94133fe | Cout=1
Test 28: PASS | A=0b895d7 | B=fda0489 | Cin=0 | SUM=0929a60 | Cout=1
Test 29: PASS | A=6589faf | B=0f9f5ef | Cin=1 | SUM=752959f | Cout=0
Test 30: PASS | A=4fe433f | B=b1ccecf | Cin=0 | SUM=01b120e | Cout=1
Test 31: PASS | A=914e377 | B=b949a9a | Cin=1 | SUM=4a97e12 | Cout=1
Test 32: PASS | A=48c1f53 | B=b7842af | Cin=0 | SUM=0046202 | Cout=1
Test 33: PASS | A=1dab302 | B=a972bfb | Cin=0 | SUM=c71defd | Cout=0
Test 34: PASS | A=00fd9c2 | B=e6dcddd | Cin=0 | SUM=e7da79f | Cout=0
Test 35: PASS | A=368d864 | B=976a661 | Cin=1 | SUM=cdf7ec6 | Cout=0
Test 36: PASS | A=5e9dd21 | B=0c027f3 | Cin=1 | SUM=6aa0515 | Cout=0
Test 37: PASS | A=26918f5 | B=c1016bd | Cin=0 | SUM=e792fb2 | Cout=0
Test 38: PASS | A=7aa2662 | B=5769fca | Cin=0 | SUM=d20c62c | Cout=0
Test 39: PASS | A=c90c745 | B=371e058 | Cin=0 | SUM=002a79d | Cout=1
Test 40: PASS | A=fcfde60 | B=db80373 | Cin=0 | SUM=d87e1d3 | Cout=1
Test 41: PASS | A=351c13d | B=5cfa46c | Cin=0 | SUM=92165a9 | Cout=0
Test 42: PASS | A=6539ae7 | B=03a5237 | Cin=1 | SUM=68ded1f | Cout=0
Test 43: PASS | A=dc79340 | B=7054833 | Cin=0 | SUM=4ccdb73 | Cout=1
Test 44: PASS | A=ac71ab6 | B=dc1e2d7 | Cin=0 | SUM=888fd8d | Cout=1
Test 45: PASS | A=c034a67 | B=d45f653 | Cin=0 | SUM=94940ba | Cout=1
Test 46: PASS | A=86de8f4 | B=eee86e4 | Cin=0 | SUM=75c6fd8 | Cout=1
Test 47: PASS | A=2fd4367 | B=d3fd895 | Cin=0 | SUM=03d1bfc | Cout=1
Test 48: PASS | A=4b91b64 | B=edc4195 | Cin=0 | SUM=3955cf9 | Cout=1
Test 49: PASS | A=1af473d | B=4c6707f | Cin=1 | SUM=675b7bd | Cout=0
Test 50: PASS | A=0eaa8dc | B=05acbec | Cin=0 | SUM=14574c8 | Cout=0
Test 51: PASS | A=91f0046 | B=916f079 | Cin=0 | SUM=235f0bf | Cout=1
Test 52: PASS | A=38048d4 | B=d02c934 | Cin=1 | SUM=0831209 | Cout=1
Test 53: PASS | A=7a25b1b | B=2dd1302 | Cin=1 | SUM=a7f6e1e | Cout=0
Test 54: PASS | A=e42ce53 | B=dd0b063 | Cin=0 | SUM=c137eb6 | Cout=1
Test 55: PASS | A=82928f0 | B=ee0b004 | Cin=1 | SUM=709d8f5 | Cout=1
Test 56: PASS | A=26194f8 | B=e88ac23 | Cin=0 | SUM=0ea411b | Cout=1
Test 57: PASS | A=a187961 | B=e53ff61 | Cin=1 | SUM=86c78c3 | Cout=1
Test 58: PASS | A=74c90d2 | B=7f06afc | Cin=0 | SUM=f3cfbce | Cout=0
Test 59: PASS | A=1d3b67b | B=2751b31 | Cin=0 | SUM=448d1ac | Cout=0
Test 60: PASS | A=f715aed | B=e69f964 | Cin=0 | SUM=ddb5451 | Cout=1
Test 61: PASS | A=ae955bd | B=65ac114 | Cin=1 | SUM=14416d2 | Cout=1
Test 62: PASS | A=5100acb | B=25a32db | Cin=1 | SUM=76a3da7 | Cout=0
Test 63: PASS | A=219054e | B=c047624 | Cin=0 | SUM=e1d7b72 | Cout=0
Test 64: PASS | A=e252c07 | B=80a7500 | Cin=0 | SUM=62fa107 | Cout=1
Test 65: PASS | A=b9ce53f | B=4207d39 | Cin=1 | SUM=fbd6279 | Cout=0
Test 66: PASS | A=a8684d7 | B=f37df7a | Cin=0 | SUM=9be6451 | Cout=1
Test 67: PASS | A=538f67c | B=1557042 | Cin=0 | SUM=68e66be | Cout=0
Test 68: PASS | A=f17e476 | B=b85762b | Cin=1 | SUM=a9d5aa2 | Cout=1
Test 69: PASS | A=43f75d2 | B=5bd1ea2 | Cin=0 | SUM=9fc9474 | Cout=0
Test 70: PASS | A=0b80509 | B=21a8a0f | Cin=0 | SUM=2d28f18 | Cout=0
Test 71: PASS | A=23152e4 | B=0866559 | Cin=1 | SUM=2b7b83e | Cout=0
Test 72: PASS | A=8466aac | B=20c9a80 | Cin=1 | SUM=a53052d | Cout=0
Test 73: PASS | A=34a90ea | B=6f7828d | Cin=1 | SUM=a421378 | Cout=0
Test 74: PASS | A=bf2f889 | B=f693f10 | Cin=0 | SUM=b5c3799 | Cout=1
Test 75: PASS | A=7e359c6 | B=d6470ab | Cin=0 | SUM=547ca71 | Cout=1
Test 76: PASS | A=c8c694c | B=bbdc9f7 | Cin=0 | SUM=84a3343 | Cout=1
Test 77: PASS | A=589c854 | B=ab7fc11 | Cin=1 | SUM=041c466 | Cout=1
Test 78: PASS | A=df98d29 | B=d507e10 | Cin=0 | SUM=b4a0b39 | Cout=1
Test 79: PASS | A=b1b7971 | B=23f162a | Cin=1 | SUM=d5a8f9c | Cout=0
Test 80: PASS | A=146a48c | B=64831e6 | Cin=0 | SUM=78ed672 | Cout=0
Test 81: PASS | A=deaf886 | B=6ac746e | Cin=1 | SUM=4976cf5 | Cout=1
Test 82: PASS | A=435c96e | B=369578d | Cin=0 | SUM=79f20fb | Cout=0
Test 83: PASS | A=5486054 | B=e4d848d | Cin=1 | SUM=395e4e2 | Cout=1
Test 84: PASS | A=3d5dad6 | B=9be5e6e | Cin=1 | SUM=d943945 | Cout=0
Test 85: PASS | A=17612b2 | B=a869c57 | Cin=0 | SUM=bfcaf09 | Cout=0
Test 86: PASS | A=c94e664 | B=506fc99 | Cin=1 | SUM=19be2fe | Cout=1
Test 87: PASS | A=0186540 | B=373e743 | Cin=0 | SUM=38c4c83 | Cout=0
Test 88: PASS | A=cea9bf6 | B=167c3e7 | Cin=1 | SUM=e525fde | Cout=0
Test 89: PASS | A=0e2bc22 | B=8214153 | Cin=0 | SUM=903fd75 | Cout=0
Test 90: PASS | A=957210e | B=ee11fe4 | Cin=1 | SUM=83840f3 | Cout=1
Test 91: PASS | A=b424c40 | B=3e41849 | Cin=1 | SUM=f26648a | Cout=0
Test 92: PASS | A=9867c09 | B=62540f8 | Cin=1 | SUM=fabbd02 | Cout=0
Test 93: PASS | A=0f3d996 | B=a855610 | Cin=0 | SUM=b792fa6 | Cout=0
Test 94: PASS | A=09b696d | B=cff90de | Cin=1 | SUM=d9afa4c | Cout=0
Test 95: PASS | A=48d6f80 | B=d84bddd | Cin=1 | SUM=2122d5e | Cout=1
Test 96: PASS | A=e550d7a | B=488f89f | Cin=0 | SUM=2de0619 | Cout=1
Test 97: PASS | A=81f4fb8 | B=d66ee9c | Cin=1 | SUM=5863e55 | Cout=1
Test 98: PASS | A=1bcf8b4 | B=779d049 | Cin=1 | SUM=936c8fe | Cout=0
Test 99: PASS | A=e3533dc | B=b5718e9 | Cin=0 | SUM=98c4cc5 | Cout=1
Test 100: PASS | A=1a7b71f | B=10dcb5f | Cin=1 | SUM=2b5827f | Cout=0
Test 101: PASS | A=855538c | B=a2ce2d8 | Cin=1 | SUM=2823665 | Cout=1
Test 102: PASS | A=9511968 | B=ae4c419 | Cin=0 | SUM=435dd81 | Cout=1
Test 103: PASS | A=c426cc5 | B=73cff67 | Cin=1 | SUM=37f6c2d | Cout=1
Test 104: PASS | A=87591bf | B=1931901 | Cin=0 | SUM=a08aac0 | Cout=0
Test 105: PASS | A=e503d43 | B=f6b0993 | Cin=1 | SUM=dbb46d7 | Cout=1
Test 106: PASS | A=ccfaa1b | B=eec4747 | Cin=0 | SUM=bbbf162 | Cout=1
Test 107: PASS | A=a2050a9 | B=6cd636a | Cin=1 | SUM=0edb414 | Cout=1
Test 108: PASS | A=ac7d09a | B=d08ba4e | Cin=1 | SUM=7d08ae9 | Cout=1
Test 109: PASS | A=6a91e2f | B=27d2929 | Cin=1 | SUM=9264759 | Cout=0
Test 110: PASS | A=bad2e80 | B=da3fa66 | Cin=1 | SUM=95128e7 | Cout=1
Test 111: PASS | A=df4b391 | B=e984861 | Cin=1 | SUM=c8cfbf3 | Cout=1
Test 112: PASS | A=511e1e2 | B=2748c04 | Cin=0 | SUM=7866de6 | Cout=0
Test 113: PASS | A=10374ce | B=200c0e7 | Cin=1 | SUM=30435b6 | Cout=0
Test 114: PASS | A=d78709b | B=a11824c | Cin=0 | SUM=789f2e7 | Cout=1
Test 115: PASS | A=da8da98 | B=b40f46d | Cin=1 | SUM=8e9cf06 | Cout=1
Test 116: PASS | A=c97e584 | B=698ae20 | Cin=1 | SUM=33093a5 | Cout=1
Test 117: PASS | A=6c099d1 | B=aecb90b | Cin=1 | SUM=1ad52dd | Cout=1
Test 118: PASS | A=3f73cd7 | B=9e4f6ac | Cin=0 | SUM=ddc3383 | Cout=0
Test 119: PASS | A=54bd34d | B=78e7ac8 | Cin=0 | SUM=cda4e15 | Cout=0
Test 120: PASS | A=272c8dc | B=f7b76ab | Cin=0 | SUM=1ee3f87 | Cout=1
Test 121: PASS | A=c9e33b4 | B=2588dc6 | Cin=1 | SUM=ef6c17b | Cout=0
Test 122: PASS | A=6acf514 | B=f2242de | Cin=0 | SUM=5cf37f2 | Cout=1
Test 123: PASS | A=962f2ab | B=4009449 | Cin=0 | SUM=d6386f4 | Cout=0
Test 124: PASS | A=167722c | B=c1a6991 | Cin=1 | SUM=d81dbbe | Cout=0
Test 125: PASS | A=d066f07 | B=af88e98 | Cin=0 | SUM=7fefd9f | Cout=1
Test 126: PASS | A=4e2a696 | B=1644324 | Cin=0 | SUM=646e9ba | Cout=0
Test 127: PASS | A=8d3c7ec | B=65d17fc | Cin=1 | SUM=f30dfe9 | Cout=0
Test 128: PASS | A=13e3f72 | B=57499c0 | Cin=0 | SUM=6b2d932 | Cout=0
Test 129: PASS | A=564d93c | B=6b9b315 | Cin=1 | SUM=c1e8c52 | Cout=0
Test 130: PASS | A=0d7a58d | B=6575ac3 | Cin=0 | SUM=72f0050 | Cout=0
Test 131: PASS | A=e4fa844 | B=1ff6585 | Cin=0 | SUM=04f0dc9 | Cout=1
Test 132: PASS | A=0f29bcb | B=b71db91 | Cin=0 | SUM=c64775c | Cout=0
Test 133: PASS | A=b4c9ca4 | B=a846dbb | Cin=1 | SUM=5d10a60 | Cout=1
Test 134: PASS | A=1334005 | B=a8b4c41 | Cin=0 | SUM=bbe8c46 | Cout=0
Test 135: PASS | A=3302cfa | B=0457614 | Cin=1 | SUM=375a30f | Cout=0
Test 136: PASS | A=0f927e1 | B=7123190 | Cin=1 | SUM=80b5972 | Cout=0
Test 137: PASS | A=cb80c5a | B=be2eabc | Cin=1 | SUM=89af717 | Cout=1
Test 138: PASS | A=29a1edf | B=46fbbc2 | Cin=0 | SUM=709daa1 | Cout=0
Test 139: PASS | A=2e252e4 | B=7fc0f08 | Cin=0 | SUM=ade61ec | Cout=0
Test 140: PASS | A=b6ea67d | B=2d19484 | Cin=1 | SUM=e403b02 | Cout=0
Test 141: PASS | A=7af3dac | B=820ae4b | Cin=1 | SUM=fcfebf8 | Cout=0
Test 142: PASS | A=b28c984 | B=c4734e6 | Cin=1 | SUM=76ffe6b | Cout=1
Test 143: PASS | A=ff12679 | B=0945aa9 | Cin=0 | SUM=0858122 | Cout=1
Test 144: PASS | A=12d3207 | B=c115356 | Cin=1 | SUM=d3e855e | Cout=0
Test 145: PASS | A=e0020d4 | B=26a0b4c | Cin=1 | SUM=06a2c21 | Cout=1
Test 146: PASS | A=97d21ac | B=f5f7df0 | Cin=1 | SUM=8dc9f9d | Cout=1
Test 147: PASS | A=facedee | B=e4bf9cb | Cin=0 | SUM=df8e7b9 | Cout=1
Test 148: PASS | A=5a4200c | B=690130e | Cin=1 | SUM=c34331b | Cout=0
Test 149: PASS | A=63dfa81 | B=682cd45 | Cin=0 | SUM=cc0c7c6 | Cout=0
Test 150: PASS | A=68fbc84 | B=fee8162 | Cin=1 | SUM=67e3de7 | Cout=1
Test 151: PASS | A=8363ee9 | B=d1e63b3 | Cin=1 | SUM=554a29d | Cout=1
Test 152: PASS | A=cab1422 | B=e786b20 | Cin=0 | SUM=b237f42 | Cout=1
Test 153: PASS | A=2f7a662 | B=dd508fa | Cin=0 | SUM=0ccaf5c | Cout=1
Test 154: PASS | A=322eca7 | B=696ddde | Cin=0 | SUM=9b9ca85 | Cout=0
Test 155: PASS | A=591ae85 | B=ee647a3 | Cin=1 | SUM=477f629 | Cout=1
Test 156: PASS | A=6a4c65b | B=6d82ab9 | Cin=0 | SUM=d7cf114 | Cout=0
Test 157: PASS | A=ce79171 | B=d3ed578 | Cin=0 | SUM=a2666e9 | Cout=1
Test 158: PASS | A=a7b1259 | B=db37065 | Cin=1 | SUM=82e82bf | Cout=1
Test 159: PASS | A=d6fea65 | B=f75cbda | Cin=0 | SUM=ce5b63f | Cout=1
Test 160: PASS | A=1dbb777 | B=fdef958 | Cin=1 | SUM=1bab0d0 | Cout=1
Test 161: PASS | A=9487050 | B=34c91cb | Cin=0 | SUM=c95021b | Cout=0
Test 162: PASS | A=79e486c | B=62fec0f | Cin=1 | SUM=dce347c | Cout=0
Test 163: PASS | A=3f7d6ec | B=93ed7a2 | Cin=0 | SUM=d36ae8e | Cout=0
Test 164: PASS | A=ee18ed9 | B=5a59d5e | Cin=1 | SUM=4872c38 | Cout=1
Test 165: PASS | A=135a8db | B=46b6d7a | Cin=0 | SUM=5a11655 | Cout=0
Test 166: PASS | A=651bd55 | B=478f53c | Cin=0 | SUM=acab291 | Cout=0
Test 167: PASS | A=764ab89 | B=48b5eda | Cin=1 | SUM=bf00a64 | Cout=0
Test 168: PASS | A=7cbdd63 | B=37ad14e | Cin=1 | SUM=b46aeb2 | Cout=0
Test 169: PASS | A=efb69cc | B=ab164da | Cin=0 | SUM=9accea6 | Cout=1
Test 170: PASS | A=3122b1f | B=281c690 | Cin=1 | SUM=593f1b0 | Cout=0
Test 171: PASS | A=d083132 | B=baf9594 | Cin=0 | SUM=8b7c6c6 | Cout=1
Test 172: PASS | A=bdf8ec5 | B=129c273 | Cin=0 | SUM=d095138 | Cout=0
Test 173: PASS | A=5ab33a8 | B=3961a1d | Cin=1 | SUM=9414dc6 | Cout=0
Test 174: PASS | A=b7114a9 | B=f3aecad | Cin=1 | SUM=aac0157 | Cout=1
Test 175: PASS | A=d4d125c | B=91aaa08 | Cin=0 | SUM=667bc64 | Cout=1
Test 176: PASS | A=8b4e25e | B=a7de51a | Cin=0 | SUM=332c778 | Cout=1
Test 177: PASS | A=d7c0c04 | B=1ebcb27 | Cin=1 | SUM=f67d72c | Cout=0
Test 178: PASS | A=2ad3215 | B=08c6fb8 | Cin=0 | SUM=339a1cd | Cout=0
Test 179: PASS | A=c80f458 | B=ccd35be | Cin=1 | SUM=94e2a17 | Cout=1
Test 180: PASS | A=03ca2cd | B=fa3c6c0 | Cin=0 | SUM=fe0698d | Cout=0
Test 181: PASS | A=3544730 | B=463369a | Cin=1 | SUM=7b77dcb | Cout=0
Test 182: PASS | A=4c4b64a | B=2fcdfc2 | Cin=1 | SUM=7c1960d | Cout=0
Test 183: PASS | A=a557e1f | B=16176de | Cin=0 | SUM=bb6f4fd | Cout=0
Test 184: PASS | A=8e27199 | B=c747488 | Cin=1 | SUM=556e622 | Cout=1
Test 185: PASS | A=e55a0bf | B=b32dcea | Cin=0 | SUM=9887da9 | Cout=1
Test 186: PASS | A=8146e3c | B=afc3f17 | Cin=0 | SUM=310ad53 | Cout=1
Test 187: PASS | A=fd1b78a | B=9b6ccff | Cin=0 | SUM=9888489 | Cout=1
Test 188: PASS | A=85b4028 | B=f597f8a | Cin=0 | SUM=7b4bfb2 | Cout=1
Test 189: PASS | A=b9bcc6e | B=98e6a3c | Cin=1 | SUM=52a36ab | Cout=1
Test 190: PASS | A=4101d93 | B=a44c55a | Cin=0 | SUM=e54e2ed | Cout=0
Test 191: PASS | A=93def59 | B=fc4c6b5 | Cin=1 | SUM=902b60f | Cout=1
Test 192: PASS | A=84107cc | B=85547f8 | Cin=0 | SUM=0964fc4 | Cout=1
Test 193: PASS | A=560e5c8 | B=6b3685d | Cin=1 | SUM=c144e26 | Cout=0
Test 194: PASS | A=af81f68 | B=9714ab1 | Cin=0 | SUM=4696a19 | Cout=1
Test 195: PASS | A=10629b0 | B=89b7787 | Cin=1 | SUM=9a1a138 | Cout=0
Test 196: PASS | A=6020521 | B=8facf06 | Cin=0 | SUM=efcd427 | Cout=0
Test 197: PASS | A=7442b6b | B=25cd0d9 | Cin=0 | SUM=9a0fc44 | Cout=0
Test 198: PASS | A=c208022 | B=17125ff | Cin=0 | SUM=d91a621 | Cout=0
Test 199: PASS | A=cd52dc2 | B=d9b03de | Cin=1 | SUM=a7031a1 | Cout=1
Test 200: PASS | A=996c917 | B=0bcff2b | Cin=0 | SUM=a53c842 | Cout=0
Test 201: PASS | A=963756d | B=093c140 | Cin=0 | SUM=9f736ad | Cout=0
Test 202: PASS | A=59cc107 | B=f210e15 | Cin=1 | SUM=4bdcf1d | Cout=1
Test 203: PASS | A=c20b769 | B=6fd2f60 | Cin=0 | SUM=31de6c9 | Cout=1
Test 204: PASS | A=6a35d03 | B=22f3d7e | Cin=0 | SUM=8d29a81 | Cout=0
Test 205: PASS | A=63446fe | B=1356ddb | Cin=1 | SUM=769b4da | Cout=0
Test 206: PASS | A=10ae43e | B=6eeb088 | Cin=1 | SUM=7f994c7 | Cout=0
Test 207: PASS | A=1c65bc5 | B=bf761c6 | Cin=0 | SUM=dbdbd8b | Cout=0
Test 208: PASS | A=b415f13 | B=50ecc68 | Cin=0 | SUM=0502b7b | Cout=1
Test 209: PASS | A=f07d8ff | B=36787ee | Cin=1 | SUM=26f60ee | Cout=1
Test 210: PASS | A=6e2b830 | B=ecc2f9a | Cin=1 | SUM=5aee7cb | Cout=1
Test 211: PASS | A=4f7a79b | B=89aa4c6 | Cin=1 | SUM=d924c62 | Cout=0
Test 212: PASS | A=b637052 | B=e66c22d | Cin=1 | SUM=9ca3280 | Cout=1
Test 213: PASS | A=a7bbb41 | B=c8eb67f | Cin=1 | SUM=70a71c1 | Cout=1
Test 214: PASS | A=467520b | B=f77f0d6 | Cin=1 | SUM=3df42e2 | Cout=1
Test 215: PASS | A=72d401c | B=88e952d | Cin=1 | SUM=fbbd54a | Cout=0
Test 216: PASS | A=3287f12 | B=ff8a288 | Cin=0 | SUM=321219a | Cout=1
Test 217: PASS | A=6253f61 | B=10b4c2e | Cin=0 | SUM=7308b8f | Cout=0
Test 218: PASS | A=d3ec3d7 | B=76b7fbe | Cin=1 | SUM=4aa4396 | Cout=1
Test 219: PASS | A=3a964e5 | B=e85ddc2 | Cin=0 | SUM=22f42a7 | Cout=1
Test 220: PASS | A=6bd7539 | B=7ebdff1 | Cin=1 | SUM=ea9552b | Cout=0
Test 221: PASS | A=d0f31a5 | B=aaea47a | Cin=0 | SUM=7bdd61f | Cout=1
Test 222: PASS | A=2f7d924 | B=4e7f4e4 | Cin=1 | SUM=7dfce09 | Cout=0
Test 223: PASS | A=2bc6f75 | B=11bc21b | Cin=1 | SUM=3d83191 | Cout=0
Test 224: PASS | A=3ffeb32 | B=c4ab76c | Cin=1 | SUM=04aa29f | Cout=1
Test 225: PASS | A=2835d60 | B=50cf3c0 | Cin=0 | SUM=7905120 | Cout=0
Test 226: PASS | A=8c609ee | B=e2ca233 | Cin=1 | SUM=6f2ac22 | Cout=1
Test 227: PASS | A=8c18c5b | B=afe9e4b | Cin=1 | SUM=3c02aa7 | Cout=1
Test 228: PASS | A=91dd64f | B=61c905a | Cin=1 | SUM=f3a66aa | Cout=0
Test 229: PASS | A=7785b40 | B=e8aba05 | Cin=1 | SUM=6031546 | Cout=1
Test 230: PASS | A=d1ef5b9 | B=2b779bb | Cin=0 | SUM=fd66f74 | Cout=0
Test 231: PASS | A=756c76c | B=387a843 | Cin=1 | SUM=ade6fb0 | Cout=0
Test 232: PASS | A=47cafe4 | B=7f001a9 | Cin=1 | SUM=c6cb18e | Cout=0
Test 233: PASS | A=26086cb | B=f49d6a3 | Cin=1 | SUM=1aa5d6f | Cout=1
Test 234: PASS | A=d1474b0 | B=41e73ab | Cin=0 | SUM=132e85b | Cout=1
Test 235: PASS | A=38c2795 | B=9985c7d | Cin=0 | SUM=d248412 | Cout=0
Test 236: PASS | A=ee4e05e | B=55aecb2 | Cin=0 | SUM=43fcd10 | Cout=1
Test 237: PASS | A=fac8edc | B=c9bb2ac | Cin=1 | SUM=c484189 | Cout=1
Test 238: PASS | A=c6dc55f | B=cd6b409 | Cin=1 | SUM=9447969 | Cout=1
Test 239: PASS | A=75de412 | B=2d97b0b | Cin=0 | SUM=a375f1d | Cout=0
Test 240: PASS | A=429815a | B=8a70c67 | Cin=1 | SUM=cd08dc2 | Cout=0
Test 241: PASS | A=1265506 | B=9abdf2e | Cin=1 | SUM=ad23435 | Cout=0
Test 242: PASS | A=6534654 | B=3080ece | Cin=0 | SUM=95b5522 | Cout=0
Test 243: PASS | A=47fe662 | B=a2eb1bc | Cin=1 | SUM=eae981f | Cout=0
Test 244: PASS | A=4a391e0 | B=84eeb1f | Cin=1 | SUM=cf27d00 | Cout=0
Test 245: PASS | A=59526ee | B=c5501d8 | Cin=1 | SUM=1ea28c7 | Cout=1
Test 246: PASS | A=fa8dfd1 | B=5d955d2 | Cin=0 | SUM=58235a3 | Cout=1
Test 247: PASS | A=b089ab1 | B=b2a8999 | Cin=0 | SUM=633244a | Cout=1
Test 248: PASS | A=8e86fcf | B=2a7038c | Cin=0 | SUM=b8f735b | Cout=0
Test 249: PASS | A=bb85e43 | B=36e1a3a | Cin=0 | SUM=f26787d | Cout=0
Test 250: PASS | A=3732733 | B=52961df | Cin=1 | SUM=89c8913 | Cout=0
Test 251: PASS | A=a20f92c | B=9f59c81 | Cin=1 | SUM=41695ae | Cout=1
Test 252: PASS | A=27546e7 | B=3422106 | Cin=0 | SUM=5b767ed | Cout=0
Test 253: PASS | A=05b7fc6 | B=db17c82 | Cin=1 | SUM=e0cfc49 | Cout=0
Test 254: PASS | A=ebf9e6b | B=37679f0 | Cin=0 | SUM=236185b | Cout=1
Test 255: PASS | A=80c2085 | B=0032e40 | Cin=0 | SUM=80f4ec5 | Cout=0
Test 256: PASS | A=bb7eeca | B=30b3bbc | Cin=0 | SUM=ec32a86 | Cout=0
Test 257: PASS | A=1cea343 | B=2d0690d | Cin=0 | SUM=49f0c50 | Cout=0
Test 258: PASS | A=840b0ee | B=7512d58 | Cin=0 | SUM=f91de46 | Cout=0
Test 259: PASS | A=0af5241 | B=1b7771f | Cin=0 | SUM=266c960 | Cout=0
Test 260: PASS | A=119ba72 | B=2b2f475 | Cin=0 | SUM=3ccaee7 | Cout=0
Test 261: PASS | A=50b45f6 | B=253b9df | Cin=0 | SUM=75effd5 | Cout=0
Test 262: PASS | A=2a586c7 | B=046c6c9 | Cin=0 | SUM=2ec4d90 | Cout=0
Test 263: PASS | A=8b86e1b | B=a96df5d | Cin=0 | SUM=34f4d78 | Cout=1
Test 264: PASS | A=51f9c62 | B=8658d9b | Cin=0 | SUM=d8529fd | Cout=0
Test 265: PASS | A=1fd1417 | B=28ecc6e | Cin=1 | SUM=48be086 | Cout=0
Test 266: PASS | A=9a6d350 | B=f2e6c54 | Cin=1 | SUM=8d53fa5 | Cout=1
Test 267: PASS | A=956d33d | B=28765b3 | Cin=0 | SUM=bde38f0 | Cout=0
Test 268: PASS | A=57a8ea7 | B=327004e | Cin=1 | SUM=8a18ef6 | Cout=0
Test 269: PASS | A=a2815cf | B=cfdbd0f | Cin=1 | SUM=725d2df | Cout=1
Test 270: PASS | A=ef143c9 | B=ae0b654 | Cin=1 | SUM=9d1fa1e | Cout=1
Test 271: PASS | A=6052141 | B=f4e19d5 | Cin=1 | SUM=5533b17 | Cout=1
Test 272: PASS | A=3b52550 | B=eb81ff0 | Cin=0 | SUM=26d4540 | Cout=1
Test 273: PASS | A=6680c0f | B=2167706 | Cin=1 | SUM=87e8316 | Cout=0
Test 274: PASS | A=856e4b1 | B=dd4fd97 | Cin=1 | SUM=62be249 | Cout=1
Test 275: PASS | A=face2bb | B=615c5c0 | Cin=0 | SUM=5c2a87b | Cout=1
Test 276: PASS | A=1b8b3eb | B=1279098 | Cin=1 | SUM=2e04484 | Cout=0
Test 277: PASS | A=1678014 | B=8a46a4e | Cin=0 | SUM=a0bea62 | Cout=0
Test 278: PASS | A=710ae24 | B=437f548 | Cin=0 | SUM=b48a36c | Cout=0
Test 279: PASS | A=3798b4e | B=49be91f | Cin=1 | SUM=815746e | Cout=0
Test 280: PASS | A=693414f | B=76eb6ec | Cin=0 | SUM=e01f83b | Cout=0
Test 281: PASS | A=84c801d | B=a71fe87 | Cin=0 | SUM=2be7ea4 | Cout=1
Test 282: PASS | A=6b0ecaa | B=6b4ca36 | Cin=1 | SUM=d65b6e1 | Cout=0
Test 283: PASS | A=5187bbc | B=f91812c | Cin=0 | SUM=4a9fce8 | Cout=1
Test 284: PASS | A=94bc5a5 | B=63e407a | Cin=0 | SUM=f8a061f | Cout=0
Test 285: PASS | A=4f2c844 | B=0548604 | Cin=1 | SUM=5474e49 | Cout=0
Test 286: PASS | A=91af1f7 | B=1305456 | Cin=1 | SUM=a4b464e | Cout=0
Test 287: PASS | A=1ca0f84 | B=55c874e | Cin=0 | SUM=72696d2 | Cout=0
Test 288: PASS | A=593a4de | B=117e02c | Cin=1 | SUM=6ab850b | Cout=0
Test 289: PASS | A=ee76eb7 | B=10b5cee | Cin=1 | SUM=ff2cba6 | Cout=0
Test 290: PASS | A=6156a2e | B=c7cef65 | Cin=1 | SUM=2925994 | Cout=1
Test 291: PASS | A=46472ae | B=30aabeb | Cin=0 | SUM=76f1e99 | Cout=0
Test 292: PASS | A=f59dd23 | B=d9753a4 | Cin=1 | SUM=cf130c8 | Cout=1
Test 293: PASS | A=3fc0494 | B=5dbf23c | Cin=0 | SUM=9d7f6d0 | Cout=0
Test 294: PASS | A=74a7790 | B=12b4e47 | Cin=1 | SUM=875c5d8 | Cout=0
Test 295: PASS | A=8cbc054 | B=7b3f703 | Cin=1 | SUM=07fb758 | Cout=1
Test 296: PASS | A=bcbf886 | B=db62f54 | Cin=0 | SUM=98227da | Cout=1
Test 297: PASS | A=fe7d7a3 | B=53e1f4b | Cin=1 | SUM=525f6ef | Cout=1
Test 298: PASS | A=602b5f7 | B=6ea47a6 | Cin=1 | SUM=cecfd9e | Cout=0
Test 299: PASS | A=dd15a3a | B=9013d81 | Cin=0 | SUM=6d297bb | Cout=1
Test 300: PASS | A=760e758 | B=0fc9e12 | Cin=0 | SUM=85d856a | Cout=0
Test 301: PASS | A=81c8971 | B=a233ee4 | Cin=1 | SUM=23fc856 | Cout=1
Test 302: PASS | A=87f740f | B=1919e3c | Cin=1 | SUM=a11124c | Cout=0
Test 303: PASS | A=2d63e91 | B=524c94f | Cin=1 | SUM=7fb07e1 | Cout=0
Test 304: PASS | A=8b4050b | B=89f7010 | Cin=0 | SUM=153751b | Cout=1
Test 305: PASS | A=6137d40 | B=405b789 | Cin=1 | SUM=a1934ca | Cout=0
Test 306: PASS | A=4d40bf9 | B=ef45fbd | Cin=0 | SUM=3c86bb6 | Cout=1
Test 307: PASS | A=a00937c | B=6c7d780 | Cin=1 | SUM=0c86afd | Cout=1
Test 308: PASS | A=7d562ca | B=6b1554c | Cin=0 | SUM=e86b816 | Cout=0
Test 309: PASS | A=2be1b5d | B=12aa6f2 | Cin=0 | SUM=3e8c24f | Cout=0
Test 310: PASS | A=ac81844 | B=2895451 | Cin=1 | SUM=d516c96 | Cout=0
Test 311: PASS | A=8342540 | B=1d7a5e6 | Cin=1 | SUM=a0bcb27 | Cout=0
Test 312: PASS | A=c6cc0b7 | B=5e20f58 | Cin=1 | SUM=24ed010 | Cout=1
Test 313: PASS | A=106ab6e | B=79d1ff5 | Cin=0 | SUM=8a3cb63 | Cout=0
Test 314: PASS | A=1500e62 | B=226c098 | Cin=1 | SUM=376cefb | Cout=0
Test 315: PASS | A=b2c7018 | B=b3ffef1 | Cin=0 | SUM=66c6f09 | Cout=1
Test 316: PASS | A=2a5de67 | B=03e709c | Cin=0 | SUM=2e44f03 | Cout=0
Test 317: PASS | A=74f65be | B=2600919 | Cin=0 | SUM=9af6ed7 | Cout=0
Test 318: PASS | A=3f5cc41 | B=186f757 | Cin=1 | SUM=57cc399 | Cout=0
Test 319: PASS | A=46ebbd7 | B=95c8b5f | Cin=0 | SUM=dcb4736 | Cout=0
Test 320: PASS | A=8440016 | B=5f4e945 | Cin=1 | SUM=e38e95c | Cout=0
Test 321: PASS | A=e33ec61 | B=55af3dc | Cin=1 | SUM=38ee03e | Cout=1
Test 322: PASS | A=68b9020 | B=42cba14 | Cin=0 | SUM=ab84a34 | Cout=0
Test 323: PASS | A=4485acb | B=00187a1 | Cin=0 | SUM=449e26c | Cout=0
Test 324: PASS | A=3c6f8ad | B=274a15e | Cin=0 | SUM=63b9a0b | Cout=0
Test 325: PASS | A=105ed62 | B=42ba74b | Cin=1 | SUM=53194ae | Cout=0
Test 326: PASS | A=29a1848 | B=d8be8e8 | Cin=0 | SUM=0260130 | Cout=1
Test 327: PASS | A=1ff6307 | B=5e7de43 | Cin=1 | SUM=7e7414b | Cout=0
Test 328: PASS | A=b568320 | B=5b9a6a6 | Cin=0 | SUM=11029c6 | Cout=1
Test 329: PASS | A=8a550c2 | B=ecb2b35 | Cin=0 | SUM=7707bf7 | Cout=1
Test 330: PASS | A=8a4e299 | B=d640b18 | Cin=0 | SUM=608edb1 | Cout=1
Test 331: PASS | A=0e6b483 | B=43f20d9 | Cin=1 | SUM=525d55d | Cout=0
Test 332: PASS | A=fea4464 | B=ee01c98 | Cin=1 | SUM=eca60fd | Cout=1
Test 333: PASS | A=fa87343 | B=0c20f1c | Cin=1 | SUM=06a8260 | Cout=1
Test 334: PASS | A=910a652 | B=bf1bf6f | Cin=1 | SUM=50265c2 | Cout=1
Test 335: PASS | A=6bafc48 | B=cd75437 | Cin=1 | SUM=3925080 | Cout=1
Test 336: PASS | A=7cfc572 | B=2c01738 | Cin=0 | SUM=a8fdcaa | Cout=0
Test 337: PASS | A=8722f3c | B=3726929 | Cin=0 | SUM=be49865 | Cout=0
Test 338: PASS | A=42c3f67 | B=b1f58a5 | Cin=0 | SUM=f4b980c | Cout=0
Test 339: PASS | A=985efb0 | B=11cc0a6 | Cin=0 | SUM=aa2b056 | Cout=0
Test 340: PASS | A=b86ae06 | B=edc873e | Cin=1 | SUM=a633545 | Cout=1
Test 341: PASS | A=b4f20d9 | B=bea7dd7 | Cin=1 | SUM=7399eb1 | Cout=1
Test 342: PASS | A=8b0cd1c | B=07b9b14 | Cin=1 | SUM=92c6831 | Cout=0
Test 343: PASS | A=33306ee | B=ffd153a | Cin=0 | SUM=3301c28 | Cout=1
Test 344: PASS | A=c12576e | B=e68cbe4 | Cin=0 | SUM=a7b2352 | Cout=1
Test 345: PASS | A=d8c365b | B=2ce0d0b | Cin=1 | SUM=05a4367 | Cout=1
Test 346: PASS | A=0db3828 | B=8593f41 | Cin=1 | SUM=934776a | Cout=0
Test 347: PASS | A=8e732ac | B=bd53516 | Cin=0 | SUM=4bc67c2 | Cout=1
Test 348: PASS | A=4ec497e | B=806464b | Cin=0 | SUM=cf28fc9 | Cout=0
Test 349: PASS | A=76dc92d | B=d3df8d4 | Cin=1 | SUM=4abc202 | Cout=1
Test 350: PASS | A=d964d1b | B=b2a9113 | Cin=1 | SUM=8c0de2f | Cout=1
Test 351: PASS | A=0539cba | B=423039a | Cin=1 | SUM=476a055 | Cout=0
Test 352: PASS | A=ffad45f | B=a8ecf5c | Cin=1 | SUM=a89a3bc | Cout=1
Test 353: PASS | A=1461898 | B=349babf | Cin=1 | SUM=48fd358 | Cout=0
Test 354: PASS | A=38fa41b | B=df227eb | Cin=0 | SUM=181cc06 | Cout=1
Test 355: PASS | A=fb53b86 | B=12a22e0 | Cin=1 | SUM=0df5e67 | Cout=1
Test 356: PASS | A=64939ae | B=dbe64ce | Cin=1 | SUM=4079e7d | Cout=1
Test 357: PASS | A=ab02408 | B=485d353 | Cin=1 | SUM=f35f75c | Cout=0
Test 358: PASS | A=a6c4b8f | B=92c02a6 | Cin=0 | SUM=3984e35 | Cout=1
Test 359: PASS | A=3fa1d8a | B=04d61fd | Cin=1 | SUM=4477f88 | Cout=0
Test 360: PASS | A=27a4e83 | B=ed34982 | Cin=1 | SUM=14d9806 | Cout=1
Test 361: PASS | A=524c390 | B=ea351a8 | Cin=0 | SUM=3c81538 | Cout=1
Test 362: PASS | A=272df93 | B=4bd5424 | Cin=0 | SUM=73033b7 | Cout=0
Test 363: PASS | A=6f1d975 | B=5cb58a3 | Cin=0 | SUM=cbd3218 | Cout=0
Test 364: PASS | A=bc4ca56 | B=637bb6f | Cin=0 | SUM=1fc85c5 | Cout=1
Test 365: PASS | A=d681238 | B=cd5a2a5 | Cin=1 | SUM=a3db4de | Cout=1
Test 366: PASS | A=45a1fa8 | B=0e2d7d6 | Cin=1 | SUM=53cf77f | Cout=0
Test 367: PASS | A=c77bddb | B=4b8ca56 | Cin=0 | SUM=1308831 | Cout=1
Test 368: PASS | A=0a44334 | B=337b0ef | Cin=0 | SUM=3dbf423 | Cout=0
Test 369: PASS | A=052073b | B=152ea7b | Cin=0 | SUM=1a4f1b6 | Cout=0
Test 370: PASS | A=2c5b2b3 | B=6ff95e3 | Cin=0 | SUM=9c54896 | Cout=0
Test 371: PASS | A=1b2bc10 | B=e52bf5f | Cin=1 | SUM=0057b70 | Cout=1
Test 372: PASS | A=4c177cd | B=cebc8c0 | Cin=1 | SUM=1ad408e | Cout=1
Test 373: PASS | A=3e2d4ff | B=62f399b | Cin=0 | SUM=a120e9a | Cout=0
Test 374: PASS | A=ebe5861 | B=9241385 | Cin=1 | SUM=7e26be7 | Cout=1
Test 375: PASS | A=45c9d7a | B=2d4cbf5 | Cin=0 | SUM=731696f | Cout=0
Test 376: PASS | A=9a40a6d | B=b24d497 | Cin=1 | SUM=4c8df05 | Cout=1
Test 377: PASS | A=0a63722 | B=b12d26e | Cin=1 | SUM=bb90991 | Cout=0
Test 378: PASS | A=79e777f | B=fdd1e11 | Cin=0 | SUM=77b9590 | Cout=1
Test 379: PASS | A=cf714f2 | B=3436169 | Cin=1 | SUM=03a765c | Cout=1
Test 380: PASS | A=20b76ee | B=cd66378 | Cin=1 | SUM=ee1da67 | Cout=0
Test 381: PASS | A=863ab8a | B=6ab1af0 | Cin=1 | SUM=f0ec67b | Cout=0
Test 382: PASS | A=58c9984 | B=d83c034 | Cin=0 | SUM=31059b8 | Cout=1
Test 383: PASS | A=02dafa2 | B=758b8a1 | Cin=1 | SUM=7866844 | Cout=0
Test 384: PASS | A=84c8dff | B=2d551cb | Cin=1 | SUM=b21dfcb | Cout=0
Test 385: PASS | A=25ddeff | B=a15e911 | Cin=1 | SUM=c73c811 | Cout=0
Test 386: PASS | A=26b3be4 | B=92cf6d6 | Cin=0 | SUM=b9832ba | Cout=0
Test 387: PASS | A=f7e02b4 | B=921e4e1 | Cin=0 | SUM=89fe795 | Cout=1
Test 388: PASS | A=4659ca3 | B=0c32812 | Cin=1 | SUM=528c4b6 | Cout=0
Test 389: PASS | A=ace7b6d | B=4ac5191 | Cin=0 | SUM=f7accfe | Cout=0
Test 390: PASS | A=a3d9cdc | B=8fcda7e | Cin=0 | SUM=33a775a | Cout=1
Test 391: PASS | A=1a3a84c | B=34aaca5 | Cin=1 | SUM=4ee54f2 | Cout=0
Test 392: PASS | A=4aecfa1 | B=38776da | Cin=0 | SUM=836467b | Cout=0
Test 393: PASS | A=5fb8f72 | B=7ec63ef | Cin=1 | SUM=de7f362 | Cout=0
Test 394: PASS | A=440da58 | B=92d3064 | Cin=0 | SUM=d6e0abc | Cout=0
Test 395: PASS | A=4c32f6d | B=2370f17 | Cin=1 | SUM=6fa3e85 | Cout=0
Test 396: PASS | A=354d705 | B=0189222 | Cin=1 | SUM=36d6928 | Cout=0
Test 397: PASS | A=4fae4b3 | B=6d2fc0d | Cin=0 | SUM=bcde0c0 | Cout=0
Test 398: PASS | A=ba7de0e | B=7d51ddb | Cin=0 | SUM=37cfbe9 | Cout=1
Test 399: PASS | A=5a910d2 | B=9ea7c25 | Cin=1 | SUM=f938cf8 | Cout=0
Test 400: PASS | A=a49ce72 | B=3c0e998 | Cin=0 | SUM=e0ab80a | Cout=0
Test 401: PASS | A=6a1f041 | B=1b85f9e | Cin=0 | SUM=85a4fdf | Cout=0
Test 402: PASS | A=4aa11af | B=96604c7 | Cin=1 | SUM=e101677 | Cout=0
Test 403: PASS | A=ba7ac93 | B=175ee43 | Cin=1 | SUM=d1d9ad7 | Cout=0
Test 404: PASS | A=d2d5803 | B=3d59e7a | Cin=0 | SUM=102f67d | Cout=1
Test 405: PASS | A=bf1c092 | B=495ea74 | Cin=1 | SUM=087ab07 | Cout=1
Test 406: PASS | A=3a91105 | B=0fc3756 | Cin=0 | SUM=4a5485b | Cout=0
Test 407: PASS | A=0466afb | B=0276767 | Cin=1 | SUM=06dd263 | Cout=0
Test 408: PASS | A=9bf89d1 | B=76a4c84 | Cin=1 | SUM=129d656 | Cout=1
Test 409: PASS | A=be0f03a | B=5392349 | Cin=1 | SUM=11a1384 | Cout=1
Test 410: PASS | A=b733cdf | B=e559dbf | Cin=0 | SUM=9c8da9e | Cout=1
Test 411: PASS | A=30b178f | B=59d89ab | Cin=1 | SUM=8a8a13b | Cout=0
Test 412: PASS | A=7c8d30a | B=3a206c9 | Cin=1 | SUM=b6ad9d4 | Cout=0
Test 413: PASS | A=42b9947 | B=bb42f6f | Cin=0 | SUM=fdfc8b6 | Cout=0
Test 414: PASS | A=2a5e8fc | B=ac50c67 | Cin=0 | SUM=d6af563 | Cout=0
Test 415: PASS | A=6d5d82d | B=48f7b7d | Cin=1 | SUM=b6553ab | Cout=0
Test 416: PASS | A=0fbf5b4 | B=38b1c94 | Cin=0 | SUM=4871248 | Cout=0
Test 417: PASS | A=f988049 | B=bafd427 | Cin=0 | SUM=b485470 | Cout=1
Test 418: PASS | A=5882302 | B=e9c7845 | Cin=1 | SUM=4249b48 | Cout=1
Test 419: PASS | A=a3a2c4e | B=8f2a1ae | Cin=1 | SUM=32ccdfd | Cout=1
Test 420: PASS | A=4d53632 | B=97bf515 | Cin=1 | SUM=e512b48 | Cout=0
Test 421: PASS | A=2800adc | B=becc9e9 | Cin=1 | SUM=e6cd4c6 | Cout=0
Test 422: PASS | A=6177491 | B=aff6860 | Cin=1 | SUM=116dcf2 | Cout=1
Test 423: PASS | A=97d3d38 | B=12a7850 | Cin=0 | SUM=aa7b588 | Cout=0
Test 424: PASS | A=e88c20a | B=0202e7b | Cin=0 | SUM=ea8f085 | Cout=0
Test 425: PASS | A=b830f43 | B=68974a8 | Cin=1 | SUM=20c83ec | Cout=1
Test 426: PASS | A=9006d1e | B=f7b659b | Cin=1 | SUM=87bd2ba | Cout=1
Test 427: PASS | A=1e93b30 | B=d1ad80c | Cin=0 | SUM=f04133c | Cout=0
Test 428: PASS | A=be7e16f | B=0ab4a3a | Cin=0 | SUM=c932ba9 | Cout=0
Test 429: PASS | A=b78edec | B=25b2c12 | Cin=1 | SUM=dd419ff | Cout=0
Test 430: PASS | A=092c182 | B=4c0fbfc | Cin=0 | SUM=553bd7e | Cout=0
Test 431: PASS | A=ea8b62d | B=7ecff84 | Cin=1 | SUM=695b5b2 | Cout=1
Test 432: PASS | A=209535c | B=3196c8c | Cin=0 | SUM=522bfe8 | Cout=0
Test 433: PASS | A=468d137 | B=28ceb78 | Cin=1 | SUM=6f5bcb0 | Cout=0
Test 434: PASS | A=66003f7 | B=3c6993e | Cin=0 | SUM=a269d35 | Cout=0
Test 435: PASS | A=38e7c2c | B=96eb79c | Cin=0 | SUM=cfd33c8 | Cout=0
Test 436: PASS | A=17cd1df | B=3bd911c | Cin=0 | SUM=53a62fb | Cout=0
Test 437: PASS | A=2150f5d | B=d887c60 | Cin=0 | SUM=f9d8bbd | Cout=0
Test 438: PASS | A=a045d12 | B=3145ee3 | Cin=1 | SUM=d18bbf6 | Cout=0
Test 439: PASS | A=7e88b22 | B=e3450fa | Cin=1 | SUM=61cdc1d | Cout=1
Test 440: PASS | A=15c3657 | B=6f0a27d | Cin=0 | SUM=84cd8d4 | Cout=0
Test 441: PASS | A=024691d | B=3deff20 | Cin=0 | SUM=403683d | Cout=0
Test 442: PASS | A=100895d | B=04963db | Cin=1 | SUM=149ed39 | Cout=0
Test 443: PASS | A=dd5d214 | B=b65b5ed | Cin=1 | SUM=93b8802 | Cout=1
Test 444: PASS | A=8e0375b | B=f0060e2 | Cin=1 | SUM=7e0983e | Cout=1
Test 445: PASS | A=40da662 | B=f74fc02 | Cin=1 | SUM=382a265 | Cout=1
Test 446: PASS | A=1c27088 | B=ee47714 | Cin=1 | SUM=0a6e79d | Cout=1
Test 447: PASS | A=cc1cfa5 | B=9ddbe82 | Cin=1 | SUM=69f8e28 | Cout=1
Test 448: PASS | A=7b5878f | B=d348cc5 | Cin=1 | SUM=4ea1455 | Cout=1
Test 449: PASS | A=a0aad48 | B=513d960 | Cin=1 | SUM=f1e86a9 | Cout=0
Test 450: PASS | A=8a0d12a | B=8d9f85a | Cin=1 | SUM=17ac985 | Cout=1
Test 451: PASS | A=02e4f4a | B=70d8197 | Cin=1 | SUM=73bd0e2 | Cout=0
Test 452: PASS | A=f11b8db | B=eaa70f6 | Cin=1 | SUM=dbc29d2 | Cout=1
Test 453: PASS | A=3172b54 | B=bed52e7 | Cin=1 | SUM=f047e3c | Cout=0
Test 454: PASS | A=e97d0b8 | B=9194e19 | Cin=1 | SUM=7b11ed2 | Cout=1
Test 455: PASS | A=a37026a | B=dae4076 | Cin=0 | SUM=7e542e0 | Cout=1
Test 456: PASS | A=0c17fdd | B=1d72cce | Cin=0 | SUM=298acab | Cout=0
Test 457: PASS | A=dcb080e | B=8933bc6 | Cin=0 | SUM=65e43d4 | Cout=1
Test 458: PASS | A=32594ae | B=7625e38 | Cin=1 | SUM=a87f2e7 | Cout=0
Test 459: PASS | A=695520b | B=9a724d7 | Cin=1 | SUM=03c76e3 | Cout=1
Test 460: PASS | A=cbb0138 | B=cfa63d5 | Cin=1 | SUM=9b5650e | Cout=1
Test 461: PASS | A=d702f56 | B=633ac72 | Cin=0 | SUM=3a3dbc8 | Cout=1
Test 462: PASS | A=7aa5950 | B=958ece9 | Cin=1 | SUM=103463a | Cout=1
Test 463: PASS | A=b94894d | B=45ae9f0 | Cin=0 | SUM=fef733d | Cout=0
Test 464: PASS | A=278c4fa | B=7105419 | Cin=0 | SUM=9891913 | Cout=0
Test 465: PASS | A=40ba496 | B=b523f32 | Cin=0 | SUM=f5de3c8 | Cout=0
Test 466: PASS | A=a6da9fa | B=d265768 | Cin=0 | SUM=7940162 | Cout=1
Test 467: PASS | A=27fec24 | B=af84660 | Cin=1 | SUM=d783285 | Cout=0
Test 468: PASS | A=48fd7f2 | B=fa3b58c | Cin=0 | SUM=4338d7e | Cout=1
Test 469: PASS | A=36048d6 | B=61010df | Cin=0 | SUM=97059b5 | Cout=0
Test 470: PASS | A=e9d46a9 | B=479d385 | Cin=0 | SUM=3171a2e | Cout=1
Test 471: PASS | A=6f52a55 | B=56e51e7 | Cin=1 | SUM=c637c3d | Cout=0
Test 472: PASS | A=4f7ebe7 | B=5c1b060 | Cin=1 | SUM=ab99c48 | Cout=0
Test 473: PASS | A=d15ace9 | B=a37c6bd | Cin=1 | SUM=74d73a7 | Cout=1
Test 474: PASS | A=0dafa58 | B=f74cef2 | Cin=1 | SUM=04fc94b | Cout=1
Test 475: PASS | A=dfc0ef9 | B=b042c3d | Cin=1 | SUM=9003b37 | Cout=1
Test 476: PASS | A=ee12960 | B=967b05e | Cin=1 | SUM=848d9bf | Cout=1
Test 477: PASS | A=fa9fb31 | B=99717a4 | Cin=1 | SUM=94112d6 | Cout=1
Test 478: PASS | A=8877f39 | B=da2d7f4 | Cin=1 | SUM=62a572e | Cout=1
Test 479: PASS | A=56adc41 | B=2a2f389 | Cin=1 | SUM=80dcfcb | Cout=0
Test 480: PASS | A=d8cf5f4 | B=8c74df0 | Cin=1 | SUM=65443e5 | Cout=1
Test 481: PASS | A=05b147a | B=fd5ae9e | Cin=1 | SUM=030c319 | Cout=1
Test 482: PASS | A=ce91c13 | B=be7ffb9 | Cin=1 | SUM=8d11bcd | Cout=1
Test 483: PASS | A=dd242d3 | B=5245187 | Cin=0 | SUM=2f6945a | Cout=1
Test 484: PASS | A=bfd17fa | B=2e2e468 | Cin=0 | SUM=edffc62 | Cout=0
Test 485: PASS | A=e683793 | B=6300146 | Cin=1 | SUM=49838da | Cout=1
Test 486: PASS | A=15b57e9 | B=6474246 | Cin=1 | SUM=7a29a30 | Cout=0
Test 487: PASS | A=113de93 | B=c139f13 | Cin=0 | SUM=d277da6 | Cout=0
Test 488: PASS | A=0d6fddf | B=380817d | Cin=1 | SUM=4577f5d | Cout=0
Test 489: PASS | A=f370ecd | B=ae6ed25 | Cin=1 | SUM=a1dfbf3 | Cout=1
Test 490: PASS | A=1b64ffe | B=1acbe6c | Cin=1 | SUM=3630e6b | Cout=0
Test 491: PASS | A=a16a2f7 | B=a0c34a4 | Cin=1 | SUM=422d79c | Cout=1
Test 492: PASS | A=54965a5 | B=73fc070 | Cin=1 | SUM=c892616 | Cout=0
Test 493: PASS | A=42320ff | B=58cbf9b | Cin=0 | SUM=9afe09a | Cout=0
Test 494: PASS | A=3e0eb98 | B=2822196 | Cin=0 | SUM=6630d2e | Cout=0
Test 495: PASS | A=20ceb53 | B=90339d8 | Cin=1 | SUM=b10252c | Cout=0
Test 496: PASS | A=b7f5b18 | B=30afa23 | Cin=0 | SUM=e8a553b | Cout=0
Test 497: PASS | A=62c041a | B=2a304bc | Cin=1 | SUM=8cf08d7 | Cout=0
Test 498: PASS | A=97f9b86 | B=888c85a | Cin=1 | SUM=20863e1 | Cout=1
Test 499: PASS | A=5e352e2 | B=46a3e28 | Cin=0 | SUM=a4d910a | Cout=0
============================================
Total Tests : 500
PASS         : 500
FAIL         : 0
============================================
✅ ALL TESTS PASSED!
- SUM_unit/tb_SUM_unit.sv:82: Verilog $finish
- S i m u l a t i o n   R e p o r t: Verilator 5.024 2024-04-05
- Verilator: $finish at 500ns; walltime 0.005 s; speed 0.000 s/s
- Verilator: cpu 0.000 s on 1 threads; alloced 57 MB
