# vsim -lib ./../SubModule/KSA/KSA_8bit/QuestaSim/work -debugDB -l ./../SubModule/KSA/KSA_8bit/QuestaSim/tb_KSA_8bit.log -voptargs="+acc" -assertdebug -c tb_KSA_8bit -wlf ./../SubModule/KSA/KSA_8bit/QuestaSim/tb_KSA_8bit.wlf -do "cd ./../SubModule/KSA/KSA_8bit/QuestaSim; log -r /*; run -all;" 
# Start time: 22:28:43 on Nov 07,2025
# ** Note: (vsim-3813) Design is being optimized due to module recompilation...
# ** Note: (vsim-8611) Generating debug db.
# ** Warning: (vopt-10908) Some optimizations are turned off because the +acc switch is in effect.
# ** Note: (vsim-12126) Error and warning message counts have been restored: Errors=0, Warnings=1.
# //  Questa Intel Starter FPGA Edition-64
# //  Version 2024.3 linux_x86_64 Sep 10 2024
# //
# // Unpublished work. Copyright 2024 Siemens
# //
# // This material contains trade secrets or otherwise confidential information
# // owned by Siemens Industry Software Inc. or its affiliates (collectively,
# // "SISW"), or its licensors. Access to and use of this information is strictly
# // limited as set forth in the Customer's applicable agreements with SISW.
# //
# // This material may not be copied, distributed, or otherwise disclosed outside
# // of the Customer's facilities without the express written permission of SISW,
# // and may not be used in any way not expressly authorized by SISW.
# //
# Loading sv_std.std
# Loading work.tb_KSA_8bit(fast)
# Loading work.KSA_8bit(fast)
# Loading work.KSA_WhiteCell(fast)
# Loading work.KSA_BlackCell(fast)
# Loading work.KSA_GrayCell(fast)
# ** Note: (vsim-8900) Creating design debug database ./../SubModule/KSA/KSA_8bit/QuestaSim/tb_KSA_8bit.dbg.
# cd ./../SubModule/KSA/KSA_8bit/QuestaSim
# Cannot change directory while a simulation is in progress.
# Use the "quit -sim" command to unload the design first.
#  log -r /*
#  run -all
# 
# === START KSA 4-bit TEST ===
# 
# [Direcly] a=00000000 (0), b=00000000 (0), cin=1  =>  sum=00000001 (1), o_cout=0
# => PASS: expect=00001, dut={o_g,sum}=00001
# [Direcly] a=11111111 (255), b=00000000 (0), cin=1  =>  sum=11111100 (252), o_cout=0
# => FAIL: expect=100000000, dut={o_g,sum}=11111100
# [Direcly] a=11111111 (255), b=11111111 (255), cin=1  =>  sum=11111111 (255), o_cout=1
# => PASS: expect=111111111, dut={o_g,sum}=111111111
# [Random] a=00000100 (4), b=00000110 (6), cin=0  =>  sum=00001010 (10), o_cout=0
# => PASS: expect=01010, dut={o_g,sum}=01010
# [Random] a=00011110 (30), b=00010001 (17), cin=1  =>  sum=00101100 (44), o_cout=0
# => FAIL: expect=110000, dut={o_g,sum}=101100
# [Random] a=00010001 (17), b=00011001 (25), cin=0  =>  sum=00101010 (42), o_cout=0
# => PASS: expect=101010, dut={o_g,sum}=101010
# [Random] a=00001011 (11), b=00000000 (0), cin=1  =>  sum=00001000 (8), o_cout=0
# => FAIL: expect=01100, dut={o_g,sum}=01000
# [Random] a=00011010 (26), b=00010111 (23), cin=0  =>  sum=00110001 (49), o_cout=0
# => PASS: expect=110001, dut={o_g,sum}=110001
# [Random] a=00011000 (24), b=00011001 (25), cin=1  =>  sum=00110010 (50), o_cout=0
# => PASS: expect=110010, dut={o_g,sum}=110010
# [Random] a=00010101 (21), b=00001011 (11), cin=1  =>  sum=00100001 (33), o_cout=0
# => PASS: expect=100001, dut={o_g,sum}=100001
# [Random] a=00001001 (9), b=00001010 (10), cin=1  =>  sum=00010000 (16), o_cout=0
# => FAIL: expect=10100, dut={o_g,sum}=10000
# [Random] a=00001111 (15), b=00010111 (23), cin=0  =>  sum=00100110 (38), o_cout=0
# => PASS: expect=100110, dut={o_g,sum}=100110
# [Random] a=00010010 (18), b=00011100 (28), cin=1  =>  sum=00101111 (47), o_cout=0
# => PASS: expect=101111, dut={o_g,sum}=101111
# [Random] a=00001110 (14), b=00010110 (22), cin=0  =>  sum=00100100 (36), o_cout=0
# => PASS: expect=100100, dut={o_g,sum}=100100
# [Random] a=00011100 (28), b=00010111 (23), cin=0  =>  sum=00110011 (51), o_cout=0
# => PASS: expect=110011, dut={o_g,sum}=110011
# [Random] a=00011000 (24), b=00001000 (8), cin=1  =>  sum=00100001 (33), o_cout=0
# => PASS: expect=100001, dut={o_g,sum}=100001
# [Random] a=00000001 (1), b=00011001 (25), cin=1  =>  sum=00011011 (27), o_cout=0
# => PASS: expect=11011, dut={o_g,sum}=11011
# [Random] a=00001010 (10), b=00011011 (27), cin=1  =>  sum=00100110 (38), o_cout=0
# => PASS: expect=100110, dut={o_g,sum}=100110
# [Random] a=00000111 (7), b=00011101 (29), cin=0  =>  sum=00100100 (36), o_cout=0
# => PASS: expect=100100, dut={o_g,sum}=100100
# [Random] a=00000110 (6), b=00011100 (28), cin=1  =>  sum=00100011 (35), o_cout=0
# => PASS: expect=100011, dut={o_g,sum}=100011
# [Random] a=00011101 (29), b=00000110 (6), cin=1  =>  sum=00100000 (32), o_cout=0
# => FAIL: expect=100100, dut={o_g,sum}=100000
# [Random] a=00001000 (8), b=00000000 (0), cin=0  =>  sum=00001000 (8), o_cout=0
# => PASS: expect=01000, dut={o_g,sum}=01000
# [Random] a=00001001 (9), b=00001001 (9), cin=0  =>  sum=00010010 (18), o_cout=0
# => PASS: expect=10010, dut={o_g,sum}=10010
# [Random] a=00001100 (12), b=00011111 (31), cin=1  =>  sum=00101000 (40), o_cout=0
# => FAIL: expect=101100, dut={o_g,sum}=101000
# [Random] a=00011110 (30), b=00010101 (21), cin=1  =>  sum=00110000 (48), o_cout=0
# => FAIL: expect=110100, dut={o_g,sum}=110000
# [Random] a=00011111 (31), b=00000100 (4), cin=0  =>  sum=00100011 (35), o_cout=0
# => PASS: expect=100011, dut={o_g,sum}=100011
# [Random] a=00001000 (8), b=00001111 (15), cin=0  =>  sum=00010111 (23), o_cout=0
# => PASS: expect=10111, dut={o_g,sum}=10111
# [Random] a=00010001 (17), b=00010100 (20), cin=0  =>  sum=00100101 (37), o_cout=0
# => PASS: expect=100101, dut={o_g,sum}=100101
# [Random] a=00010111 (23), b=00010111 (23), cin=1  =>  sum=00101111 (47), o_cout=0
# => PASS: expect=101111, dut={o_g,sum}=101111
# [Random] a=00010010 (18), b=00011101 (29), cin=0  =>  sum=00101111 (47), o_cout=0
# => PASS: expect=101111, dut={o_g,sum}=101111
# [Random] a=00000001 (1), b=00000101 (5), cin=1  =>  sum=00000111 (7), o_cout=0
# => PASS: expect=00111, dut={o_g,sum}=00111
# [Random] a=00001001 (9), b=00001010 (10), cin=0  =>  sum=00010011 (19), o_cout=0
# => PASS: expect=10011, dut={o_g,sum}=10011
# [Random] a=00011011 (27), b=00011110 (30), cin=1  =>  sum=00111010 (58), o_cout=0
# => PASS: expect=111010, dut={o_g,sum}=111010
# [Random] a=00000001 (1), b=00010110 (22), cin=0  =>  sum=00010111 (23), o_cout=0
# => PASS: expect=10111, dut={o_g,sum}=10111
# [Random] a=00001001 (9), b=00011111 (31), cin=0  =>  sum=00101000 (40), o_cout=0
# => PASS: expect=101000, dut={o_g,sum}=101000
# [Random] a=00011100 (28), b=00000000 (0), cin=1  =>  sum=00011101 (29), o_cout=0
# => PASS: expect=11101, dut={o_g,sum}=11101
# [Random] a=00010011 (19), b=00000110 (6), cin=0  =>  sum=00011001 (25), o_cout=0
# => PASS: expect=11001, dut={o_g,sum}=11001
# [Random] a=00010000 (16), b=00011000 (24), cin=0  =>  sum=00101000 (40), o_cout=0
# => PASS: expect=101000, dut={o_g,sum}=101000
# [Random] a=00010101 (21), b=00001001 (9), cin=0  =>  sum=00011110 (30), o_cout=0
# => PASS: expect=11110, dut={o_g,sum}=11110
# [Random] a=00011001 (25), b=00011100 (28), cin=1  =>  sum=00110110 (54), o_cout=0
# => PASS: expect=110110, dut={o_g,sum}=110110
# [Random] a=00000111 (7), b=00011101 (29), cin=0  =>  sum=00100100 (36), o_cout=0
# => PASS: expect=100100, dut={o_g,sum}=100100
# [Random] a=00010010 (18), b=00000011 (3), cin=0  =>  sum=00010101 (21), o_cout=0
# => PASS: expect=10101, dut={o_g,sum}=10101
# [Random] a=00000101 (5), b=00010010 (18), cin=1  =>  sum=00010100 (20), o_cout=0
# => FAIL: expect=11000, dut={o_g,sum}=10100
# [Random] a=00001000 (8), b=00011110 (30), cin=1  =>  sum=00100111 (39), o_cout=0
# => PASS: expect=100111, dut={o_g,sum}=100111
# [Random] a=00000000 (0), b=00010110 (22), cin=1  =>  sum=00010111 (23), o_cout=0
# => PASS: expect=10111, dut={o_g,sum}=10111
# [Random] a=00011100 (28), b=00010000 (16), cin=0  =>  sum=00101100 (44), o_cout=0
# => PASS: expect=101100, dut={o_g,sum}=101100
# [Random] a=00001001 (9), b=00000101 (5), cin=1  =>  sum=00001111 (15), o_cout=0
# => PASS: expect=01111, dut={o_g,sum}=01111
# [Random] a=00000101 (5), b=00001111 (15), cin=1  =>  sum=00010101 (21), o_cout=0
# => PASS: expect=10101, dut={o_g,sum}=10101
# [Random] a=00010011 (19), b=00001110 (14), cin=0  =>  sum=00100001 (33), o_cout=0
# => PASS: expect=100001, dut={o_g,sum}=100001
# [Random] a=00000101 (5), b=00000000 (0), cin=1  =>  sum=00000110 (6), o_cout=0
# => PASS: expect=00110, dut={o_g,sum}=00110
# [Random] a=00010111 (23), b=00010011 (19), cin=0  =>  sum=00101010 (42), o_cout=0
# => PASS: expect=101010, dut={o_g,sum}=101010
# [Random] a=00001111 (15), b=00011100 (28), cin=1  =>  sum=00101000 (40), o_cout=0
# => FAIL: expect=101100, dut={o_g,sum}=101000
# [Random] a=00011011 (27), b=00010101 (21), cin=0  =>  sum=00110000 (48), o_cout=0
# => PASS: expect=110000, dut={o_g,sum}=110000
# [Random] a=00011100 (28), b=00011000 (24), cin=1  =>  sum=00110101 (53), o_cout=0
# => PASS: expect=110101, dut={o_g,sum}=110101
# [Random] a=00011010 (26), b=00011100 (28), cin=0  =>  sum=00110110 (54), o_cout=0
# => PASS: expect=110110, dut={o_g,sum}=110110
# [Random] a=00011101 (29), b=00001000 (8), cin=1  =>  sum=00100110 (38), o_cout=0
# => PASS: expect=100110, dut={o_g,sum}=100110
# [Random] a=00001001 (9), b=00000110 (6), cin=1  =>  sum=00001100 (12), o_cout=0
# => FAIL: expect=10000, dut={o_g,sum}=01100
# [Random] a=00010111 (23), b=00011101 (29), cin=0  =>  sum=00110100 (52), o_cout=0
# => PASS: expect=110100, dut={o_g,sum}=110100
# [Random] a=00000010 (2), b=00011101 (29), cin=0  =>  sum=00011111 (31), o_cout=0
# => PASS: expect=11111, dut={o_g,sum}=11111
# [Random] a=00000001 (1), b=00001011 (11), cin=0  =>  sum=00001100 (12), o_cout=0
# => PASS: expect=01100, dut={o_g,sum}=01100
# [Random] a=00001000 (8), b=00011111 (31), cin=1  =>  sum=00100100 (36), o_cout=0
# => FAIL: expect=101000, dut={o_g,sum}=100100
# [Random] a=00000110 (6), b=00001111 (15), cin=0  =>  sum=00010101 (21), o_cout=0
# => PASS: expect=10101, dut={o_g,sum}=10101
# [Random] a=00011000 (24), b=00011110 (30), cin=0  =>  sum=00110110 (54), o_cout=0
# => PASS: expect=110110, dut={o_g,sum}=110110
# [Random] a=00001000 (8), b=00011110 (30), cin=1  =>  sum=00100111 (39), o_cout=0
# => PASS: expect=100111, dut={o_g,sum}=100111
# [Random] a=00010110 (22), b=00010000 (16), cin=1  =>  sum=00100111 (39), o_cout=0
# => PASS: expect=100111, dut={o_g,sum}=100111
# [Random] a=00000010 (2), b=00000101 (5), cin=1  =>  sum=00000100 (4), o_cout=0
# => FAIL: expect=01000, dut={o_g,sum}=00100
# [Random] a=00010000 (16), b=00000111 (7), cin=0  =>  sum=00010111 (23), o_cout=0
# => PASS: expect=10111, dut={o_g,sum}=10111
# [Random] a=00011100 (28), b=00000010 (2), cin=1  =>  sum=00011111 (31), o_cout=0
# => PASS: expect=11111, dut={o_g,sum}=11111
# [Random] a=00001100 (12), b=00010010 (18), cin=0  =>  sum=00011110 (30), o_cout=0
# => PASS: expect=11110, dut={o_g,sum}=11110
# [Random] a=00011011 (27), b=00010110 (22), cin=0  =>  sum=00110001 (49), o_cout=0
# => PASS: expect=110001, dut={o_g,sum}=110001
# [Random] a=00010000 (16), b=00000000 (0), cin=0  =>  sum=00010000 (16), o_cout=0
# => PASS: expect=10000, dut={o_g,sum}=10000
# [Random] a=00010011 (19), b=00000000 (0), cin=1  =>  sum=00010000 (16), o_cout=0
# => FAIL: expect=10100, dut={o_g,sum}=10000
# [Random] a=00000001 (1), b=00000110 (6), cin=0  =>  sum=00000111 (7), o_cout=0
# => PASS: expect=00111, dut={o_g,sum}=00111
# [Random] a=00011001 (25), b=00000111 (7), cin=1  =>  sum=00100001 (33), o_cout=0
# => PASS: expect=100001, dut={o_g,sum}=100001
# [Random] a=00010101 (21), b=00001100 (12), cin=1  =>  sum=00100010 (34), o_cout=0
# => PASS: expect=100010, dut={o_g,sum}=100010
# [Random] a=00011011 (27), b=00011000 (24), cin=0  =>  sum=00110011 (51), o_cout=0
# => PASS: expect=110011, dut={o_g,sum}=110011
# [Random] a=00010001 (17), b=00001101 (13), cin=0  =>  sum=00011110 (30), o_cout=0
# => PASS: expect=11110, dut={o_g,sum}=11110
# [Random] a=00010010 (18), b=00001010 (10), cin=0  =>  sum=00011100 (28), o_cout=0
# => PASS: expect=11100, dut={o_g,sum}=11100
# [Random] a=00000001 (1), b=00001010 (10), cin=0  =>  sum=00001011 (11), o_cout=0
# => PASS: expect=01011, dut={o_g,sum}=01011
# [Random] a=00001111 (15), b=00011011 (27), cin=1  =>  sum=00101011 (43), o_cout=0
# => PASS: expect=101011, dut={o_g,sum}=101011
# [Random] a=00010100 (20), b=00001101 (13), cin=1  =>  sum=00100010 (34), o_cout=0
# => PASS: expect=100010, dut={o_g,sum}=100010
# [Random] a=00010110 (22), b=00010101 (21), cin=1  =>  sum=00101000 (40), o_cout=0
# => FAIL: expect=101100, dut={o_g,sum}=101000
# [Random] a=00001001 (9), b=00000100 (4), cin=1  =>  sum=00001110 (14), o_cout=0
# => PASS: expect=01110, dut={o_g,sum}=01110
# [Random] a=00000010 (2), b=00000001 (1), cin=0  =>  sum=00000011 (3), o_cout=0
# => PASS: expect=00011, dut={o_g,sum}=00011
# [Random] a=00011010 (26), b=00001011 (11), cin=1  =>  sum=00100110 (38), o_cout=0
# => PASS: expect=100110, dut={o_g,sum}=100110
# [Random] a=00011010 (26), b=00000001 (1), cin=0  =>  sum=00011011 (27), o_cout=0
# => PASS: expect=11011, dut={o_g,sum}=11011
# [Random] a=00011010 (26), b=00011110 (30), cin=0  =>  sum=00111000 (56), o_cout=0
# => PASS: expect=111000, dut={o_g,sum}=111000
# [Random] a=00001110 (14), b=00000001 (1), cin=0  =>  sum=00001111 (15), o_cout=0
# => PASS: expect=01111, dut={o_g,sum}=01111
# [Random] a=00010100 (20), b=00010001 (17), cin=0  =>  sum=00100101 (37), o_cout=0
# => PASS: expect=100101, dut={o_g,sum}=100101
# [Random] a=00010110 (22), b=00010111 (23), cin=0  =>  sum=00101101 (45), o_cout=0
# => PASS: expect=101101, dut={o_g,sum}=101101
# [Random] a=00011101 (29), b=00010001 (17), cin=0  =>  sum=00101110 (46), o_cout=0
# => PASS: expect=101110, dut={o_g,sum}=101110
# [Random] a=00011100 (28), b=00011101 (29), cin=1  =>  sum=00111010 (58), o_cout=0
# => PASS: expect=111010, dut={o_g,sum}=111010
# [Random] a=00000000 (0), b=00010101 (21), cin=1  =>  sum=00010110 (22), o_cout=0
# => PASS: expect=10110, dut={o_g,sum}=10110
# [Random] a=00000000 (0), b=00010101 (21), cin=1  =>  sum=00010110 (22), o_cout=0
# => PASS: expect=10110, dut={o_g,sum}=10110
# [Random] a=00010010 (18), b=00010000 (16), cin=0  =>  sum=00100010 (34), o_cout=0
# => PASS: expect=100010, dut={o_g,sum}=100010
# [Random] a=00001001 (9), b=00011110 (30), cin=0  =>  sum=00100111 (39), o_cout=0
# => PASS: expect=100111, dut={o_g,sum}=100111
# [Random] a=00001110 (14), b=00010001 (17), cin=1  =>  sum=00011100 (28), o_cout=0
# => FAIL: expect=100000, dut={o_g,sum}=11100
# [Random] a=00000100 (4), b=00000111 (7), cin=0  =>  sum=00001011 (11), o_cout=0
# => PASS: expect=01011, dut={o_g,sum}=01011
# [Random] a=00001100 (12), b=00001110 (14), cin=1  =>  sum=00011011 (27), o_cout=0
# => PASS: expect=11011, dut={o_g,sum}=11011
# [Random] a=00001101 (13), b=00001111 (15), cin=0  =>  sum=00011100 (28), o_cout=0
# => PASS: expect=11100, dut={o_g,sum}=11100
# [Random] a=00010001 (17), b=00000010 (2), cin=1  =>  sum=00010000 (16), o_cout=0
# => FAIL: expect=10100, dut={o_g,sum}=10000
# [Random] a=00000100 (4), b=00000110 (6), cin=0  =>  sum=00001010 (10), o_cout=0
# => PASS: expect=01010, dut={o_g,sum}=01010
# [Random] a=00000001 (1), b=00001000 (8), cin=0  =>  sum=00001001 (9), o_cout=0
# => PASS: expect=01001, dut={o_g,sum}=01001
# 
# ==================================
# ========== TEST SUMMARY ==========
# Total test cases:    103
# Passed          :     87
# Failed          :     16
# Pass rate       : 84.47%
# ==================================
# 
# ** Note: $finish    : /home/noname/Documents/project_tiny/Floating_point/Verision2/03_verif/SubModule/KSA/KSA_8bit/tb_KSA_8bit.sv(133)
#    Time: 1116 ns  Iteration: 0  Instance: /tb_KSA_8bit
# End time: 22:28:44 on Nov 07,2025, Elapsed time: 0:00:01
# Errors: 0, Warnings: 1
