i_addr =          0 | i_data = 00000000000000000000000000000000 | o_addr =          0 | o_one_position =  0 | o_zero_flag = 0 |
i_addr =          0 | i_data = 00000000000000000000000000000000 | o_addr =          0 | o_one_position =  0 | o_zero_flag = 0 |
i_addr =          0 | i_data = 00000000000000000000000000000000 | o_addr =          0 | o_one_position =  0 | o_zero_flag = 0 |
i_addr =          0 | i_data = 00000000000000000000000000000000 | o_addr =          0 | o_one_position =  0 | o_zero_flag = 0 |
i_addr =          0 | i_data = 00000000000000000000000000000000 | o_addr =          0 | o_one_position =  0 | o_zero_flag = 0 |
i_addr =          0 | i_data = 00000000000000000000000000000000 | o_addr =          0 | o_one_position =  0 | o_zero_flag = 0 |
i_addr =          0 | i_data = 00000000000000000000000000000000 | o_addr =          0 | o_one_position =  0 | o_zero_flag = 0 |
i_addr =          0 | i_data = 00000000000000000000000000000000 | o_addr =          0 | o_one_position =  0 | o_zero_flag = 0 |
i_addr =          0 | i_data = 00000000000000000000000000000000 | o_addr =          0 | o_one_position =  0 | o_zero_flag = 0 |
i_addr =          0 | i_data = 00000000000000000000000000000000 | o_addr =          0 | o_one_position =  0 | o_zero_flag = 0 |
i_addr =          0 | i_data = 00000000000000000000000000000000 | o_addr =          0 | o_one_position =  0 | o_zero_flag = 0 |
i_addr =          0 | i_data = 00000000000000000000000000000000 | o_addr =          0 | o_one_position =  0 | o_zero_flag = 0 |
i_addr =          0 | i_data = 00000000000000000000000000000000 | o_addr =          0 | o_one_position =  0 | o_zero_flag = 0 |
i_addr =          0 | i_data = 00000000000000000000000000000000 | o_addr =          0 | o_one_position =  0 | o_zero_flag = 0 |
i_addr =          0 | i_data = 00000000000000000000000000000000 | o_addr =          0 | o_one_position =  0 | o_zero_flag = 0 |
i_addr =          0 | i_data = 00000000000000000000000000000000 | o_addr =          0 | o_one_position =  0 | o_zero_flag = 0 |
i_addr =          0 | i_data = 00000000000000000000000000000000 | o_addr =          0 | o_one_position =  0 | o_zero_flag = 0 |
i_addr =          0 | i_data = 00000000000000000000000000000000 | o_addr =          0 | o_one_position =  0 | o_zero_flag = 0 |
i_addr =          0 | i_data = 00000000000000000000000000000000 | o_addr =          0 | o_one_position =  0 | o_zero_flag = 0 |
i_addr =          0 | i_data = 00000000000000000000000000000000 | o_addr =          0 | o_one_position =  0 | o_zero_flag = 0 |
i_addr =          0 | i_data = 00000000000000000000000000000000 | o_addr =          0 | o_one_position =  0 | o_zero_flag = 0 |
i_addr =          0 | i_data = 00000000000000000000000000000000 | o_addr =          0 | o_one_position =  0 | o_zero_flag = 0 |
i_addr =          0 | i_data = 00000000000000000000000000000000 | o_addr =          0 | o_one_position =  0 | o_zero_flag = 0 |
i_addr =          0 | i_data = 00000000000000000000000000000000 | o_addr =          0 | o_one_position =  0 | o_zero_flag = 0 |
i_addr =          0 | i_data = 00000000000000000000000000000000 | o_addr =          0 | o_one_position =  0 | o_zero_flag = 0 |
i_addr =          0 | i_data = 00000000000000000000000000000000 | o_addr =          0 | o_one_position =  0 | o_zero_flag = 0 |
i_addr =          0 | i_data = 00000000000000000000000000000000 | o_addr =          0 | o_one_position =  0 | o_zero_flag = 0 |
i_addr =          0 | i_data = 00000000000000000000000000000000 | o_addr =          0 | o_one_position =  0 | o_zero_flag = 0 |
i_addr =          0 | i_data = 00000000000000000000000000000000 | o_addr =          0 | o_one_position =  0 | o_zero_flag = 0 |
i_addr =          0 | i_data = 00000000000000000000000000000000 | o_addr =          0 | o_one_position =  0 | o_zero_flag = 0 |
i_addr =          0 | i_data = 00000000000000000000000000000000 | o_addr =          0 | o_one_position =  0 | o_zero_flag = 0 |
i_addr =          0 | i_data = 00000000000000000000000000000000 | o_addr =          0 | o_one_position =  0 | o_zero_flag = 0 |
i_addr =          0 | i_data = 00000000000000000000000000000000 | o_addr =          0 | o_one_position =  0 | o_zero_flag = 0 |
i_addr =          0 | i_data = 00000000000000000000000000000000 | o_addr =          0 | o_one_position =  0 | o_zero_flag = 0 |
i_addr =          0 | i_data = 00000000000000000000000000000000 | o_addr =          0 | o_one_position =  0 | o_zero_flag = 0 |
i_addr =          0 | i_data = 00000000000000000000000000000000 | o_addr =          0 | o_one_position =  0 | o_zero_flag = 0 |
i_addr =          0 | i_data = 00000000000000000000000000000000 | o_addr =          0 | o_one_position =  0 | o_zero_flag = 0 |
i_addr =          0 | i_data = 00000000000000000000000000000000 | o_addr =          0 | o_one_position =  0 | o_zero_flag = 0 |
i_addr =          0 | i_data = 00000000000000000000000000000000 | o_addr =          0 | o_one_position =  0 | o_zero_flag = 0 |
i_addr =          0 | i_data = 00000000000000000000000000000000 | o_addr =          0 | o_one_position =  0 | o_zero_flag = 0 |
i_addr =          0 | i_data = 00000000000000000000000000000000 | o_addr =          0 | o_one_position =  0 | o_zero_flag = 0 |
i_addr =          0 | i_data = 00000000000000000000000000000000 | o_addr =          0 | o_one_position =  0 | o_zero_flag = 0 |
i_addr =          0 | i_data = 00000000000000000000000000000000 | o_addr =          0 | o_one_position =  0 | o_zero_flag = 0 |
i_addr =          0 | i_data = 00000000000000000000000000000000 | o_addr =          0 | o_one_position =  0 | o_zero_flag = 0 |
i_addr =          0 | i_data = 00000000000000000000000000000000 | o_addr =          0 | o_one_position =  0 | o_zero_flag = 0 |
i_addr =          0 | i_data = 00000000000000000000000000000000 | o_addr =          0 | o_one_position =  0 | o_zero_flag = 0 |
i_addr =          0 | i_data = 00000000000000000000000000000000 | o_addr =          0 | o_one_position =  0 | o_zero_flag = 0 |
i_addr =          0 | i_data = 00000000000000000000000000000000 | o_addr =          0 | o_one_position =  0 | o_zero_flag = 0 |
i_addr =          0 | i_data = 00000000000000000000000000000000 | o_addr =          0 | o_one_position =  0 | o_zero_flag = 0 |
i_addr =          0 | i_data = 00000000000000000000000000000000 | o_addr =          0 | o_one_position =  0 | o_zero_flag = 0 |
i_addr =          0 | i_data = 00000000000000000000000000000000 | o_addr =          0 | o_one_position =  0 | o_zero_flag = 0 |
i_addr =          0 | i_data = 00000000000000000000000000000000 | o_addr =          0 | o_one_position =  0 | o_zero_flag = 0 |
i_addr =          0 | i_data = 00000000000000000000000000000000 | o_addr =          0 | o_one_position =  0 | o_zero_flag = 0 |
i_addr =          0 | i_data = 00000000000000000000000000000000 | o_addr =          0 | o_one_position =  0 | o_zero_flag = 1 |
i_addr =          0 | i_data = 00000000000000000000000000000000 | o_addr =          0 | o_one_position =  0 | o_zero_flag = 1 |
i_addr =          0 | i_data = 00000000000000000000000000000000 | o_addr =          0 | o_one_position =  0 | o_zero_flag = 1 |
i_addr =          0 | i_data = 00000000000000000000000000000000 | o_addr =          0 | o_one_position =  0 | o_zero_flag = 1 |
i_addr =          0 | i_data = 00000000000000000000000000000000 | o_addr =          0 | o_one_position =  0 | o_zero_flag = 1 |
i_addr =          0 | i_data = 00000000000000000000000000000000 | o_addr =          0 | o_one_position =  0 | o_zero_flag = 1 |
i_addr =          0 | i_data = 00000000000000000000000000000000 | o_addr =          0 | o_one_position =  0 | o_zero_flag = 1 |
i_addr =          0 | i_data = 00000000000000000000000000000000 | o_addr =          0 | o_one_position =  0 | o_zero_flag = 1 |
i_addr =          0 | i_data = 00000000000000000000000000000000 | o_addr =          0 | o_one_position =  0 | o_zero_flag = 1 |
i_addr =          0 | i_data = 00000000000000000000000000000000 | o_addr =          0 | o_one_position =  0 | o_zero_flag = 1 |
i_addr =          0 | i_data = 00000000000000000000000000000000 | o_addr =          0 | o_one_position =  0 | o_zero_flag = 1 |
i_addr =          0 | i_data = 00000000000000000000000000000000 | o_addr =          0 | o_one_position =  0 | o_zero_flag = 1 |
i_addr =          0 | i_data = 00000000000000000000000000000000 | o_addr =          0 | o_one_position =  0 | o_zero_flag = 1 |
i_addr =          0 | i_data = 00000000000000000000000000000000 | o_addr =          0 | o_one_position =  0 | o_zero_flag = 1 |
i_addr =          0 | i_data = 00000000000000000000000000000000 | o_addr =          0 | o_one_position =  0 | o_zero_flag = 1 |
i_addr =          0 | i_data = 00000000000000000000000000000000 | o_addr =          0 | o_one_position =  0 | o_zero_flag = 1 |
i_addr =          0 | i_data = 00000000000000000000000000000000 | o_addr =          0 | o_one_position =  0 | o_zero_flag = 1 |
i_addr =          0 | i_data = 00000000000000000000000000000000 | o_addr =          0 | o_one_position =  0 | o_zero_flag = 1 |
i_addr =          0 | i_data = 00000000000000000000000000000000 | o_addr =          0 | o_one_position =  0 | o_zero_flag = 1 |
i_addr =          0 | i_data = 00000000000000000000000000000000 | o_addr =          0 | o_one_position =  0 | o_zero_flag = 1 |
i_addr =          0 | i_data = 00000000000000000000000000000000 | o_addr =          0 | o_one_position =  0 | o_zero_flag = 1 |
i_addr =          0 | i_data = 00000000000000000000000000000000 | o_addr =          0 | o_one_position =  0 | o_zero_flag = 1 |
i_addr =          0 | i_data = 00000000000000000000000000000000 | o_addr =          0 | o_one_position =  0 | o_zero_flag = 1 |
i_addr =          0 | i_data = 00000000000000000000000000000000 | o_addr =          0 | o_one_position =  0 | o_zero_flag = 1 |
i_addr =          0 | i_data = 00000000000000000000000000000000 | o_addr =          0 | o_one_position =  0 | o_zero_flag = 1 |
i_addr =          0 | i_data = 00000000000000000000000000000000 | o_addr =          0 | o_one_position =  0 | o_zero_flag = 1 |
i_addr =          0 | i_data = 00000000000000000000000000000000 | o_addr =          0 | o_one_position =  0 | o_zero_flag = 1 |
i_addr =          0 | i_data = 00000000000000000000000000000000 | o_addr =          0 | o_one_position =  0 | o_zero_flag = 1 |
i_addr =          0 | i_data = 00000000000000000000000000000000 | o_addr =          0 | o_one_position =  0 | o_zero_flag = 1 |
i_addr =          0 | i_data = 00000000000000000000000000000000 | o_addr =          0 | o_one_position =  0 | o_zero_flag = 1 |
i_addr =          0 | i_data = 00000000000000000000000000000000 | o_addr =          0 | o_one_position =  0 | o_zero_flag = 1 |
i_addr =          0 | i_data = 00000000000000000000000000000000 | o_addr =          0 | o_one_position =  0 | o_zero_flag = 1 |
i_addr =          0 | i_data = 00000000000000000000000000000000 | o_addr =          0 | o_one_position =  0 | o_zero_flag = 1 |
i_addr =          0 | i_data = 00000000000000000000000000000000 | o_addr =          0 | o_one_position =  0 | o_zero_flag = 1 |
i_addr =          0 | i_data = 00000000000000000000000000000000 | o_addr =          0 | o_one_position =  0 | o_zero_flag = 1 |
i_addr =          0 | i_data = 00000000000000000000000000000000 | o_addr =          0 | o_one_position =  0 | o_zero_flag = 1 |
i_addr =          0 | i_data = 00000000000000000000000000000000 | o_addr =          0 | o_one_position =  0 | o_zero_flag = 1 |
i_addr =          0 | i_data = 00000000000000000000000000000000 | o_addr =          0 | o_one_position =  0 | o_zero_flag = 1 |
i_addr =          0 | i_data = 00000000000000000000000000000000 | o_addr =          0 | o_one_position =  0 | o_zero_flag = 1 |
i_addr =          0 | i_data = 00000000000000000000000000000000 | o_addr =          0 | o_one_position =  0 | o_zero_flag = 1 |
i_addr =          0 | i_data = 00000000000000000000000000000000 | o_addr =          0 | o_one_position =  0 | o_zero_flag = 1 |
i_addr =          0 | i_data = 00000000000000000000000000000000 | o_addr =          0 | o_one_position =  0 | o_zero_flag = 1 |
i_addr =          0 | i_data = 00000000000000000000000000000000 | o_addr =          0 | o_one_position =  0 | o_zero_flag = 1 |
i_addr =          0 | i_data = 00000000000000000000000000000000 | o_addr =          0 | o_one_position =  0 | o_zero_flag = 1 |
i_addr =          0 | i_data = 00000000000000000000000000000000 | o_addr =          0 | o_one_position =  0 | o_zero_flag = 1 |
i_addr =          0 | i_data = 00000000000000000000000000000000 | o_addr =          0 | o_one_position =  0 | o_zero_flag = 1 |
i_addr =          0 | i_data = 00000000000000000000000000000000 | o_addr =          0 | o_one_position =  0 | o_zero_flag = 1 |
i_addr =          0 | i_data = 00000000000000000000000000000000 | o_addr =          0 | o_one_position =  0 | o_zero_flag = 1 |
i_addr =          0 | i_data = 00000000000000000000000000000000 | o_addr =          0 | o_one_position =  0 | o_zero_flag = 1 |
i_addr =          0 | i_data = 00000000000000000000000000000000 | o_addr =          0 | o_one_position =  0 | o_zero_flag = 1 |
i_addr =          0 | i_data = 00000000000000000000000000000000 | o_addr =          0 | o_one_position =  0 | o_zero_flag = 1 |
i_addr =          3 | i_data = 00000000000000000000000000011101 | o_addr =          0 | o_one_position =  0 | o_zero_flag = 1 |
i_addr =          3 | i_data = 00000000000000000000000000011101 | o_addr =          0 | o_one_position =  0 | o_zero_flag = 1 |
i_addr =          3 | i_data = 00000000000000000000000000011101 | o_addr =          0 | o_one_position =  0 | o_zero_flag = 1 |
i_addr =          3 | i_data = 00000000000000000000000000011101 | o_addr =          0 | o_one_position =  0 | o_zero_flag = 1 |
i_addr =          3 | i_data = 00000000000000000000000000011101 | o_addr =          0 | o_one_position =  0 | o_zero_flag = 1 |
i_addr =          3 | i_data = 00000000000000000000000000011101 | o_addr =          0 | o_one_position =  0 | o_zero_flag = 1 |
i_addr =          3 | i_data = 00000000000000000000000000011101 | o_addr =          0 | o_one_position =  0 | o_zero_flag = 1 |
i_addr =          3 | i_data = 00000000000000000000000000000010 | o_addr =          0 | o_one_position =  0 | o_zero_flag = 1 |
i_addr =          3 | i_data = 00000000000000000000000000000010 | o_addr =          0 | o_one_position =  0 | o_zero_flag = 1 |
i_addr =          3 | i_data = 00000000000000000000000000000010 | o_addr =          0 | o_one_position =  0 | o_zero_flag = 1 |
i_addr =          3 | i_data = 00000000000000000000000000000010 | o_addr =          0 | o_one_position =  0 | o_zero_flag = 1 |
i_addr =          3 | i_data = 00000000000000000000000000000010 | o_addr =          0 | o_one_position =  0 | o_zero_flag = 1 |
i_addr =          3 | i_data = 00000000000000000000000000000010 | o_addr =          0 | o_one_position =  0 | o_zero_flag = 1 |
i_addr =          3 | i_data = 00000000000000000000000000000010 | o_addr =          3 | o_one_position =  4 | o_zero_flag = 0 |
i_addr =          3 | i_data = 00000000000000000000000000000010 | o_addr =          3 | o_one_position =  4 | o_zero_flag = 0 |
i_addr =          3 | i_data = 00000000000000000000000000000010 | o_addr =          3 | o_one_position =  4 | o_zero_flag = 0 |
i_addr =          3 | i_data = 00000000000000000000000000000010 | o_addr =          3 | o_one_position =  4 | o_zero_flag = 0 |
i_addr =          3 | i_data = 00000000000000000000000000000010 | o_addr =          3 | o_one_position =  4 | o_zero_flag = 0 |
i_addr =          3 | i_data = 00000000000000000000000000000010 | o_addr =          3 | o_one_position =  1 | o_zero_flag = 0 |
i_addr =          3 | i_data = 00000000000000000000000000000010 | o_addr =          3 | o_one_position =  1 | o_zero_flag = 0 |
i_addr =          3 | i_data = 00000000000000000000000000000010 | o_addr =          3 | o_one_position =  1 | o_zero_flag = 0 |
i_addr =          3 | i_data = 00000000000000000000000000000010 | o_addr =          3 | o_one_position =  1 | o_zero_flag = 0 |
i_addr =          3 | i_data = 00000000000000000000000000000010 | o_addr =          3 | o_one_position =  1 | o_zero_flag = 0 |
i_addr =          3 | i_data = 00000000000000000000000000000010 | o_addr =          3 | o_one_position =  1 | o_zero_flag = 0 |
i_addr =          3 | i_data = 00000000000000000000000000000010 | o_addr =          3 | o_one_position =  1 | o_zero_flag = 0 |
i_addr =          3 | i_data = 00000000000000000000000000000010 | o_addr =          3 | o_one_position =  1 | o_zero_flag = 0 |
i_addr =          3 | i_data = 00000000000000000000000000000010 | o_addr =          3 | o_one_position =  1 | o_zero_flag = 0 |
i_addr =          3 | i_data = 00000000000000000000000000000010 | o_addr =          3 | o_one_position =  1 | o_zero_flag = 0 |
i_addr =          3 | i_data = 00000000000000000000000000000010 | o_addr =          3 | o_one_position =  1 | o_zero_flag = 0 |
i_addr =          3 | i_data = 00000000000000000000000000000010 | o_addr =          3 | o_one_position =  1 | o_zero_flag = 0 |
i_addr =          3 | i_data = 00000000000000000000000000000010 | o_addr =          3 | o_one_position =  1 | o_zero_flag = 0 |
i_addr =          3 | i_data = 00000000000000000000000000000010 | o_addr =          3 | o_one_position =  1 | o_zero_flag = 0 |
i_addr =          3 | i_data = 00000000000000000000000000000010 | o_addr =          3 | o_one_position =  1 | o_zero_flag = 0 |
i_addr =          3 | i_data = 00000000000000000000000000000010 | o_addr =          3 | o_one_position =  1 | o_zero_flag = 0 |
i_addr =          3 | i_data = 00000000000000000000000000000010 | o_addr =          3 | o_one_position =  1 | o_zero_flag = 0 |
i_addr =          3 | i_data = 00000000000000000000000000000010 | o_addr =          3 | o_one_position =  1 | o_zero_flag = 0 |
i_addr =          3 | i_data = 00000000000000000000000000000010 | o_addr =          3 | o_one_position =  1 | o_zero_flag = 0 |
i_addr =          3 | i_data = 00000000000000000000000000000010 | o_addr =          3 | o_one_position =  1 | o_zero_flag = 0 |
i_addr =          3 | i_data = 00000000000000000000000000000010 | o_addr =          3 | o_one_position =  1 | o_zero_flag = 0 |
i_addr =          3 | i_data = 00000000000000000000000000000010 | o_addr =          3 | o_one_position =  1 | o_zero_flag = 0 |
i_addr =          3 | i_data = 00000000000000000000000000000010 | o_addr =          3 | o_one_position =  1 | o_zero_flag = 0 |
i_addr =          3 | i_data = 00000000000000000000000000000010 | o_addr =          3 | o_one_position =  1 | o_zero_flag = 0 |
i_addr =          3 | i_data = 00000000000000000000000000000010 | o_addr =          3 | o_one_position =  1 | o_zero_flag = 0 |
i_addr =          3 | i_data = 00000000000000000000000000000010 | o_addr =          3 | o_one_position =  1 | o_zero_flag = 0 |
i_addr =          3 | i_data = 00000000000000000000000000000010 | o_addr =          3 | o_one_position =  1 | o_zero_flag = 0 |
i_addr =          3 | i_data = 00000000000000000000000000000010 | o_addr =          3 | o_one_position =  1 | o_zero_flag = 0 |
i_addr =          3 | i_data = 00000000000000000000000000000010 | o_addr =          3 | o_one_position =  1 | o_zero_flag = 0 |
i_addr =          3 | i_data = 00000000000000000000000000000010 | o_addr =          3 | o_one_position =  1 | o_zero_flag = 0 |
i_addr =          3 | i_data = 00000000000000000000000000000010 | o_addr =          3 | o_one_position =  1 | o_zero_flag = 0 |
i_addr =          3 | i_data = 00000000000000000000000000000010 | o_addr =          3 | o_one_position =  1 | o_zero_flag = 0 |
i_addr =          3 | i_data = 00000000000000000000000000000010 | o_addr =          3 | o_one_position =  1 | o_zero_flag = 0 |
i_addr =          3 | i_data = 00000000000000000000000000000010 | o_addr =          3 | o_one_position =  1 | o_zero_flag = 0 |
i_addr =          3 | i_data = 00000000000000000000000000000010 | o_addr =          3 | o_one_position =  1 | o_zero_flag = 0 |
i_addr =          3 | i_data = 00000000000000000000000000000010 | o_addr =          3 | o_one_position =  1 | o_zero_flag = 0 |
i_addr =          3 | i_data = 00000000000000000000000000000010 | o_addr =          3 | o_one_position =  1 | o_zero_flag = 0 |
i_addr =          3 | i_data = 00000000000000000000000000000010 | o_addr =          3 | o_one_position =  1 | o_zero_flag = 0 |
i_addr =          3 | i_data = 00000000000000000000000000000010 | o_addr =          3 | o_one_position =  1 | o_zero_flag = 0 |
i_addr =          3 | i_data = 00000000000000000000000000000010 | o_addr =          3 | o_one_position =  1 | o_zero_flag = 0 |
i_addr =          3 | i_data = 00000000000000000000000000000010 | o_addr =          3 | o_one_position =  1 | o_zero_flag = 0 |
- LOPD_unit/tb_LOPD_unit.sv:56: Verilog $finish
i_addr =          3 | i_data = 00000000000000000000000000000010 | o_addr =          3 | o_one_position =  1 | o_zero_flag = 0 |
i_addr =          3 | i_data = 00000000000000000000000000000010 | o_addr =          3 | o_one_position =  1 | o_zero_flag = 0 |
- S i m u l a t i o n   R e p o r t: Verilator 5.024 2024-04-05
- Verilator: $finish at 320ns; walltime 0.001 s; speed 0.000 s/s
- Verilator: cpu 0.000 s on 1 threads; alloced 57 MB
