Input data A: Input data B: 
A = 5.5
	|-> Sign_A = 0
	|-> Exp_A = 129 (bias=127, exp=2)
	|-> Mant_A = 01100000000000000000000

B = 2.2
	|-> Sign_B = 0
	|-> Exp_B = 128 (bias=127, exp=1)
	|-> Mant_B = 00011001100110011001101

+ = 7.7
	|-> Sign_+ = 0
	|-> Exp_+ = 129 (bias=127, exp=2)
	|-> Mant_+ = 11101100110011001100110

- = 3.3
	|-> Sign_- = 0
	|-> Exp_- = 128 (bias=127, exp=1)
	|-> Mant_- = 10100110011001100110100

* = 12.1
	|-> Sign_* = 0
	|-> Exp_* = 130 (bias=127, exp=3)
	|-> Mant_* = 10000011001100110011001

/ = 2.5
	|-> Sign_/ = 0
	|-> Exp_/ = 128 (bias=127, exp=1)
	|-> Mant_/ = 00111111111111111111111
