Questa Intel Starter FPGA Edition-64 vlog 2024.3 Compiler 2024.09 Sep 10 2024
Start time: 00:53:45 on Nov 13,2025
vlog -f ./../Imple/UART/RX_DATA/flist.f 
-- Compiling module tb_UART_Rx_Data
-- Compiling module FIFO_Rx_Test
-- Compiling module FIFO_Tx_Test
-- Compiling module UART_baud_generator
-- Compiling module UART_detect_done
-- Compiling module UART_mem
-- Compiling module UART_Rx_Data
-- Compiling module UART_Rx_Test
-- Compiling module UART_Rx
-- Compiling module UART_SS_detect_edge
-- Compiling module UART_SS_detect_start
-- Compiling module UART_Tx_Data
-- Compiling module UART_Tx_Test
-- Compiling module UART_Tx

Top level modules:
	tb_UART_Rx_Data
	UART_Rx_Test
	UART_Tx_Data
End time: 00:53:46 on Nov 13,2025, Elapsed time: 0:00:01
Errors: 0, Warnings: 0
